#
# A fatal error has been detected by the Java Runtime Environment:
#
#  SIGSEGV (0xb) at pc=0x00007ff81063508f, pid=12583, tid=121611
#
# JRE version: OpenJDK Runtime Environment Temurin-17.0.8.1+1 (17.0.8.1+1) (build 17.0.8.1+1)
# Java VM: OpenJDK 64-Bit Server VM Temurin-17.0.8.1+1 (17.0.8.1+1, mixed mode, sharing, tiered, compressed oops, compressed class ptrs, g1 gc, bsd-amd64)
# Problematic frame:
# C  [libobjc.A.dylib+0x908f]  objc_release+0x1f
#
# No core dump will be written. Core dumps have been disabled. To enable core dumping, try "ulimit -c unlimited" before starting Java again
#
# If you would like to submit a bug report, please visit:
#   https://github.com/adoptium/adoptium-support/issues
# The crash happened outside the Java Virtual Machine in native code.
# See problematic frame for where to report the bug.
#

---------------  S U M M A R Y ------------

Command Line: -Dfile.encoding=UTF-8 --module-path=/Users/jasonsmacbookpro/Desktop/JHU/JHU 2024-2025/Game Development/Game Project/GameProgrammingProject/Perpetuality/build/classes mygame.DialogBox

Host: "MacBookPro17,1" x86_64 (EMULATED) 2400 MHz, 8 cores, 16G, Darwin 23.2.0, macOS 10.16 (23C71)
Time: Sat Nov  2 21:01:48 2024 EDT elapsed time: 3.205325 seconds (0d 0h 0m 3s)

---------------  T H R E A D  ---------------

Current thread (0x00007fe3de99cc00):  JavaThread "jME3 Main" [_thread_in_native, id=121611, stack(0x000000030bd52000,0x000000030be52000)]

Stack: [0x000000030bd52000,0x000000030be52000],  sp=0x000000030be514d8,  free space=1021k
Native frames: (J=compiled Java code, j=interpreted, Vv=VM code, C=native code)
C  [libobjc.A.dylib+0x908f]  objc_release+0x1f
C  [libobjc.A.dylib+0x9cf0]  objc_autoreleasePoolPop+0xeb
C  [CoreFoundation+0x3d291]  _CFAutoreleasePoolPop+0x16
C  [Foundation+0x1cfe1]  -[NSAutoreleasePool release]+0x85
C  [liblwjgl.dylib+0x16cce]  Java_org_lwjgl_opengl_MacOSXContextImplementation_setView+0x10e
j  org.lwjgl.opengl.MacOSXContextImplementation.setView(Ljava/nio/ByteBuffer;Ljava/nio/ByteBuffer;)V+0
j  org.lwjgl.opengl.MacOSXContextImplementation.makeCurrent(Lorg/lwjgl/opengl/PeerInfo;Ljava/nio/ByteBuffer;)V+7
j  org.lwjgl.opengl.ContextGL.makeCurrent()V+46
j  org.lwjgl.opengl.DrawableGL.makeCurrent()V+14
j  org.lwjgl.opengl.Display.makeCurrent()V+3
j  org.lwjgl.opengl.Display.makeCurrentAndSetSwapInterval()V+0
j  org.lwjgl.opengl.Display.create(Lorg/lwjgl/opengl/PixelFormat;Lorg/lwjgl/opengl/Drawable;Lorg/lwjgl/opengl/ContextAttribs;)V+108
j  org.lwjgl.opengl.Display.create(Lorg/lwjgl/opengl/PixelFormat;Lorg/lwjgl/opengl/ContextAttribs;)V+9
j  com.jme3.system.lwjgl.LwjglDisplay.createContext(Lcom/jme3/system/AppSettings;)V+427
j  com.jme3.system.lwjgl.LwjglAbstractDisplay.initInThread()Z+25
j  com.jme3.system.lwjgl.LwjglAbstractDisplay.run()V+36
j  java.lang.Thread.run()V+11 java.base@17.0.8.1
v  ~StubRoutines::call_stub
V  [libjvm.dylib+0x520e26]  JavaCalls::call_helper(JavaValue*, methodHandle const&, JavaCallArguments*, JavaThread*)+0x2b6
V  [libjvm.dylib+0x51fe87]  JavaCalls::call_virtual(JavaValue*, Klass*, Symbol*, Symbol*, JavaCallArguments*, JavaThread*)+0x147
V  [libjvm.dylib+0x51ff53]  JavaCalls::call_virtual(JavaValue*, Handle, Klass*, Symbol*, Symbol*, JavaThread*)+0x63
V  [libjvm.dylib+0x5ca794]  thread_entry(JavaThread*, JavaThread*)+0xb4
V  [libjvm.dylib+0xaacaef]  JavaThread::thread_main_inner()+0x14f
V  [libjvm.dylib+0xaaae5f]  Thread::call_run()+0xcf
V  [libjvm.dylib+0x8b3e8b]  thread_native_entry(Thread*)+0x14b
C  [libsystem_pthread.dylib+0x6202]  _pthread_start+0x63
C  [libsystem_pthread.dylib+0x1bab]  thread_start+0xf

Java frames: (J=compiled Java code, j=interpreted, Vv=VM code)
j  org.lwjgl.opengl.MacOSXContextImplementation.setView(Ljava/nio/ByteBuffer;Ljava/nio/ByteBuffer;)V+0
j  org.lwjgl.opengl.MacOSXContextImplementation.makeCurrent(Lorg/lwjgl/opengl/PeerInfo;Ljava/nio/ByteBuffer;)V+7
j  org.lwjgl.opengl.ContextGL.makeCurrent()V+46
j  org.lwjgl.opengl.DrawableGL.makeCurrent()V+14
j  org.lwjgl.opengl.Display.makeCurrent()V+3
j  org.lwjgl.opengl.Display.makeCurrentAndSetSwapInterval()V+0
j  org.lwjgl.opengl.Display.create(Lorg/lwjgl/opengl/PixelFormat;Lorg/lwjgl/opengl/Drawable;Lorg/lwjgl/opengl/ContextAttribs;)V+108
j  org.lwjgl.opengl.Display.create(Lorg/lwjgl/opengl/PixelFormat;Lorg/lwjgl/opengl/ContextAttribs;)V+9
j  com.jme3.system.lwjgl.LwjglDisplay.createContext(Lcom/jme3/system/AppSettings;)V+427
j  com.jme3.system.lwjgl.LwjglAbstractDisplay.initInThread()Z+25
j  com.jme3.system.lwjgl.LwjglAbstractDisplay.run()V+36
j  java.lang.Thread.run()V+11 java.base@17.0.8.1
v  ~StubRoutines::call_stub

siginfo: si_signo: 11 (SIGSEGV), si_code: 1 (SEGV_MAPERR), si_addr: 0x0000333ff6dc6b10

Register to memory mapping:

RAX=0x0000b33ff6dc6af0 is an unknown value
RBX=0x00007fe3de9b6000 points into unknown readable memory: 0x4f545541a1a1a1a1 | a1 a1 a1 a1 41 55 54 4f
RCX=0x00007ffffffffff8 is an unknown value
RDX=0x0000333ff6dc6af0 is an unknown value
RSP=0x000000030be514d8 is pointing into the stack for thread: 0x00007fe3de99cc00
RBP=0x000000030be51510 is pointing into the stack for thread: 0x00007fe3de99cc00
RSI=0x0100000000000000 is an unknown value
RDI=0x0000600002316af0 points into unknown readable memory: 0x0000b33ff6dc6af0 | f0 6a dc f6 3f b3 00 00
R8 =0x0f3de000009dc4e7 is an unknown value
R9 =0x00000000ffffff00 is an unknown value
R10=0x00007ff853ee1a20: OBJC_CLASS_$___NSCFType+0 in /System/Library/Frameworks/CoreFoundation.framework/Versions/A/CoreFoundation at 0x00007ff810a5f000
R11=0x00007ff810aad2e1: -[__NSCFType release]+0 in /System/Library/Frameworks/CoreFoundation.framework/Versions/A/CoreFoundation at 0x00007ff810a5f000
R12=0xa3a3a3a3a3a3a3a3 is an unknown value
R13=0x0000600002316af0 points into unknown readable memory: 0x0000b33ff6dc6af0 | f0 6a dc f6 3f b3 00 00
R14=0x00007fe3de9b6108 points into unknown readable memory: 0x0000000000000000 | 00 00 00 00 00 00 00 00
R15=0x0000000000000001 is an unknown value


Registers:
RAX=0x0000b33ff6dc6af0, RBX=0x00007fe3de9b6000, RCX=0x00007ffffffffff8, RDX=0x0000333ff6dc6af0
RSP=0x000000030be514d8, RBP=0x000000030be51510, RSI=0x0100000000000000, RDI=0x0000600002316af0
R8 =0x0f3de000009dc4e7, R9 =0x00000000ffffff00, R10=0x00007ff853ee1a20, R11=0x00007ff810aad2e1
R12=0xa3a3a3a3a3a3a3a3, R13=0x0000600002316af0, R14=0x00007fe3de9b6108, R15=0x0000000000000001
RIP=0x00007ff81063508f, EFLAGS=0x0000000000000246, ERR=0x0000000000000004
  TRAPNO=0x000000000000000e

Top of Stack: (sp=0x000000030be514d8)
0x000000030be514d8:   00007ff8106389d7 fce381c83f6d0075
0x000000030be514e8:   00007fe3de9b6108 00006000023c3780
0x000000030be514f8:   0000000172a6dea8 00007fe3de9b6000
0x000000030be51508:   00007fe3de99ceb0 000000030be51530
0x000000030be51518:   00007ff810635cf0 00007fe3de9b6108
0x000000030be51528:   00007ff830a9a7f9 000000030be51550
0x000000030be51538:   00007ff810a9c291 fce381c83f6d0075
0x000000030be51548:   00006000023c3780 000000030be51590
0x000000030be51558:   00007ff811995fe1 00007ff8533c7c40
0x000000030be51568:   0000000000000000 fce381c83f6d0075
0x000000030be51578:   00006000009da340 00006000023fd4d0
0x000000030be51588:   00007fe3de99ceb0 000000030be515c0
0x000000030be51598:   00000001f0d93cce 0000000172a6deb0
0x000000030be515a8:   0000000000000000 000000030be51658
0x000000030be515b8:   00007fe3de99cc00 000000030be51630
0x000000030be515c8:   000000011e208365 000000030be51630
0x000000030be515d8:   000000011e2080fb 000000011e2080b6
0x000000030be515e8:   000000030be515e8 0000000172a6dea8
0x000000030be515f8:   000000030be51658 0000000172a6e440
0x000000030be51608:   0000000000000000 0000000701e5a660
0x000000030be51618:   0000000172a6deb0 0000000000000000
0x000000030be51628:   000000030be51650 000000030be516a8
0x000000030be51638:   000000011e20442b 0000000701e5a660
0x000000030be51648:   000000011e205f18 0000000701e64388
0x000000030be51658:   00000007021ec720 000000030be51660
0x000000030be51668:   0000000172a6dd8f 000000030be516d8
0x000000030be51678:   0000000172a6e440 0000000000000000
0x000000030be51688:   0000000701e5a660 0000000172a6de00
0x000000030be51698:   000000030be51650 000000030be516c8
0x000000030be516a8:   000000030be51738 000000011e20488f
0x000000030be516b8:   0000000000000000 00000007021ec720
0x000000030be516c8:   0000000701e64388 00000007021ec660 

Instructions: (pc=0x00007ff81063508f)
0x00007ff810634f8f:   00 4c 89 f7 e8 02 58 02 00 48 c7 05 25 c3 b2 41
0x00007ff810634f9f:   00 00 00 00 48 85 db 74 21 48 8b 3b 4c 8b 73 08
0x00007ff810634faf:   48 85 ff 74 05 e8 48 fd ff ff 48 89 df e8 d9 57
0x00007ff810634fbf:   02 00 4c 89 f3 4d 85 f6 75 df 5b 41 5c 41 5e 41
0x00007ff810634fcf:   5f 5d c3 4c 89 f7 e8 86 47 02 00 48 89 c3 65 8b
0x00007ff810634fdf:   04 25 18 00 00 00 f0 44 0f b1 25 26 f6 b2 41 74
0x00007ff810634fef:   0c 48 8d 3d 1d f6 b2 41 e8 40 58 02 00 48 89 df
0x00007ff810634fff:   e8 5e 56 02 00 90 e9 02 00 00 00 90 90 40 f6 c7
0x00007ff81063500f:   01 75 4e 48 8b 07 a8 01 74 34 48 b9 00 00 00 00
0x00007ff81063501f:   00 00 00 01 48 89 c2 48 c1 ea 37 74 34 48 89 c2
0x00007ff81063502f:   48 01 ca 72 12 f0 48 0f b1 17 74 25 a8 01 75 e4
0x00007ff81063503f:   31 f6 e9 fa 35 02 00 31 f6 e9 3b 73 00 00 48 b9
0x00007ff81063504f:   f8 ff ff ff ff 7f 00 00 48 21 c8 f6 40 1e 01 74
0x00007ff81063505f:   df 48 89 f8 c3 90 90 90 90 90 90 90 90 90 90 90
0x00007ff81063506f:   90 48 85 ff 74 6f 89 f8 83 e0 01 75 68 48 b9 f8
0x00007ff81063507f:   ff ff ff ff 7f 00 00 48 8b 07 48 89 c2 48 21 ca
0x00007ff81063508f:   48 8b 72 20 40 f6 c6 04 74 4c a8 01 74 67 48 ba
0x00007ff81063509f:   00 00 00 00 00 00 80 00 48 be 00 00 00 00 00 00
0x00007ff8106350af:   00 01 48 39 d0 72 2e 49 89 c0 49 29 f0 72 17 f0
0x00007ff8106350bf:   4c 0f b1 07 74 1a a8 01 75 e8 31 f6 ba 01 00 00
0x00007ff8106350cf:   00 e9 47 31 02 00 be 01 00 00 00 e9 79 98 00 00
0x00007ff8106350df:   49 39 d0 72 28 c3 66 83 7a 1e 00 79 0b 83 e6 02
0x00007ff8106350ef:   74 06 f6 42 28 02 75 3b 48 8b 35 aa 0a f9 3f ff
0x00007ff8106350ff:   25 04 f2 f8 3f f6 42 1e 01 74 bf eb d8 48 23 0f
0x00007ff81063510f:   0f b7 41 1e 0f ba e0 0c 48 8d 05 8a 09 f9 3f 48
0x00007ff81063511f:   8d 0d 23 09 f9 3f 48 0f 43 c8 48 8b 31 ff 25 d6
0x00007ff81063512f:   f1 f8 3f 48 8b 05 97 bf b2 41 ff e0 90 e9 04 00
0x00007ff81063513f:   00 00 90 90 90 90 55 48 89 e5 53 50 48 89 fb f6
0x00007ff81063514f:   c3 01 75 21 48 b8 07 00 00 00 00 00 a0 00 48 23
0x00007ff81063515f:   03 48 83 f8 01 75 15 48 89 df 48 83 c4 08 5b 5d
0x00007ff81063516f:   e9 26 56 02 00 48 83 c4 08 5b 5d c3 48 89 df e8
0x00007ff81063517f:   09 00 00 00 eb e1 90 90 90 90 90 90 90 55 48 89 


Stack slot to memory mapping:
stack at sp + 0 slots: 0x00007ff8106389d7: _ZN19AutoreleasePoolPage12releaseUntilEPP11objc_object+0xa9 in /usr/lib/libobjc.A.dylib at 0x00007ff81062c000
stack at sp + 1 slots: 0xfce381c83f6d0075 is an unknown value
stack at sp + 2 slots: 0x00007fe3de9b6108 points into unknown readable memory: 0x0000000000000000 | 00 00 00 00 00 00 00 00
stack at sp + 3 slots: 0x00006000023c3780 points into unknown readable memory: 0x011dfff853ee7ad1 | d1 7a ee 53 f8 ff 1d 01
stack at sp + 4 slots: 0x0000000172a6dea8 is pointing into metadata
stack at sp + 5 slots: 0x00007fe3de9b6000 points into unknown readable memory: 0x4f545541a1a1a1a1 | a1 a1 a1 a1 41 55 54 4f
stack at sp + 6 slots: 0x00007fe3de99ceb0 points into unknown readable memory: 0x000000010d4bf898 | 98 f8 4b 0d 01 00 00 00
stack at sp + 7 slots: 0x000000030be51530 is pointing into the stack for thread: 0x00007fe3de99cc00


---------------  P R O C E S S  ---------------

Threads class SMR info:
_java_thread_list=0x0000600002d71fc0, length=20, elements={
0x00007fe3e005c400, 0x00007fe3cf030a00, 0x00007fe3cf031000, 0x00007fe3cf031600,
0x00007fe3cf031c00, 0x00007fe3cf032200, 0x00007fe3df881c00, 0x00007fe3df881400,
0x00007fe3e0061400, 0x00007fe3df8cc400, 0x00007fe3e0116e00, 0x00007fe3df93b800,
0x00007fe3cf198200, 0x00007fe3cf18a800, 0x00007fe3e0160c00, 0x00007fe3df99d000,
0x00007fe3de8ac000, 0x00007fe3dfba9400, 0x00007fe3de99cc00, 0x00007fe3df94c600
}

Java Threads: ( => current thread )
  0x00007fe3e005c400 JavaThread "Reference Handler" daemon [_thread_blocked, id=32331, stack(0x000000030a0c3000,0x000000030a1c3000)]
  0x00007fe3cf030a00 JavaThread "Finalizer" daemon [_thread_blocked, id=31747, stack(0x000000030a1c6000,0x000000030a2c6000)]
  0x00007fe3cf031000 JavaThread "Signal Dispatcher" daemon [_thread_blocked, id=24323, stack(0x000000030a3d7000,0x000000030a4d7000)]
  0x00007fe3cf031600 JavaThread "Service Thread" daemon [_thread_blocked, id=28931, stack(0x000000030a4da000,0x000000030a5da000)]
  0x00007fe3cf031c00 JavaThread "Monitor Deflation Thread" daemon [_thread_blocked, id=24579, stack(0x000000030a5dd000,0x000000030a6dd000)]
  0x00007fe3cf032200 JavaThread "C2 CompilerThread0" daemon [_thread_blocked, id=28419, stack(0x000000030a6e0000,0x000000030a7e0000)]
  0x00007fe3df881c00 JavaThread "C1 CompilerThread0" daemon [_thread_blocked, id=25347, stack(0x000000030a7e3000,0x000000030a8e3000)]
  0x00007fe3df881400 JavaThread "Sweeper thread" daemon [_thread_blocked, id=28163, stack(0x000000030a8e6000,0x000000030a9e6000)]
  0x00007fe3e0061400 JavaThread "Common-Cleaner" daemon [_thread_blocked, id=25887, stack(0x000000030a9e9000,0x000000030aae9000)]
  0x00007fe3df8cc400 JavaThread "Notification Thread" daemon [_thread_blocked, id=26659, stack(0x000000030aaec000,0x000000030abec000)]
  0x00007fe3e0116e00 JavaThread "AppKit Thread" daemon [_thread_in_native, id=259, stack(0x000000030912b000,0x000000030992b000)]
  0x00007fe3df93b800 JavaThread "AWT-Shutdown" [_thread_blocked, id=63251, stack(0x000000030ad7b000,0x000000030ae7b000)]
  0x00007fe3cf198200 JavaThread "AWT-EventQueue-0" [_thread_blocked, id=75011, stack(0x000000030b122000,0x000000030b222000)]
  0x00007fe3cf18a800 JavaThread "Java2D Queue Flusher" daemon [_thread_blocked, id=75495, stack(0x000000030b225000,0x000000030b325000)]
  0x00007fe3e0160c00 JavaThread "Java2D Disposer" daemon [_thread_blocked, id=91143, stack(0x000000030b328000,0x000000030b428000)]
  0x00007fe3df99d000 JavaThread "Timer-0" daemon [_thread_blocked, id=128775, stack(0x000000030b42b000,0x000000030b52b000)]
  0x00007fe3de8ac000 JavaThread "Image Fetcher 0" daemon [_thread_blocked, id=90399, stack(0x000000030b52e000,0x000000030b62e000)]
  0x00007fe3dfba9400 JavaThread "TimerQueue" daemon [_thread_blocked, id=116747, stack(0x000000030b631000,0x000000030b731000)]
=>0x00007fe3de99cc00 JavaThread "jME3 Main" [_thread_in_native, id=121611, stack(0x000000030bd52000,0x000000030be52000)]
  0x00007fe3df94c600 JavaThread "DestroyJavaVM" [_thread_blocked, id=11011, stack(0x00000003099ae000,0x0000000309aae000)]

Other Threads:
  0x00007fe3de70cec0 VMThread "VM Thread" [stack: 0x0000000309fc0000,0x000000030a0c0000] [id=22019]
  0x00007fe3de726c40 WatcherThread [stack: 0x000000030abef000,0x000000030acef000] [id=33027]
  0x00007fe3de707b70 GCTaskThread "GC Thread#0" [stack: 0x0000000309ab1000,0x0000000309bb1000] [id=16899]
  0x00007fe3de7a14d0 GCTaskThread "GC Thread#1" [stack: 0x000000030b843000,0x000000030b943000] [id=102315]
  0x00007fe3de766ab0 GCTaskThread "GC Thread#2" [stack: 0x000000030b946000,0x000000030ba46000] [id=102403]
  0x00007fe37e74f570 GCTaskThread "GC Thread#3" [stack: 0x000000030ba49000,0x000000030bb49000] [id=102915]
  0x00007fe37e74f9f0 GCTaskThread "GC Thread#4" [stack: 0x000000030bb4c000,0x000000030bc4c000] [id=103427]
  0x00007fe37e74fec0 GCTaskThread "GC Thread#5" [stack: 0x000000030bc4f000,0x000000030bd4f000] [id=103939]
  0x00007fe3de708220 ConcurrentGCThread "G1 Main Marker" [stack: 0x0000000309bb4000,0x0000000309cb4000] [id=21251]
  0x00007fe3de708aa0 ConcurrentGCThread "G1 Conc#0" [stack: 0x0000000309cb7000,0x0000000309db7000] [id=20483]
  0x00007fe3df2046c0 ConcurrentGCThread "G1 Refine#0" [stack: 0x0000000309dba000,0x0000000309eba000] [id=17667]
  0x00007fe3df204f60 ConcurrentGCThread "G1 Service" [stack: 0x0000000309ebd000,0x0000000309fbd000] [id=19971]

Threads with active compile tasks:

VM state: not at safepoint (normal execution)

VM Mutex/Monitor currently owned by a thread: None

Heap address: 0x0000000700000000, size: 4096 MB, Compressed Oops mode: Zero based, Oop shift amount: 3

CDS archive(s) mapped at: [0x0000000131000000-0x0000000131bdf000-0x0000000131bdf000), size 12447744, SharedBaseAddress: 0x0000000131000000, ArchiveRelocationMode: 1.
Compressed class space mapped at: 0x0000000132000000-0x0000000172000000, reserved size: 1073741824
Narrow klass base: 0x0000000131000000, Narrow klass shift: 0, Narrow klass range: 0x100000000

GC Precious Log:
 CPUs: 8 total, 8 available
 Memory: 16384M
 Large Page Support: Disabled
 NUMA Support: Disabled
 Compressed Oops: Enabled (Zero based)
 Heap Region Size: 2M
 Heap Min Capacity: 8M
 Heap Initial Capacity: 256M
 Heap Max Capacity: 4G
 Pre-touch: Disabled
 Parallel Workers: 8
 Concurrent Workers: 2
 Concurrent Refinement Workers: 8
 Periodic GC: Disabled

Heap:
 garbage-first heap   total 40960K, used 12188K [0x0000000700000000, 0x0000000800000000)
  region size 2048K, 3 young (6144K), 0 survivors (0K)
 Metaspace       used 12345K, committed 12608K, reserved 1114112K
  class space    used 1479K, committed 1600K, reserved 1048576K

Heap Regions: E=young(eden), S=young(survivor), O=old, HS=humongous(starts), HC=humongous(continues), CS=collection set, F=free, OA=open archive, CA=closed archive, TAMS=top-at-mark-start (previous, next)
|   0|0x0000000700000000, 0x0000000700200000, 0x0000000700200000|100%|HS|  |TAMS 0x0000000700200000, 0x0000000700000000| Untracked 
|   1|0x0000000700200000, 0x00000007003fee88, 0x0000000700400000| 99%| O|  |TAMS 0x0000000700200000, 0x0000000700200000| Untracked 
|   2|0x0000000700400000, 0x00000007005a8898, 0x0000000700600000| 82%| O|  |TAMS 0x0000000700400000, 0x0000000700400000| Untracked 
|   3|0x0000000700600000, 0x0000000700649a38, 0x0000000700800000| 14%| O|  |TAMS 0x0000000700600000, 0x0000000700600000| Untracked 
|   4|0x0000000700800000, 0x0000000700800000, 0x0000000700a00000|  0%| F|  |TAMS 0x0000000700800000, 0x0000000700800000| Untracked 
|   5|0x0000000700a00000, 0x0000000700a00000, 0x0000000700c00000|  0%| F|  |TAMS 0x0000000700a00000, 0x0000000700a00000| Untracked 
|   6|0x0000000700c00000, 0x0000000700c00000, 0x0000000700e00000|  0%| F|  |TAMS 0x0000000700c00000, 0x0000000700c00000| Untracked 
|   7|0x0000000700e00000, 0x0000000700e00000, 0x0000000701000000|  0%| F|  |TAMS 0x0000000700e00000, 0x0000000700e00000| Untracked 
|   8|0x0000000701000000, 0x0000000701000000, 0x0000000701200000|  0%| F|  |TAMS 0x0000000701000000, 0x0000000701000000| Untracked 
|   9|0x0000000701200000, 0x0000000701200000, 0x0000000701400000|  0%| F|  |TAMS 0x0000000701200000, 0x0000000701200000| Untracked 
|  10|0x0000000701400000, 0x0000000701400000, 0x0000000701600000|  0%| F|  |TAMS 0x0000000701400000, 0x0000000701400000| Untracked 
|  11|0x0000000701600000, 0x0000000701600000, 0x0000000701800000|  0%| F|  |TAMS 0x0000000701600000, 0x0000000701600000| Untracked 
|  12|0x0000000701800000, 0x0000000701800000, 0x0000000701a00000|  0%| F|  |TAMS 0x0000000701800000, 0x0000000701800000| Untracked 
|  13|0x0000000701a00000, 0x0000000701a00000, 0x0000000701c00000|  0%| F|  |TAMS 0x0000000701a00000, 0x0000000701a00000| Untracked 
|  14|0x0000000701c00000, 0x0000000701c00000, 0x0000000701e00000|  0%| F|  |TAMS 0x0000000701c00000, 0x0000000701c00000| Untracked 
|  15|0x0000000701e00000, 0x0000000701e746e0, 0x0000000702000000| 22%| E|  |TAMS 0x0000000701e00000, 0x0000000701e00000| Complete 
|  16|0x0000000702000000, 0x0000000702200000, 0x0000000702200000|100%| E|CS|TAMS 0x0000000702000000, 0x0000000702000000| Complete 
|  17|0x0000000702200000, 0x0000000702400000, 0x0000000702400000|100%| E|CS|TAMS 0x0000000702200000, 0x0000000702200000| Complete 
|2046|0x00000007ffc00000, 0x00000007ffd76000, 0x00000007ffe00000| 73%|OA|  |TAMS 0x00000007ffd76000, 0x00000007ffc00000| Untracked 
|2047|0x00000007ffe00000, 0x00000007ffe80000, 0x0000000800000000| 25%|CA|  |TAMS 0x00000007ffe00000, 0x00000007ffe00000| Untracked 

Card table byte_map: [0x000000010be45000,0x000000010c645000] _byte_map_base: 0x0000000108645000

Marking Bits (Prev, Next): (CMBitMap*) 0x00007fe3df822610, (CMBitMap*) 0x00007fe3df822650
 Prev Bits: [0x00000001264c4000, 0x000000012a4c4000)
 Next Bits: [0x000000012a4c4000, 0x000000012e4c4000)

Polling page: 0x0000000102c0f000

Metaspace:

Usage:
  Non-class:     10.61 MB used.
      Class:      1.44 MB used.
       Both:     12.06 MB used.

Virtual space:
  Non-class space:       64.00 MB reserved,      10.75 MB ( 17%) committed,  1 nodes.
      Class space:        1.00 GB reserved,       1.56 MB ( <1%) committed,  1 nodes.
             Both:        1.06 GB reserved,      12.31 MB (  1%) committed. 

Chunk freelists:
   Non-Class:  4.55 MB
       Class:  14.48 MB
        Both:  19.03 MB

MaxMetaspaceSize: unlimited
CompressedClassSpaceSize: 1.00 GB
Initial GC threshold: 21.00 MB
Current GC threshold: 21.00 MB
CDS: on
MetaspaceReclaimPolicy: balanced
 - commit_granule_bytes: 65536.
 - commit_granule_words: 8192.
 - virtual_space_node_default_size: 8388608.
 - enlarge_chunks_in_place: 1.
 - new_chunks_are_fully_committed: 0.
 - uncommit_free_chunks: 1.
 - use_allocation_guard: 0.
 - handle_deallocations: 1.


Internal statistics:

num_allocs_failed_limit: 0.
num_arena_births: 156.
num_arena_deaths: 0.
num_vsnodes_births: 2.
num_vsnodes_deaths: 0.
num_space_committed: 197.
num_space_uncommitted: 0.
num_chunks_returned_to_freelist: 0.
num_chunks_taken_from_freelist: 263.
num_chunk_merges: 0.
num_chunk_splits: 168.
num_chunks_enlarged: 111.
num_inconsistent_stats: 0.

CodeHeap 'non-profiled nmethods': size=120028Kb used=447Kb max_used=447Kb free=119580Kb
 bounds [0x000000011e78d000, 0x000000011e9fd000, 0x0000000125cc4000]
CodeHeap 'profiled nmethods': size=120028Kb used=2509Kb max_used=2509Kb free=117518Kb
 bounds [0x0000000116cc4000, 0x0000000116f44000, 0x000000011e1fb000]
CodeHeap 'non-nmethods': size=5704Kb used=1339Kb max_used=1350Kb free=4364Kb
 bounds [0x000000011e1fb000, 0x000000011e46b000, 0x000000011e78d000]
 total_blobs=2192 nmethods=1499 adapters=608
 compilation: enabled
              stopped_count=0, restarted_count=0
 full_count=0

Compilation events (20 events):
Event: 3.190 Thread 0x00007fe3df881c00 1489       3       java.lang.reflect.ReflectAccess::getRoot (5 bytes)
Event: 3.190 Thread 0x00007fe3df881c00 nmethod 1489 0x0000000116f33990 code [0x0000000116f33b40, 0x0000000116f33d00]
Event: 3.190 Thread 0x00007fe3df881c00 1490       1       java.lang.reflect.Field::getType (5 bytes)
Event: 3.190 Thread 0x00007fe3df881c00 nmethod 1490 0x000000011e7fc710 code [0x000000011e7fc8a0, 0x000000011e7fc970]
Event: 3.190 Thread 0x00007fe3df881c00 1491       1       java.lang.reflect.Field::getRoot (5 bytes)
Event: 3.190 Thread 0x00007fe3df881c00 nmethod 1491 0x000000011e7fca10 code [0x000000011e7fcba0, 0x000000011e7fcc70]
Event: 3.190 Thread 0x00007fe3df881c00 1493       3       jdk.internal.loader.ClassLoaders$AppClassLoader::loadClass (40 bytes)
Event: 3.191 Thread 0x00007fe3df881c00 nmethod 1493 0x0000000116f33e10 code [0x0000000116f34060, 0x0000000116f34990]
Event: 3.191 Thread 0x00007fe3df881c00 1494       3       java.lang.Short::valueOf (37 bytes)
Event: 3.191 Thread 0x00007fe3df881c00 nmethod 1494 0x0000000116f34d10 code [0x0000000116f34ee0, 0x0000000116f351f0]
Event: 3.192 Thread 0x00007fe3df881c00 1495       3       java.lang.Short::hashCode (8 bytes)
Event: 3.192 Thread 0x00007fe3df881c00 nmethod 1495 0x0000000116f35310 code [0x0000000116f354c0, 0x0000000116f35610]
Event: 3.192 Thread 0x00007fe3df881c00 1496       3       java.nio.Buffer::remaining (20 bytes)
Event: 3.192 Thread 0x00007fe3df881c00 nmethod 1496 0x0000000116f35710 code [0x0000000116f358c0, 0x0000000116f35a50]
Event: 3.193 Thread 0x00007fe3df881c00 1497   !   3       java.util.zip.ZipFile$ZipFileInputStream::read (135 bytes)
Event: 3.194 Thread 0x00007fe3df881c00 nmethod 1497 0x0000000116f35b10 code [0x0000000116f35d20, 0x0000000116f363b0]
Event: 3.194 Thread 0x00007fe3df881c00 1498       3       java.util.zip.ZipFile::ensureOpenOrZipException (19 bytes)
Event: 3.194 Thread 0x00007fe3df881c00 nmethod 1498 0x0000000116f36710 code [0x0000000116f368c0, 0x0000000116f36a80]
Event: 3.194 Thread 0x00007fe3df881c00 1499   !   3       java.util.zip.ZipFile$Source::readAt (39 bytes)
Event: 3.194 Thread 0x00007fe3df881c00 nmethod 1499 0x0000000116f36b90 code [0x0000000116f36d80, 0x0000000116f37200]

GC Heap History (4 events):
Event: 2.924 GC heap before
{Heap before GC invocations=0 (full 0):
 garbage-first heap   total 266240K, used 16344K [0x0000000700000000, 0x0000000800000000)
  region size 2048K, 7 young (14336K), 0 survivors (0K)
 Metaspace       used 11260K, committed 11456K, reserved 1114112K
  class space    used 1366K, committed 1472K, reserved 1048576K
}
Event: 2.941 GC heap after
{Heap after GC invocations=1 (full 1):
 garbage-first heap   total 61440K, used 8092K [0x0000000700000000, 0x0000000800000000)
  region size 2048K, 0 young (0K), 0 survivors (0K)
 Metaspace       used 11260K, committed 11456K, reserved 1114112K
  class space    used 1366K, committed 1472K, reserved 1048576K
}
Event: 2.942 GC heap before
{Heap before GC invocations=1 (full 1):
 garbage-first heap   total 61440K, used 8092K [0x0000000700000000, 0x0000000800000000)
  region size 2048K, 1 young (2048K), 0 survivors (0K)
 Metaspace       used 11260K, committed 11456K, reserved 1114112K
  class space    used 1366K, committed 1472K, reserved 1048576K
}
Event: 2.948 GC heap after
{Heap after GC invocations=2 (full 2):
 garbage-first heap   total 40960K, used 8092K [0x0000000700000000, 0x0000000800000000)
  region size 2048K, 0 young (0K), 0 survivors (0K)
 Metaspace       used 11260K, committed 11456K, reserved 1114112K
  class space    used 1366K, committed 1472K, reserved 1048576K
}

Dll operation events (11 events):
Event: 0.009 Loaded shared library /Applications/jmonkeyplatform.app/Contents/Resources/jmonkeyplatform/jdk/lib/libjava.dylib
Event: 0.057 Loaded shared library /Applications/jmonkeyplatform.app/Contents/Resources/jmonkeyplatform/jdk/lib/libnio.dylib
Event: 0.165 Loaded shared library /Applications/jmonkeyplatform.app/Contents/Resources/jmonkeyplatform/jdk/lib/libzip.dylib
Event: 0.220 Loaded shared library /Applications/jmonkeyplatform.app/Contents/Resources/jmonkeyplatform/jdk/lib/libjimage.dylib
Event: 0.316 Loaded shared library /Applications/jmonkeyplatform.app/Contents/Resources/jmonkeyplatform/jdk/lib/libawt.dylib
Event: 0.321 Loaded shared library /Applications/jmonkeyplatform.app/Contents/Resources/jmonkeyplatform/jdk/lib/libawt_lwawt.dylib
Event: 0.376 Loaded shared library /Applications/jmonkeyplatform.app/Contents/Resources/jmonkeyplatform/jdk/lib/libfontmanager.dylib
Event: 0.796 Loaded shared library /Applications/jmonkeyplatform.app/Contents/Resources/jmonkeyplatform/jdk/lib/libosxui.dylib
Event: 0.890 Loaded shared library /Applications/jmonkeyplatform.app/Contents/Resources/jmonkeyplatform/jdk/lib/libprefs.dylib
Event: 3.097 Loaded shared library /Users/jasonsmacbookpro/Desktop/JHU/JHU 2024-2025/Game Development/Game Project/GameProgrammingProject/Perpetuality/libopenal.dylib
Event: 3.111 Loaded shared library /Users/jasonsmacbookpro/Desktop/JHU/JHU 2024-2025/Game Development/Game Project/GameProgrammingProject/Perpetuality/liblwjgl.dylib

Deoptimization events (20 events):
Event: 1.729 Thread 0x00007fe3cf198200 Uncommon trap: trap_request=0xffffffc6 fr.pc=0x000000011e7c8e20 relative=0x0000000000000440
Event: 1.729 Thread 0x00007fe3cf198200 Uncommon trap: reason=bimorphic_or_optimized_type_check action=maybe_recompile pc=0x000000011e7c8e20 method=java.util.HashMap.getNode(Ljava/lang/Object;)Ljava/util/HashMap$Node; @ 128 c2
Event: 1.729 Thread 0x00007fe3cf198200 DEOPT PACKING pc=0x000000011e7c8e20 sp=0x000000030b21f6e0
Event: 1.729 Thread 0x00007fe3cf198200 DEOPT UNPACKING pc=0x000000011e251693 sp=0x000000030b21f688 mode 2
Event: 2.828 Thread 0x00007fe3cf198200 Uncommon trap: trap_request=0xffffffc6 fr.pc=0x000000011e7c8e20 relative=0x0000000000000440
Event: 2.828 Thread 0x00007fe3cf198200 Uncommon trap: reason=bimorphic_or_optimized_type_check action=maybe_recompile pc=0x000000011e7c8e20 method=java.util.HashMap.getNode(Ljava/lang/Object;)Ljava/util/HashMap$Node; @ 128 c2
Event: 2.828 Thread 0x00007fe3cf198200 DEOPT PACKING pc=0x000000011e7c8e20 sp=0x000000030b21fe60
Event: 2.828 Thread 0x00007fe3cf198200 DEOPT UNPACKING pc=0x000000011e251693 sp=0x000000030b21fdf8 mode 2
Event: 2.851 Thread 0x00007fe3cf198200 Uncommon trap: trap_request=0xffffffc6 fr.pc=0x000000011e7c8e20 relative=0x0000000000000440
Event: 2.851 Thread 0x00007fe3cf198200 Uncommon trap: reason=bimorphic_or_optimized_type_check action=maybe_recompile pc=0x000000011e7c8e20 method=java.util.HashMap.getNode(Ljava/lang/Object;)Ljava/util/HashMap$Node; @ 128 c2
Event: 2.851 Thread 0x00007fe3cf198200 DEOPT PACKING pc=0x000000011e7c8e20 sp=0x000000030b2202e0
Event: 2.851 Thread 0x00007fe3cf198200 DEOPT UNPACKING pc=0x000000011e251693 sp=0x000000030b220278 mode 2
Event: 3.040 Thread 0x00007fe3de99cc00 Uncommon trap: trap_request=0xffffff45 fr.pc=0x000000011e7f2810 relative=0x0000000000000570
Event: 3.040 Thread 0x00007fe3de99cc00 Uncommon trap: reason=unstable_if action=reinterpret pc=0x000000011e7f2810 method=java.lang.AbstractStringBuilder.append(Ljava/lang/String;)Ljava/lang/AbstractStringBuilder; @ 1 c2
Event: 3.040 Thread 0x00007fe3de99cc00 DEOPT PACKING pc=0x000000011e7f2810 sp=0x000000030be508f0
Event: 3.040 Thread 0x00007fe3de99cc00 DEOPT UNPACKING pc=0x000000011e251693 sp=0x000000030be50880 mode 2
Event: 3.041 Thread 0x00007fe3de99cc00 Uncommon trap: trap_request=0xffffff45 fr.pc=0x000000011e7f1cf0 relative=0x0000000000000550
Event: 3.041 Thread 0x00007fe3de99cc00 Uncommon trap: reason=unstable_if action=reinterpret pc=0x000000011e7f1cf0 method=java.lang.AbstractStringBuilder.append(Ljava/lang/String;)Ljava/lang/AbstractStringBuilder; @ 1 c2
Event: 3.041 Thread 0x00007fe3de99cc00 DEOPT PACKING pc=0x000000011e7f1cf0 sp=0x000000030be50890
Event: 3.041 Thread 0x00007fe3de99cc00 DEOPT UNPACKING pc=0x000000011e251693 sp=0x000000030be50878 mode 2

Classes unloaded (0 events):
No events

Classes redefined (0 events):
No events

Internal exceptions (20 events):
Event: 0.750 Thread 0x00007fe3cf198200 Exception <a 'java/lang/NoSuchMethodError'{0x000000070f81cbb0}: 'void java.lang.invoke.DirectMethodHandle$Holder.invokeStatic(java.lang.Object, java.lang.Object)'> (0x000000070f81cbb0) 
thrown [src/hotspot/share/interpreter/linkResolver.cpp, line 759]
Event: 0.802 Thread 0x00007fe3cf198200 Exception <a 'java/lang/NoSuchMethodError'{0x000000070f85a610}: 'void java.lang.invoke.DirectMethodHandle$Holder.invokeStaticInit(java.lang.Object)'> (0x000000070f85a610) 
thrown [src/hotspot/share/interpreter/linkResolver.cpp, line 759]
Event: 0.816 Thread 0x00007fe3cf198200 Exception <a 'java/lang/NoSuchMethodError'{0x000000070f95f4d0}: 'java.lang.Object java.lang.invoke.DirectMethodHandle$Holder.newInvokeSpecial(java.lang.Object, java.lang.Object, java.lang.Object, java.lang.Object, java.lang.Object)'> (0x000000070f95f4d0) 
thrown [src/hotspot/share/interpreter/linkResolver.cpp, line 759]
Event: 0.819 Thread 0x00007fe3cf198200 Exception <a 'java/lang/NoSuchMethodError'{0x000000070f96ae98}: 'java.lang.Object java.lang.invoke.DirectMethodHandle$Holder.invokeStatic(java.lang.Object, int, java.lang.Object, java.lang.Object, java.lang.Object, java.lang.Object)'> (0x000000070f96ae98) 
thrown [src/hotspot/share/interpreter/linkResolver.cpp, line 759]
Event: 0.824 Thread 0x00007fe3cf198200 Exception <a 'java/lang/NoSuchMethodError'{0x000000070f990588}: 'java.lang.Object java.lang.invoke.DirectMethodHandle$Holder.invokeStatic(java.lang.Object, int, java.lang.Object)'> (0x000000070f990588) 
thrown [src/hotspot/share/interpreter/linkResolver.cpp, line 759]
Event: 0.830 Thread 0x00007fe3cf198200 Exception <a 'java/lang/ClassNotFoundException'{0x000000070f9c1560}: com/apple/laf/resources/spi/aquaProvider> (0x000000070f9c1560) 
thrown [src/hotspot/share/classfile/systemDictionary.cpp, line 256]
Event: 0.856 Thread 0x00007fe3cf198200 Exception <a 'java/lang/ClassNotFoundException'{0x000000070f630b70}: com/sun/swing/internal/plaf/basic/resources/spi/basicProvider> (0x000000070f630b70) 
thrown [src/hotspot/share/classfile/systemDictionary.cpp, line 256]
Event: 0.915 Thread 0x00007fe3de8ac000 Exception <a 'java/lang/NoSuchMethodError'{0x000000070f714430}: 'java.lang.Object java.lang.invoke.DirectMethodHandle$Holder.newInvokeSpecial(java.lang.Object, java.lang.Object, java.lang.Object, int, int, int, int, int)'> (0x000000070f714430) 
thrown [src/hotspot/share/interpreter/linkResolver.cpp, line 759]
Event: 1.054 Thread 0x00007fe3cf198200 Exception <a 'java/lang/NoSuchMethodError'{0x000000070f48ed50}: 'java.lang.Object java.lang.invoke.DirectMethodHandle$Holder.newInvokeSpecial(java.lang.Object, java.lang.Object, java.lang.Object, int, java.lang.Object)'> (0x000000070f48ed50) 
thrown [src/hotspot/share/interpreter/linkResolver.cpp, line 759]
Event: 1.054 Thread 0x00007fe3cf198200 Exception <a 'java/lang/NoSuchMethodError'{0x000000070f496910}: 'java.lang.Object java.lang.invoke.Invokers$Holder.linkToTargetMethod(java.lang.Object, java.lang.Object, int, java.lang.Object, java.lang.Object)'> (0x000000070f496910) 
thrown [src/hotspot/share/interpreter/linkResolver.cpp, line 759]
Event: 1.076 Thread 0x00007fe3cf198200 Exception <a 'java/lang/NoSuchMethodError'{0x000000070f4a8058}: 'java.lang.Object java.lang.invoke.Invokers$Holder.linkToTargetMethod(int, int, int, int, java.lang.Object)'> (0x000000070f4a8058) 
thrown [src/hotspot/share/interpreter/linkResolver.cpp, line 759]
Event: 1.077 Thread 0x00007fe3cf198200 Exception <a 'java/lang/NoSuchMethodError'{0x000000070f4abde8}: 'void java.lang.invoke.DirectMethodHandle$Holder.invokeStatic(java.lang.Object, java.lang.Object, long)'> (0x000000070f4abde8) 
thrown [src/hotspot/share/interpreter/linkResolver.cpp, line 759]
Event: 1.092 Thread 0x00007fe3e0116e00 Exception <a 'java/lang/NoSuchMethodError'{0x000000070f905378}: 'void java.lang.invoke.DirectMethodHandle$Holder.invokeSpecial(java.lang.Object, java.lang.Object, long)'> (0x000000070f905378) 
thrown [src/hotspot/share/interpreter/linkResolver.cpp, line 759]
Event: 1.560 Thread 0x00007fe3e0116e00 Exception <a 'java/lang/NoSuchMethodError'{0x000000070f912838}: 'void java.lang.invoke.DirectMethodHandle$Holder.invokeStatic(java.lang.Object, long)'> (0x000000070f912838) 
thrown [src/hotspot/share/interpreter/linkResolver.cpp, line 759]
Event: 1.562 Thread 0x00007fe3cf198200 Exception <a 'java/lang/NoSuchMethodError'{0x000000070f58f400}: 'void java.lang.invoke.DirectMethodHandle$Holder.invokeStatic(java.lang.Object, long, long)'> (0x000000070f58f400) 
thrown [src/hotspot/share/interpreter/linkResolver.cpp, line 759]
Event: 1.575 Thread 0x00007fe3cf198200 Exception <a 'java/lang/NoSuchMethodError'{0x000000070f594cd0}: 'java.lang.Object java.lang.invoke.DirectMethodHandle$Holder.newInvokeSpecial(java.lang.Object, long)'> (0x000000070f594cd0) 
thrown [src/hotspot/share/interpreter/linkResolver.cpp, line 759]
Event: 1.581 Thread 0x00007fe3cf198200 Exception <a 'java/lang/NoSuchMethodError'{0x000000070f59ef88}: 'java.lang.Object java.lang.invoke.DirectMethodHandle$Holder.newInvokeSpecial(java.lang.Object, java.lang.Object, int)'> (0x000000070f59ef88) 
thrown [src/hotspot/share/interpreter/linkResolver.cpp, line 759]
Event: 3.004 Thread 0x00007fe3cf808200 Exception <a 'java/lang/ClassNotFoundException'{0x0000000702360a30}: sun/util/logging/resources/spi/loggingProvider> (0x0000000702360a30) 
thrown [src/hotspot/share/classfile/systemDictionary.cpp, line 256]
Event: 3.040 Thread 0x00007fe3de99cc00 Implicit null exception at 0x000000011e7f22d4 to 0x000000011e7f27f8
Event: 3.040 Thread 0x00007fe3de99cc00 Implicit null exception at 0x000000011e7f17d4 to 0x000000011e7f1cd8

VM Operations (16 events):
Event: 0.118 Executing VM operation: HandshakeAllThreads
Event: 0.118 Executing VM operation: HandshakeAllThreads done
Event: 0.282 Executing VM operation: HandshakeAllThreads
Event: 0.282 Executing VM operation: HandshakeAllThreads done
Event: 0.692 Executing VM operation: HandshakeAllThreads
Event: 0.692 Executing VM operation: HandshakeAllThreads done
Event: 0.773 Executing VM operation: HandshakeAllThreads
Event: 0.773 Executing VM operation: HandshakeAllThreads done
Event: 1.639 Executing VM operation: ICBufferFull
Event: 1.643 Executing VM operation: ICBufferFull done
Event: 2.645 Executing VM operation: Cleanup
Event: 2.646 Executing VM operation: Cleanup done
Event: 2.923 Executing VM operation: G1CollectFull
Event: 2.941 Executing VM operation: G1CollectFull done
Event: 2.942 Executing VM operation: G1CollectFull
Event: 2.948 Executing VM operation: G1CollectFull done

Events (20 events):
Event: 3.167 loading class sun/nio/cs/StandardCharsets$Cache
Event: 3.167 loading class sun/nio/cs/StandardCharsets$Cache done
Event: 3.167 loading class java/nio/charset/StandardCharsets
Event: 3.167 loading class java/nio/charset/StandardCharsets done
Event: 3.167 loading class sun/nio/cs/UTF_16BE
Event: 3.168 loading class sun/nio/cs/UTF_16BE done
Event: 3.168 loading class sun/nio/cs/UTF_16LE
Event: 3.168 loading class sun/nio/cs/UTF_16LE done
Event: 3.168 loading class sun/nio/cs/UTF_16
Event: 3.168 loading class sun/nio/cs/UTF_16 done
Event: 3.170 loading class sun/misc/Unsafe
Event: 3.170 loading class sun/misc/Unsafe done
Event: 3.171 loading class jdk/internal/access/foreign/MemorySegmentProxy
Event: 3.171 loading class jdk/internal/access/foreign/MemorySegmentProxy done
Event: 3.173 loading class java/nio/StringCharBuffer
Event: 3.173 loading class java/nio/StringCharBuffer done
Event: 3.183 loading class java/awt/IllegalComponentStateException
Event: 3.183 loading class java/awt/IllegalComponentStateException done
Event: 3.194 loading class java/lang/NumberFormatException
Event: 3.194 loading class java/lang/NumberFormatException done


Dynamic libraries:
0x000000010b565000 	/Applications/jmonkeyplatform.app/Contents/Resources/jmonkeyplatform/jdk/lib/libjli.dylib
0x00007ff81de43000 	/usr/lib/libz.1.dylib
0x00007ff81df34000 	/usr/lib/libSystem.B.dylib
0x00007ff81df2e000 	/usr/lib/system/libcache.dylib
0x00007ff81dee9000 	/usr/lib/system/libcommonCrypto.dylib
0x00007ff81df12000 	/usr/lib/system/libcompiler_rt.dylib
0x00007ff81df08000 	/usr/lib/system/libcopyfile.dylib
0x00007ff81076d000 	/usr/lib/system/libcorecrypto.dylib
0x00007ff810854000 	/usr/lib/system/libdispatch.dylib
0x00007ff810a05000 	/usr/lib/system/libdyld.dylib
0x00007ff81df24000 	/usr/lib/system/libkeymgr.dylib
0x00007ff81dec5000 	/usr/lib/system/libmacho.dylib
0x00007ff81d355000 	/usr/lib/system/libquarantine.dylib
0x00007ff81df22000 	/usr/lib/system/libremovefile.dylib
0x00007ff815f75000 	/usr/lib/system/libsystem_asl.dylib
0x00007ff81070b000 	/usr/lib/system/libsystem_blocks.dylib
0x00007ff81089e000 	/usr/lib/system/libsystem_c.dylib
0x00007ff81df1a000 	/usr/lib/system/libsystem_collections.dylib
0x00007ff81c2b3000 	/usr/lib/system/libsystem_configuration.dylib
0x00007ff81b31f000 	/usr/lib/system/libsystem_containermanager.dylib
0x00007ff81db1a000 	/usr/lib/system/libsystem_coreservices.dylib
0x00007ff813b5d000 	/usr/lib/system/libsystem_darwin.dylib
0x00007ffc2185a000 	/usr/lib/system/libsystem_darwindirectory.dylib
0x00007ff81df25000 	/usr/lib/system/libsystem_dnssd.dylib
0x00007ff81089b000 	/usr/lib/system/libsystem_featureflags.dylib
0x00007ff810a34000 	/usr/lib/system/libsystem_info.dylib
0x00007ff81de57000 	/usr/lib/system/libsystem_m.dylib
0x00007ff81081b000 	/usr/lib/system/libsystem_malloc.dylib
0x00007ff815eeb000 	/usr/lib/system/libsystem_networkextension.dylib
0x00007ff813fa7000 	/usr/lib/system/libsystem_notify.dylib
0x00007ff81c2b7000 	/usr/lib/system/libsystem_sandbox.dylib
0x00007ff81df1f000 	/usr/lib/system/libsystem_secinit.dylib
0x00007ff8109be000 	/usr/lib/system/libsystem_kernel.dylib
0x00007ff810a2a000 	/usr/lib/system/libsystem_platform.dylib
0x00007ff8109f9000 	/usr/lib/system/libsystem_pthread.dylib
0x00007ff817bdc000 	/usr/lib/system/libsystem_symptoms.dylib
0x00007ff810753000 	/usr/lib/system/libsystem_trace.dylib
0x00007ff81def5000 	/usr/lib/system/libunwind.dylib
0x00007ff81070f000 	/usr/lib/system/libxpc.dylib
0x00007ff8109a5000 	/usr/lib/libc++abi.dylib
0x00007ff81062c000 	/usr/lib/libobjc.A.dylib
0x00007ff81df00000 	/usr/lib/liboah.dylib
0x00007ff810926000 	/usr/lib/libc++.1.dylib
0x00007ff82bc58000 	/System/Library/Frameworks/Cocoa.framework/Versions/A/Cocoa
0x00007ff81400b000 	/System/Library/Frameworks/AppKit.framework/Versions/C/AppKit
0x00007ff81734b000 	/System/Library/Frameworks/CoreData.framework/Versions/A/CoreData
0x00007ff811979000 	/System/Library/Frameworks/Foundation.framework/Versions/C/Foundation
0x00007ff815418000 	/System/Library/PrivateFrameworks/UIFoundation.framework/Versions/A/UIFoundation
0x00007ffb17fb2000 	/System/Library/PrivateFrameworks/CollectionViewCore.framework/Versions/A/CollectionViewCore
0x00007ff82556f000 	/System/Library/PrivateFrameworks/RemoteViewServices.framework/Versions/A/RemoteViewServices
0x00007ff81baf7000 	/System/Library/PrivateFrameworks/XCTTargetBootstrap.framework/Versions/A/XCTTargetBootstrap
0x00007ff8209b3000 	/System/Library/PrivateFrameworks/InternationalSupport.framework/Versions/A/InternationalSupport
0x00007ff820a3d000 	/System/Library/PrivateFrameworks/UserActivity.framework/Versions/A/UserActivity
0x00007ffc18eca000 	/System/Library/PrivateFrameworks/WindowManagement.framework/Versions/A/WindowManagement
0x00007ff811632000 	/System/Library/Frameworks/SystemConfiguration.framework/Versions/A/SystemConfiguration
0x00007ff81fd72000 	/usr/lib/libspindump.dylib
0x00007ff8155f5000 	/System/Library/Frameworks/UniformTypeIdentifiers.framework/Versions/A/UniformTypeIdentifiers
0x00007ff819b35000 	/usr/lib/libapp_launch_measurement.dylib
0x00007ff818819000 	/System/Library/PrivateFrameworks/CoreAnalytics.framework/Versions/A/CoreAnalytics
0x00007ff819b38000 	/System/Library/PrivateFrameworks/CoreAutoLayout.framework/Versions/A/CoreAutoLayout
0x00007ff81b367000 	/System/Library/Frameworks/Metal.framework/Versions/A/Metal
0x00007ff81c2c3000 	/usr/lib/liblangid.dylib
0x00007ff81bafc000 	/System/Library/PrivateFrameworks/CoreSVG.framework/Versions/A/CoreSVG
0x00007ff815faa000 	/System/Library/PrivateFrameworks/SkyLight.framework/Versions/A/SkyLight
0x00007ff816402000 	/System/Library/Frameworks/CoreGraphics.framework/Versions/A/CoreGraphics
0x00007ff825cc4000 	/System/Library/Frameworks/Accelerate.framework/Versions/A/Accelerate
0x00007ff81fbd6000 	/System/Library/PrivateFrameworks/IconServices.framework/Versions/A/IconServices
0x00007ff81b348000 	/System/Library/Frameworks/IOSurface.framework/Versions/A/IOSurface
0x00007ff818845000 	/usr/lib/libDiagnosticMessagesClient.dylib
0x00007ff82965c000 	/System/Library/Frameworks/ApplicationServices.framework/Versions/A/ApplicationServices
0x00007ff81bae3000 	/System/Library/PrivateFrameworks/DFRFoundation.framework/Versions/A/DFRFoundation
0x00007ff8138c7000 	/usr/lib/libicucore.A.dylib
0x00007ff82198a000 	/System/Library/Frameworks/AudioToolbox.framework/Versions/A/AudioToolbox
0x00007ff8209c0000 	/System/Library/PrivateFrameworks/DataDetectorsCore.framework/Versions/A/DataDetectorsCore
0x00007ff91a408000 	/System/Library/PrivateFrameworks/TextInput.framework/Versions/A/TextInput
0x00007ff815f04000 	/usr/lib/libMobileGestalt.dylib
0x00007ff81b847000 	/System/Library/Frameworks/Carbon.framework/Versions/A/Frameworks/HIToolbox.framework/Versions/A/HIToolbox
0x00007ff819470000 	/System/Library/Frameworks/QuartzCore.framework/Versions/A/QuartzCore
0x00007ff81352a000 	/System/Library/Frameworks/Security.framework/Versions/A/Security
0x00007ff8255a7000 	/System/Library/Frameworks/Carbon.framework/Versions/A/Frameworks/SpeechRecognition.framework/Versions/A/SpeechRecognition
0x00007ff819864000 	/System/Library/PrivateFrameworks/CoreUI.framework/Versions/A/CoreUI
0x00007ff812e18000 	/System/Library/Frameworks/CoreAudio.framework/Versions/A/CoreAudio
0x00007ff818925000 	/System/Library/Frameworks/DiskArbitration.framework/Versions/A/DiskArbitration
0x00007ff8201a3000 	/System/Library/PrivateFrameworks/MultitouchSupport.framework/Versions/A/MultitouchSupport
0x00007ff815f03000 	/usr/lib/libenergytrace.dylib
0x00007ff82ffc7000 	/System/Library/PrivateFrameworks/RenderBox.framework/Versions/A/RenderBox
0x00007ff813ee4000 	/System/Library/Frameworks/IOKit.framework/Versions/A/IOKit
0x00007ff8259bf000 	/System/Library/Frameworks/CoreServices.framework/Versions/A/CoreServices
0x00007ff819acc000 	/System/Library/PrivateFrameworks/PerformanceAnalysis.framework/Versions/A/PerformanceAnalysis
0x00007ffa2884e000 	/System/Library/Frameworks/OpenGL.framework/Versions/A/OpenGL
0x00007ff819b81000 	/usr/lib/libxml2.2.dylib
0x00007ff81d27b000 	/System/Library/PrivateFrameworks/MobileKeyBag.framework/Versions/A/MobileKeyBag
0x00007ff825936000 	/System/Library/Frameworks/Accessibility.framework/Versions/A/Accessibility
0x00007ff816c94000 	/System/Library/Frameworks/ColorSync.framework/Versions/A/ColorSync
0x00007ff810a5f000 	/System/Library/Frameworks/CoreFoundation.framework/Versions/A/CoreFoundation
0x00007ff81be67000 	/System/Library/Frameworks/CoreImage.framework/Versions/A/CoreImage
0x00007ff812c13000 	/System/Library/Frameworks/CoreText.framework/Versions/A/CoreText
0x00007ffa2ea35000 	/System/Library/Frameworks/CoreTransferable.framework/Versions/A/CoreTransferable
0x00007ffa2ee7f000 	/System/Library/Frameworks/DeveloperToolsSupport.framework/Versions/A/DeveloperToolsSupport
0x00007ff81bb35000 	/System/Library/Frameworks/ImageIO.framework/Versions/A/ImageIO
0x00007ffb12e50000 	/System/Library/Frameworks/Symbols.framework/Versions/A/Symbols
0x00007ff81df3a000 	/System/Library/PrivateFrameworks/SoftLinking.framework/Versions/A/SoftLinking
0x00007ff821401000 	/usr/lib/swift/libswiftCore.dylib
0x00007ff91703a000 	/usr/lib/swift/libswiftCoreFoundation.dylib
0x00007ff914e66000 	/usr/lib/swift/libswiftCoreGraphics.dylib
0x00007ff917077000 	/usr/lib/swift/libswiftCoreImage.dylib
0x00007ff914e6d000 	/usr/lib/swift/libswiftDarwin.dylib
0x00007ff82733c000 	/usr/lib/swift/libswiftDispatch.dylib
0x00007ff917078000 	/usr/lib/swift/libswiftIOKit.dylib
0x00007ff9230b7000 	/usr/lib/swift/libswiftMetal.dylib
0x00007ff92fb77000 	/usr/lib/swift/libswiftOSLog.dylib
0x00007ff829ac3000 	/usr/lib/swift/libswiftObjectiveC.dylib
0x00007ff926c69000 	/usr/lib/swift/libswiftQuartzCore.dylib
0x00007ff92ad24000 	/usr/lib/swift/libswiftUniformTypeIdentifiers.dylib
0x00007ff91704a000 	/usr/lib/swift/libswiftXPC.dylib
0x00007ffc2153a000 	/usr/lib/swift/libswift_Concurrency.dylib
0x00007ff829ac7000 	/usr/lib/swift/libswiftos.dylib
0x00007ff91a36a000 	/usr/lib/swift/libswiftsimd.dylib
0x00007ff81e0d2000 	/usr/lib/libcompression.dylib
0x00007ff8208f3000 	/System/Library/PrivateFrameworks/TextureIO.framework/Versions/A/TextureIO
0x00007ff81f7e4000 	/usr/lib/libate.dylib
0x00007ff81f571000 	/usr/lib/liblzma.5.dylib
0x00007ff81df36000 	/usr/lib/libfakelink.dylib
0x00007ff815b3c000 	/System/Library/Frameworks/CFNetwork.framework/Versions/A/CFNetwork
0x00007ff81df89000 	/usr/lib/libarchive.2.dylib
0x00007ff823809000 	/System/Library/Frameworks/Combine.framework/Versions/A/Combine
0x00007ffb17fc7000 	/System/Library/PrivateFrameworks/CollectionsInternal.framework/Versions/A/CollectionsInternal
0x00007ffb2cc3a000 	/System/Library/PrivateFrameworks/ReflectionInternal.framework/Versions/A/ReflectionInternal
0x00007ffb2d1d9000 	/System/Library/PrivateFrameworks/RuntimeInternal.framework/Versions/A/RuntimeInternal
0x00007ffc21675000 	/usr/lib/swift/libswift_StringProcessing.dylib
0x00007ff813e62000 	/System/Library/PrivateFrameworks/CoreServicesInternal.framework/Versions/A/CoreServicesInternal
0x00007ff81d37c000 	/usr/lib/libbsm.0.dylib
0x00007ff81decd000 	/usr/lib/system/libkxld.dylib
0x00007ff819b00000 	/System/Library/Frameworks/CoreServices.framework/Versions/A/Frameworks/FSEvents.framework/Versions/A/FSEvents
0x00007ff813b68000 	/System/Library/Frameworks/CoreServices.framework/Versions/A/Frameworks/CarbonCore.framework/Versions/A/CarbonCore
0x00007ff81888d000 	/System/Library/Frameworks/CoreServices.framework/Versions/A/Frameworks/Metadata.framework/Versions/A/Metadata
0x00007ff81db20000 	/System/Library/Frameworks/CoreServices.framework/Versions/A/Frameworks/OSServices.framework/Versions/A/OSServices
0x00007ff81e012000 	/System/Library/Frameworks/CoreServices.framework/Versions/A/Frameworks/SearchKit.framework/Versions/A/SearchKit
0x00007ff817b62000 	/System/Library/Frameworks/CoreServices.framework/Versions/A/Frameworks/AE.framework/Versions/A/AE
0x00007ff810ef9000 	/System/Library/Frameworks/CoreServices.framework/Versions/A/Frameworks/LaunchServices.framework/Versions/A/LaunchServices
0x00007ff81f522000 	/System/Library/Frameworks/CoreServices.framework/Versions/A/Frameworks/DictionaryServices.framework/Versions/A/DictionaryServices
0x00007ff819b0d000 	/System/Library/Frameworks/CoreServices.framework/Versions/A/Frameworks/SharedFileList.framework/Versions/A/SharedFileList
0x00007ff81e09c000 	/usr/lib/libapple_nghttp2.dylib
0x00007ff8177e5000 	/usr/lib/libsqlite3.dylib
0x00007ff817be4000 	/System/Library/Frameworks/Network.framework/Versions/A/Network
0x00007ffc1fece000 	/usr/lib/libCoreEntitlements.dylib
0x00007ffb286f0000 	/System/Library/PrivateFrameworks/MessageSecurity.framework/Versions/A/MessageSecurity
0x00007ff8177cc000 	/System/Library/PrivateFrameworks/ProtocolBuffer.framework/Versions/A/ProtocolBuffer
0x00007ff81da3d000 	/System/Library/PrivateFrameworks/AppleFSCompression.framework/Versions/A/AppleFSCompression
0x00007ff81d364000 	/usr/lib/libcoretls.dylib
0x00007ff81f58a000 	/usr/lib/libcoretls_cfhelpers.dylib
0x00007ff81e0cc000 	/usr/lib/libpam.2.dylib
0x00007ff81f602000 	/usr/lib/libxar.1.dylib
0x00007ff81fbaf000 	/usr/lib/libheimdal-asn1.dylib
0x00007ff815b3b000 	/usr/lib/libnetwork.dylib
0x00007ff81df3b000 	/usr/lib/libpcap.A.dylib
0x00007ff817bd2000 	/usr/lib/libdns_services.dylib
0x00007ff81c2be000 	/System/Library/PrivateFrameworks/AppleSystemInfo.framework/Versions/A/AppleSystemInfo
0x00007ff81d07d000 	/System/Library/PrivateFrameworks/IOMobileFramebuffer.framework/Versions/A/IOMobileFramebuffer
0x00007ffc215c1000 	/usr/lib/swift/libswift_RegexParser.dylib
0x00007ff81db0b000 	/usr/lib/libbz2.1.0.dylib
0x00007ff81d358000 	/usr/lib/libCheckFix.dylib
0x00007ff815f8c000 	/System/Library/PrivateFrameworks/TCC.framework/Versions/A/TCC
0x00007ff81c2c5000 	/System/Library/PrivateFrameworks/CoreNLP.framework/Versions/A/CoreNLP
0x00007ff818847000 	/System/Library/PrivateFrameworks/MetadataUtilities.framework/Versions/A/MetadataUtilities
0x00007ff81d38c000 	/usr/lib/libmecab.dylib
0x00007ff8116b9000 	/usr/lib/libCRFSuite.dylib
0x00007ff81d3e5000 	/usr/lib/libgermantok.dylib
0x00007ff81e078000 	/usr/lib/libThaiTokenizer.dylib
0x00007ff81892d000 	/System/Library/Frameworks/Accelerate.framework/Versions/A/Frameworks/vImage.framework/Versions/A/vImage
0x00007ff825992000 	/System/Library/Frameworks/Accelerate.framework/Versions/A/Frameworks/vecLib.framework/Versions/A/vecLib
0x00007ff81f644000 	/System/Library/Frameworks/Accelerate.framework/Versions/A/Frameworks/vecLib.framework/Versions/A/libvMisc.dylib
0x00007ff81ce4e000 	/System/Library/Frameworks/Accelerate.framework/Versions/A/Frameworks/vecLib.framework/Versions/A/libvDSP.dylib
0x00007ff8112ff000 	/System/Library/Frameworks/Accelerate.framework/Versions/A/Frameworks/vecLib.framework/Versions/A/libBLAS.dylib
0x00007ff81e1b2000 	/System/Library/Frameworks/Accelerate.framework/Versions/A/Frameworks/vecLib.framework/Versions/A/libLAPACK.dylib
0x00007ff81d3e8000 	/System/Library/Frameworks/Accelerate.framework/Versions/A/Frameworks/vecLib.framework/Versions/A/libLinearAlgebra.dylib
0x00007ff81e0b7000 	/System/Library/Frameworks/Accelerate.framework/Versions/A/Frameworks/vecLib.framework/Versions/A/libSparseBLAS.dylib
0x00007ff81e1ac000 	/System/Library/Frameworks/Accelerate.framework/Versions/A/Frameworks/vecLib.framework/Versions/A/libQuadrature.dylib
0x00007ff81c3d4000 	/System/Library/Frameworks/Accelerate.framework/Versions/A/Frameworks/vecLib.framework/Versions/A/libBNNS.dylib
0x00007ff8115ba000 	/System/Library/Frameworks/Accelerate.framework/Versions/A/Frameworks/vecLib.framework/Versions/A/libSparse.dylib
0x00007ffb27078000 	/System/Library/PrivateFrameworks/MIL.framework/Versions/A/MIL
0x00007ff81df71000 	/usr/lib/libiconv.2.dylib
0x00007ff81dec1000 	/usr/lib/libcharset.1.dylib
0x00007ff819ae4000 	/System/Library/Frameworks/OpenDirectory.framework/Versions/A/Frameworks/CFOpenDirectory.framework/Versions/A/CFOpenDirectory
0x00007ff819ad8000 	/System/Library/Frameworks/OpenDirectory.framework/Versions/A/OpenDirectory
0x00007ff81f58c000 	/System/Library/PrivateFrameworks/APFS.framework/Versions/A/APFS
0x00007ff81d29e000 	/System/Library/Frameworks/SecurityFoundation.framework/Versions/A/SecurityFoundation
0x00007ff81f610000 	/usr/lib/libutil.dylib
0x00007ffb254c8000 	/System/Library/PrivateFrameworks/InstalledContentLibrary.framework/Versions/A/InstalledContentLibrary
0x00007ff813ea4000 	/System/Library/PrivateFrameworks/CoreServicesStore.framework/Versions/A/CoreServicesStore
0x00007ffb15ea5000 	/System/Library/PrivateFrameworks/AppleMobileFileIntegrity.framework/Versions/A/AppleMobileFileIntegrity
0x00007ff91701a000 	/usr/lib/libmis.dylib
0x00007ff92713a000 	/System/Library/PrivateFrameworks/MobileSystemServices.framework/Versions/A/MobileSystemServices
0x00007ffa24508000 	/System/Library/PrivateFrameworks/ConfigProfileHelper.framework/Versions/A/ConfigProfileHelper
0x00007ff81e07a000 	/System/Library/PrivateFrameworks/AppleSauce.framework/Versions/A/AppleSauce
0x00007ff8125b1000 	/System/Library/PrivateFrameworks/LanguageModeling.framework/Versions/A/LanguageModeling
0x00007ff81f614000 	/usr/lib/libxslt.1.dylib
0x00007ff81df78000 	/usr/lib/libcmph.dylib
0x00007ff81d04c000 	/System/Library/PrivateFrameworks/CoreEmoji.framework/Versions/A/CoreEmoji
0x00007ff81c3cf000 	/System/Library/PrivateFrameworks/LinguisticData.framework/Versions/A/LinguisticData
0x00007ff8114d7000 	/System/Library/PrivateFrameworks/Lexicon.framework/Versions/A/Lexicon
0x00007ff81d327000 	/System/Library/PrivateFrameworks/BackgroundTaskManagement.framework/Versions/A/BackgroundTaskManagement
0x00007ffc2004a000 	/usr/lib/libTLE.dylib
0x00007ff82006b000 	/System/Library/PrivateFrameworks/AppleJPEG.framework/Versions/A/AppleJPEG
0x00007ff81fb94000 	/usr/lib/libexpat.1.dylib
0x00007ff82074c000 	/System/Library/Frameworks/ImageIO.framework/Versions/A/Resources/libPng.dylib
0x00007ff820779000 	/System/Library/Frameworks/ImageIO.framework/Versions/A/Resources/libTIFF.dylib
0x00007ff82086b000 	/System/Library/Frameworks/ImageIO.framework/Versions/A/Resources/libGIF.dylib
0x00007ff8200b7000 	/System/Library/Frameworks/ImageIO.framework/Versions/A/Resources/libJP2.dylib
0x00007ff82080b000 	/System/Library/Frameworks/ImageIO.framework/Versions/A/Resources/libJPEG.dylib
0x00007ff820802000 	/System/Library/Frameworks/ImageIO.framework/Versions/A/Resources/libRadiance.dylib
0x00007ff81b6e7000 	/System/Library/PrivateFrameworks/FontServices.framework/libFontParser.dylib
0x00007ff817b03000 	/System/Library/PrivateFrameworks/RunningBoardServices.framework/Versions/A/RunningBoardServices
0x00007ff82c3e6000 	/System/Library/PrivateFrameworks/IOSurfaceAccelerator.framework/Versions/A/IOSurfaceAccelerator
0x00007ff82019f000 	/System/Library/PrivateFrameworks/WatchdogClient.framework/Versions/A/WatchdogClient
0x00007ff81277a000 	/System/Library/Frameworks/CoreDisplay.framework/Versions/A/CoreDisplay
0x00007ff81b5b8000 	/System/Library/Frameworks/CoreMedia.framework/Versions/A/CoreMedia
0x00007ff81b35e000 	/System/Library/PrivateFrameworks/IOAccelerator.framework/Versions/A/IOAccelerator
0x00007ff819c61000 	/System/Library/Frameworks/CoreVideo.framework/Versions/A/CoreVideo
0x00007ff81e0ca000 	/System/Library/Frameworks/MetalPerformanceShaders.framework/Versions/A/MetalPerformanceShaders
0x00007ff8201e0000 	/System/Library/Frameworks/VideoToolbox.framework/Versions/A/VideoToolbox
0x00007ff819ced000 	/System/Library/PrivateFrameworks/UserManagement.framework/Versions/A/UserManagement
0x00007ff817a35000 	/System/Library/PrivateFrameworks/BaseBoard.framework/Versions/A/BaseBoard
0x00007ff81c2bd000 	/System/Library/PrivateFrameworks/AggregateDictionary.framework/Versions/A/AggregateDictionary
0x00007ffb15e25000 	/System/Library/PrivateFrameworks/AppleKeyStore.framework/Versions/A/AppleKeyStore
0x00007ff8207fb000 	/System/Library/PrivateFrameworks/GPUWrangler.framework/Versions/A/GPUWrangler
0x00007ff8207df000 	/System/Library/PrivateFrameworks/IOPresentment.framework/Versions/A/IOPresentment
0x00007ff820805000 	/System/Library/PrivateFrameworks/DSExternalDisplay.framework/Versions/A/DSExternalDisplay
0x00007ffb21515000 	/System/Library/PrivateFrameworks/GPUCompiler.framework/Versions/32023/Libraries/libllvm-flatbuffers.dylib
0x00007ffa28842000 	/System/Library/Frameworks/OpenGL.framework/Versions/A/Libraries/libCoreFSCache.dylib
0x00007ffb1e6bd000 	/System/Library/PrivateFrameworks/GPUCompiler.framework/Versions/32023/Libraries/libGPUCompilerUtils.dylib
0x00007ff820871000 	/System/Library/PrivateFrameworks/CMCaptureCore.framework/Versions/A/CMCaptureCore
0x00007ffa2ef61000 	/System/Library/Frameworks/ExtensionFoundation.framework/Versions/A/ExtensionFoundation
0x00007ff827b65000 	/System/Library/PrivateFrameworks/CoreTime.framework/Versions/A/CoreTime
0x00007ff81fd5c000 	/System/Library/PrivateFrameworks/AppServerSupport.framework/Versions/A/AppServerSupport
0x00007ff8222db000 	/System/Library/PrivateFrameworks/perfdata.framework/Versions/A/perfdata
0x00007ff8128a6000 	/System/Library/PrivateFrameworks/AudioToolboxCore.framework/Versions/A/AudioToolboxCore
0x00007ff81b592000 	/System/Library/PrivateFrameworks/caulk.framework/Versions/A/caulk
0x00007ff821b79000 	/usr/lib/libAudioStatistics.dylib
0x00007ff9163d5000 	/System/Library/PrivateFrameworks/SystemPolicy.framework/Versions/A/SystemPolicy
0x00007ff821e45000 	/usr/lib/libSMC.dylib
0x00007ff82babc000 	/System/Library/Frameworks/CoreMIDI.framework/Versions/A/CoreMIDI
0x00007ff820713000 	/usr/lib/libAudioToolboxUtility.dylib
0x00007ff911cba000 	/System/Library/PrivateFrameworks/OSAServicesClient.framework/Versions/A/OSAServicesClient
0x00007ff8222e8000 	/usr/lib/libperfcheck.dylib
0x00007ff81fa75000 	/System/Library/PrivateFrameworks/PlugInKit.framework/Versions/A/PlugInKit
0x00007ff81d291000 	/System/Library/PrivateFrameworks/AssertionServices.framework/Versions/A/AssertionServices
0x00007ffa133a9000 	/System/Library/PrivateFrameworks/Symbolication.framework/Versions/A/Symbolication
0x00007ffb2bda5000 	/System/Library/PrivateFrameworks/PhotosensitivityProcessing.framework/Versions/A/PhotosensitivityProcessing
0x00007ffa29516000 	/System/Library/Frameworks/OpenCL.framework/Versions/A/OpenCL
0x00007ff81fd07000 	/System/Library/PrivateFrameworks/GraphVisualizer.framework/Versions/A/GraphVisualizer
0x00007ffa2889f000 	/System/Library/Frameworks/OpenGL.framework/Versions/A/Libraries/libGLU.dylib
0x00007ffa28861000 	/System/Library/Frameworks/OpenGL.framework/Versions/A/Libraries/libGFXShared.dylib
0x00007ffa28a5e000 	/System/Library/Frameworks/OpenGL.framework/Versions/A/Libraries/libGL.dylib
0x00007ffa28869000 	/System/Library/Frameworks/OpenGL.framework/Versions/A/Libraries/libGLImage.dylib
0x00007ffa2885e000 	/System/Library/Frameworks/OpenGL.framework/Versions/A/Libraries/libCVMSPluginSupport.dylib
0x00007ffc20004000 	/usr/lib/libRosetta.dylib
0x00007ffa28849000 	/System/Library/Frameworks/OpenGL.framework/Versions/A/Libraries/libCoreVMClient.dylib
0x00007ffb1ca2b000 	/System/Library/PrivateFrameworks/FontServices.framework/Versions/A/FontServices
0x00007ff81fd16000 	/System/Library/PrivateFrameworks/OTSVG.framework/Versions/A/OTSVG
0x00007ff819818000 	/System/Library/Frameworks/ApplicationServices.framework/Versions/A/Frameworks/ATS.framework/Versions/A/Resources/libFontRegistry.dylib
0x00007ff81fd66000 	/System/Library/PrivateFrameworks/FontServices.framework/libhvf.dylib
0x00007ffb1ca2c000 	/System/Library/PrivateFrameworks/FontServices.framework/libXTFontStaticRegistryData.dylib
0x00007ff81c232000 	/System/Library/Frameworks/MetalPerformanceShaders.framework/Versions/A/Frameworks/MPSCore.framework/Versions/A/MPSCore
0x00007ff81d9a3000 	/System/Library/Frameworks/MetalPerformanceShaders.framework/Versions/A/Frameworks/MPSImage.framework/Versions/A/MPSImage
0x00007ff81d3fe000 	/System/Library/Frameworks/MetalPerformanceShaders.framework/Versions/A/Frameworks/MPSNeuralNetwork.framework/Versions/A/MPSNeuralNetwork
0x00007ff81d877000 	/System/Library/Frameworks/MetalPerformanceShaders.framework/Versions/A/Frameworks/MPSMatrix.framework/Versions/A/MPSMatrix
0x00007ff81d62a000 	/System/Library/Frameworks/MetalPerformanceShaders.framework/Versions/A/Frameworks/MPSRayIntersector.framework/Versions/A/MPSRayIntersector
0x00007ff81d8b2000 	/System/Library/Frameworks/MetalPerformanceShaders.framework/Versions/A/Frameworks/MPSNDArray.framework/Versions/A/MPSNDArray
0x00007ffa304a4000 	/System/Library/Frameworks/MetalPerformanceShaders.framework/Versions/A/Frameworks/MPSFunctions.framework/Versions/A/MPSFunctions
0x00007ffa30486000 	/System/Library/Frameworks/MetalPerformanceShaders.framework/Versions/A/Frameworks/MPSBenchmarkLoop.framework/Versions/A/MPSBenchmarkLoop
0x00007ff8111af000 	/System/Library/PrivateFrameworks/MetalTools.framework/Versions/A/MetalTools
0x00007ff91b6a6000 	/System/Library/PrivateFrameworks/IOAccelMemoryInfo.framework/Versions/A/IOAccelMemoryInfo
0x00007ff92704c000 	/System/Library/PrivateFrameworks/kperf.framework/Versions/A/kperf
0x00007ff91702d000 	/System/Library/PrivateFrameworks/GPURawCounter.framework/Versions/A/GPURawCounter
0x00007ff827a59000 	/System/Library/PrivateFrameworks/CoreSymbolication.framework/Versions/A/CoreSymbolication
0x00007ff916feb000 	/System/Library/PrivateFrameworks/MallocStackLogging.framework/Versions/A/MallocStackLogging
0x00007ff81f91c000 	/System/Library/PrivateFrameworks/CrashReporterSupport.framework/Versions/A/CrashReporterSupport
0x00007ff827a1a000 	/System/Library/PrivateFrameworks/DebugSymbols.framework/Versions/A/DebugSymbols
0x00007ff926365000 	/System/Library/PrivateFrameworks/OSAnalytics.framework/Versions/A/OSAnalytics
0x00007ffc175ac000 	/System/Library/PrivateFrameworks/VideoToolboxParavirtualizationSupport.framework/Versions/A/VideoToolboxParavirtualizationSupport
0x00007ff81fb44000 	/System/Library/PrivateFrameworks/AppleVA.framework/Versions/A/AppleVA
0x00007ff821bbd000 	/System/Library/Frameworks/ApplicationServices.framework/Versions/A/Frameworks/ATS.framework/Versions/A/ATS
0x00007ff816e40000 	/System/Library/Frameworks/ApplicationServices.framework/Versions/A/Frameworks/HIServices.framework/Versions/A/HIServices
0x00007ff82087f000 	/System/Library/Frameworks/ApplicationServices.framework/Versions/A/Frameworks/PrintCore.framework/Versions/A/PrintCore
0x00007ff821f9b000 	/System/Library/Frameworks/ApplicationServices.framework/Versions/A/Frameworks/QD.framework/Versions/A/QD
0x00007ff821f93000 	/System/Library/Frameworks/ApplicationServices.framework/Versions/A/Frameworks/ColorSyncLegacy.framework/Versions/A/ColorSyncLegacy
0x00007ff821b91000 	/System/Library/Frameworks/ApplicationServices.framework/Versions/A/Frameworks/SpeechSynthesis.framework/Versions/A/SpeechSynthesis
0x00007ff82083b000 	/System/Library/Frameworks/ApplicationServices.framework/Versions/A/Frameworks/ATSUI.framework/Versions/A/ATSUI
0x00007ff821f25000 	/usr/lib/libcups.2.dylib
0x00007ff8222f7000 	/System/Library/Frameworks/Kerberos.framework/Versions/A/Kerberos
0x00007ff822306000 	/System/Library/Frameworks/GSS.framework/Versions/A/GSS
0x00007ff821c36000 	/usr/lib/libresolv.9.dylib
0x00007ff81fd78000 	/System/Library/PrivateFrameworks/Heimdal.framework/Versions/A/Heimdal
0x00007ff829a30000 	/System/Library/Frameworks/Kerberos.framework/Versions/A/Libraries/libHeimdalProxy.dylib
0x00007ff822353000 	/System/Library/PrivateFrameworks/CommonAuth.framework/Versions/A/CommonAuth
0x00007ffa2de54000 	/System/Library/Frameworks/AVFAudio.framework/Versions/A/AVFAudio
0x00007ff911d03000 	/System/Library/PrivateFrameworks/AXCoreUtilities.framework/Versions/A/AXCoreUtilities
0x00007ff821b01000 	/System/Library/PrivateFrameworks/AudioSession.framework/Versions/A/AudioSession
0x00007ff8235d1000 	/System/Library/Frameworks/IOBluetooth.framework/Versions/A/IOBluetooth
0x00007ff81fc53000 	/System/Library/PrivateFrameworks/MediaExperience.framework/Versions/A/MediaExperience
0x00007ff821955000 	/System/Library/PrivateFrameworks/AudioSession.framework/libSessionUtility.dylib
0x00007ff821fa7000 	/System/Library/PrivateFrameworks/AudioResourceArbitration.framework/Versions/A/AudioResourceArbitration
0x00007ff8266d0000 	/System/Library/PrivateFrameworks/PowerLog.framework/Versions/A/PowerLog
0x00007ff8265f1000 	/System/Library/Frameworks/CoreBluetooth.framework/Versions/A/CoreBluetooth
0x00007ff829a31000 	/System/Library/Frameworks/AudioUnit.framework/Versions/A/AudioUnit
0x00007ff81d105000 	/System/Library/PrivateFrameworks/CoreUtils.framework/Versions/A/CoreUtils
0x00007ffb1b0cc000 	/System/Library/PrivateFrameworks/CoreUtilsExtras.framework/Versions/A/CoreUtilsExtras
0x00007ffb25355000 	/System/Library/PrivateFrameworks/IO80211.framework/Versions/A/IO80211
0x00007ff911d1a000 	/usr/lib/libAccessibility.dylib
0x00007ff825d0d000 	/System/Library/Frameworks/MediaAccessibility.framework/Versions/A/MediaAccessibility
0x00007ff827579000 	/System/Library/PrivateFrameworks/FrontBoardServices.framework/Versions/A/FrontBoardServices
0x00007ff82901c000 	/System/Library/PrivateFrameworks/BackBoardServices.framework/Versions/A/BackBoardServices
0x00007ff827635000 	/System/Library/PrivateFrameworks/BoardServices.framework/Versions/A/BoardServices
0x00007ff81fbb8000 	/System/Library/PrivateFrameworks/IconFoundation.framework/Versions/A/IconFoundation
0x00007ff825597000 	/System/Library/PrivateFrameworks/SpeechRecognitionCore.framework/Versions/A/SpeechRecognitionCore
0x00007ffa16b2f000 	/System/Library/Frameworks/OSLog.framework/Versions/A/OSLog
0x00007ff916f78000 	/System/Library/PrivateFrameworks/LoggingSupport.framework/Versions/A/LoggingSupport
0x000000010c783000 	/Applications/jmonkeyplatform.app/Contents/Resources/jmonkeyplatform/jdk/lib/server/libjvm.dylib
0x000000010b144000 	/Applications/jmonkeyplatform.app/Contents/Resources/jmonkeyplatform/jdk/lib/libjimage.dylib
0x000000010b18a000 	/Applications/jmonkeyplatform.app/Contents/Resources/jmonkeyplatform/jdk/lib/libjava.dylib
0x000000010c66e000 	/Applications/jmonkeyplatform.app/Contents/Resources/jmonkeyplatform/jdk/lib/libnio.dylib
0x000000010c6ba000 	/Applications/jmonkeyplatform.app/Contents/Resources/jmonkeyplatform/jdk/lib/libnet.dylib
0x000000010b491000 	/Applications/jmonkeyplatform.app/Contents/Resources/jmonkeyplatform/jdk/lib/libzip.dylib
0x0000000130644000 	/Applications/jmonkeyplatform.app/Contents/Resources/jmonkeyplatform/jdk/lib/libawt.dylib
0x00000001307d3000 	/Applications/jmonkeyplatform.app/Contents/Resources/jmonkeyplatform/jdk/lib/libmlib_image.dylib
0x00007ffa2fa68000 	/System/Library/Frameworks/JavaRuntimeSupport.framework/Versions/A/JavaRuntimeSupport
0x00007ff915d8b000 	/System/Library/Frameworks/Carbon.framework/Versions/A/Carbon
0x00007ff82db4f000 	/System/Library/Frameworks/Carbon.framework/Versions/A/Frameworks/CommonPanels.framework/Versions/A/CommonPanels
0x00007ff82934c000 	/System/Library/Frameworks/Carbon.framework/Versions/A/Frameworks/Help.framework/Versions/A/Help
0x00007ff82db53000 	/System/Library/Frameworks/Carbon.framework/Versions/A/Frameworks/ImageCapture.framework/Versions/A/ImageCapture
0x00007ff82db2b000 	/System/Library/Frameworks/Carbon.framework/Versions/A/Frameworks/OpenScripting.framework/Versions/A/OpenScripting
0x00007ff82db4b000 	/System/Library/Frameworks/Carbon.framework/Versions/A/Frameworks/Ink.framework/Versions/A/Ink
0x00007ff82db47000 	/System/Library/Frameworks/Carbon.framework/Versions/A/Frameworks/SecurityHI.framework/Versions/A/SecurityHI
0x0000000130a53000 	/Applications/jmonkeyplatform.app/Contents/Resources/jmonkeyplatform/jdk/lib/libawt_lwawt.dylib
0x00000001305cd000 	/Applications/jmonkeyplatform.app/Contents/Resources/jmonkeyplatform/jdk/lib/libosxapp.dylib
0x00007ff914edc000 	/System/Library/Frameworks/ExceptionHandling.framework/Versions/A/ExceptionHandling
0x0000000177f76000 	/Applications/jmonkeyplatform.app/Contents/Resources/jmonkeyplatform/jdk/lib/libfontmanager.dylib
0x0000000130d2f000 	/Applications/jmonkeyplatform.app/Contents/Resources/jmonkeyplatform/jdk/lib/libfreetype.dylib
0x00007ff826cb7000 	/System/Library/Frameworks/FileProvider.framework/Versions/A/FileProvider
0x00007ff81799d000 	/System/Library/Frameworks/Accounts.framework/Versions/A/Accounts
0x00007ff826e66000 	/System/Library/PrivateFrameworks/GenerationalStorage.framework/Versions/A/GenerationalStorage
0x00007ff8266c5000 	/System/Library/PrivateFrameworks/SymptomDiagnosticReporter.framework/Versions/A/SymptomDiagnosticReporter
0x00007ff81560b000 	/System/Library/PrivateFrameworks/DesktopServicesPriv.framework/Versions/A/DesktopServicesPriv
0x00007ff813fb7000 	/usr/lib/libsandbox.1.dylib
0x00007ff821f88000 	/System/Library/PrivateFrameworks/NetAuth.framework/Versions/A/NetAuth
0x00007ff82328b000 	/System/Library/PrivateFrameworks/Sharing.framework/Versions/A/Sharing
0x00007ff819cb2000 	/System/Library/PrivateFrameworks/login.framework/Versions/A/Frameworks/loginsupport.framework/Versions/A/loginsupport
0x00007ff828e5e000 	/System/Library/PrivateFrameworks/Apple80211.framework/Versions/A/Apple80211
0x00007ff81db4d000 	/System/Library/PrivateFrameworks/AuthKit.framework/Versions/A/AuthKit
0x00007ff81d08c000 	/System/Library/Frameworks/CoreWLAN.framework/Versions/A/CoreWLAN
0x00007ff917031000 	/usr/lib/swift/libswiftCoreAudio.dylib
0x00007ff91c41c000 	/usr/lib/swift/libswiftCoreLocation.dylib
0x00007ff81f913000 	/usr/lib/libIOReport.dylib
0x00007ff828e62000 	/System/Library/PrivateFrameworks/CoreWiFi.framework/Versions/A/CoreWiFi
0x00007ffa1d745000 	/System/Library/PrivateFrameworks/WiFiPeerToPeer.framework/Versions/A/WiFiPeerToPeer
0x00007ff81dcf3000 	/System/Library/Frameworks/UserNotifications.framework/Versions/A/UserNotifications
0x00007ff822489000 	/System/Library/PrivateFrameworks/CorePhoneNumbers.framework/Versions/A/CorePhoneNumbers
0x00007ff821c63000 	/System/Library/PrivateFrameworks/MultiverseSupport.framework/Versions/A/MultiverseSupport
0x00007ff82929b000 	/System/Library/PrivateFrameworks/RemoteServiceDiscovery.framework/Versions/A/RemoteServiceDiscovery
0x00007ff8267e0000 	/System/Library/PrivateFrameworks/DiskManagement.framework/Versions/A/DiskManagement
0x00007ff8266f8000 	/System/Library/PrivateFrameworks/AppleIDAuthSupport.framework/Versions/A/AppleIDAuthSupport
0x00007ffb13ed0000 	/System/Library/PrivateFrameworks/AAAFoundation.framework/Versions/A/AAAFoundation
0x00007ff82245e000 	/System/Library/PrivateFrameworks/KeychainCircle.framework/Versions/A/KeychainCircle
0x00007ff8292af000 	/System/Library/PrivateFrameworks/RemoteXPC.framework/Versions/A/RemoteXPC
0x00007ff829354000 	/usr/lib/libcsfde.dylib
0x00007ff81fabc000 	/usr/lib/libCoreStorage.dylib
0x00007ff8267ac000 	/System/Library/PrivateFrameworks/MediaKit.framework/Versions/A/MediaKit
0x00007ff826704000 	/System/Library/Frameworks/DiscRecording.framework/Versions/A/DiscRecording
0x00007ff8236a8000 	/System/Library/PrivateFrameworks/ProtectedCloudStorage.framework/Versions/A/ProtectedCloudStorage
0x00007ff829350000 	/System/Library/PrivateFrameworks/EFILogin.framework/Versions/A/EFILogin
0x00007ff826e8e000 	/System/Library/PrivateFrameworks/OctagonTrust.framework/Versions/A/OctagonTrust
0x00007ff81b20f000 	/System/Library/Frameworks/CoreLocation.framework/Versions/A/CoreLocation
0x00007ff823900000 	/System/Library/PrivateFrameworks/GeoServices.framework/Versions/A/GeoServices
0x00007ff821921000 	/System/Library/PrivateFrameworks/LocationSupport.framework/Versions/A/LocationSupport
0x00007ffb2214b000 	/System/Library/PrivateFrameworks/GeoServicesCore.framework/Versions/A/GeoServicesCore
0x00007ff911cfa000 	/System/Library/PrivateFrameworks/PhoneNumbers.framework/Versions/A/PhoneNumbers
0x00007ff81fab4000 	/usr/lib/libMatch.1.dylib
0x00007ff91fc85000 	/System/Library/CoreServices/RawCamera.bundle/Contents/MacOS/RawCamera
0x00007ff822363000 	/System/Library/PrivateFrameworks/MobileAsset.framework/Versions/A/MobileAsset
0x00007ffb15b99000 	/System/Library/PrivateFrameworks/AppleJPEGXL.framework/Versions/A/AppleJPEGXL
0x00007ff91cd81000 	/System/Library/PrivateFrameworks/SoftwareUpdateCoreSupport.framework/Versions/A/SoftwareUpdateCoreSupport
0x00007ff92442a000 	/System/Library/PrivateFrameworks/SoftwareUpdateCoreConnect.framework/Versions/A/SoftwareUpdateCoreConnect
0x00007ff829a55000 	/System/Library/PrivateFrameworks/StreamingZip.framework/Versions/A/StreamingZip
0x00007ff91ca10000 	/System/Library/PrivateFrameworks/MSUDataAccessor.framework/Versions/A/MSUDataAccessor
0x00007ff918b9d000 	/usr/lib/libbootpolicy.dylib
0x00007ff92af06000 	/usr/lib/libpartition2_dynamic.dylib
0x00007ffb17157000 	/System/Library/PrivateFrameworks/CMPhoto.framework/Versions/A/CMPhoto
0x00007ff8278ec000 	/System/Library/PrivateFrameworks/AppleVPA.framework/Versions/A/AppleVPA
0x00007ff820aa9000 	/System/Library/Frameworks/MediaToolbox.framework/Versions/A/MediaToolbox
0x00007ff826c87000 	/System/Library/PrivateFrameworks/CoreAVCHD.framework/Versions/A/CoreAVCHD
0x00007ff826c83000 	/System/Library/PrivateFrameworks/Mangrove.framework/Versions/A/Mangrove
0x00007ff82721e000 	/System/Library/Frameworks/CoreTelephony.framework/Versions/A/CoreTelephony
0x00007ff8268c8000 	/System/Library/PrivateFrameworks/CoreAUC.framework/Versions/A/CoreAUC
0x00007ff822492000 	/usr/lib/libTelephonyUtilDynamic.dylib
0x00007ff91c3ff000 	/System/Library/Frameworks/Accelerate.framework/Versions/A/Frameworks/vImage.framework/Versions/A/Libraries/libCGInterfaces.dylib
0x0000000130fd7000 	/usr/lib/libobjc-trampolines.dylib
0x00007ffc1fd8f000 	/usr/lib/libAccessibilityBaseImplementations.dylib
0x00007ff81fe2e000 	/System/Library/PrivateFrameworks/login.framework/Versions/A/login
0x00007ff827746000 	/System/Library/Frameworks/LocalAuthentication.framework/Versions/A/LocalAuthentication
0x00007ffb26f8d000 	/System/Library/PrivateFrameworks/LocalAuthenticationCore.framework/Versions/A/LocalAuthenticationCore
0x00007ff827787000 	/System/Library/Frameworks/LocalAuthentication.framework/Support/SharedUtils.framework/Versions/A/SharedUtils
0x00007ff8276e5000 	/System/Library/Frameworks/CryptoTokenKit.framework/Versions/A/CryptoTokenKit
0x00007ff8199c4000 	/System/Library/PrivateFrameworks/ViewBridge.framework/Versions/A/ViewBridge
0x00007ffb1484c000 	/System/Library/PrivateFrameworks/AccessibilityBundles.framework/Versions/A/AccessibilityBundles
0x00007ffa28a69000 	/System/Library/Frameworks/OpenGL.framework/Versions/A/Resources/GLEngine.bundle/GLEngine
0x00007ffa288dc000 	/System/Library/Frameworks/OpenGL.framework/Versions/A/Libraries/libGLProgrammability.dylib
0x000000017bc8b000 	/System/Library/Extensions/AppleMetalOpenGLRenderer.bundle/Contents/MacOS/AppleMetalOpenGLRenderer
0x00007ffa28bd9000 	/System/Library/Frameworks/OpenGL.framework/Versions/A/Resources/GLRendererFloat.bundle/GLRendererFloat
0x00007ffa29b60000 	/System/Library/Extensions/AGXMetal13_3.bundle/Contents/MacOS/AGXMetal13_3
0x00007ff910c34000 	/System/Library/PrivateFrameworks/IOGPU.framework/Versions/A/IOGPU
0x000000017bfae000 	/Applications/jmonkeyplatform.app/Contents/Resources/jmonkeyplatform/jdk/lib/libosxui.dylib
0x000000017c019000 	/Applications/jmonkeyplatform.app/Contents/Resources/jmonkeyplatform/jdk/lib/libprefs.dylib
0x00007ffc13d25000 	/System/Library/PrivateFrameworks/TextInputUI.framework/Versions/A/TextInputUI
0x00007ffc13d2d000 	/System/Library/PrivateFrameworks/TextInputUIMacHelper.framework/Versions/A/TextInputUIMacHelper
0x00000001f0cda000 	/Users/jasonsmacbookpro/Desktop/JHU/JHU 2024-2025/Game Development/Game Project/GameProgrammingProject/Perpetuality/libopenal.dylib
0x00000001f0d7d000 	/Users/jasonsmacbookpro/Desktop/JHU/JHU 2024-2025/Game Development/Game Project/GameProgrammingProject/Perpetuality/liblwjgl.dylib
0x000000017b859000 	/Applications/jmonkeyplatform.app/Contents/Resources/jmonkeyplatform/jdk/lib/libjawt.dylib


VM Arguments:
jvm_args: -Dfile.encoding=UTF-8 --module-path=/Users/jasonsmacbookpro/Desktop/JHU/JHU 2024-2025/Game Development/Game Project/GameProgrammingProject/Perpetuality/build/classes 
java_command: mygame.DialogBox
java_class_path (initial): /Applications/jmonkeyplatform.app/Contents/Resources/jmonkeyplatform/jmonkeyplatform/libs/jme3-jogg-3.6.1-stable.jar:/Applications/jmonkeyplatform.app/Contents/Resources/jmonkeyplatform/jmonkeyplatform/libs/j-ogg-vorbis-1.0.3.jar:/Applications/jmonkeyplatform.app/Contents/Resources/jmonkeyplatform/jmonkeyplatform/libs/jme3-networking-3.6.1-stable.jar:/Applications/jmonkeyplatform.app/Contents/Resources/jmonkeyplatform/jmonkeyplatform/libs/jme3-plugins-3.6.1-stable.jar:/Applications/jmonkeyplatform.app/Contents/Resources/jmonkeyplatform/jmonkeyplatform/libs/gson-2.9.1.jar:/Applications/jmonkeyplatform.app/Contents/Resources/jmonkeyplatform/jmonkeyplatform/libs/jme3-core-3.6.1-stable.jar:/Applications/jmonkeyplatform.app/Contents/Resources/jmonkeyplatform/jmonkeyplatform/libs/jme3-desktop-3.6.1-stable.jar:/Applications/jmonkeyplatform.app/Contents/Resources/jmonkeyplatform/jmonkeyplatform/libs/jme3-lwjgl-3.6.1-stable.jar:/Applications/jmonkeyplatform.app/Contents/Resources/jmonkeyplatform/jmonkeyplatform/libs/lwjgl-platform-2.9.5-natives-windows.jar:/Applications/jmonkeyplatform.app/Contents/Resources/jmonkeyplatform/jmonkeyplatform/libs/lwjgl-platform-2.9.5-natives-linux.jar:/Applications/jmonkeyplatform.app/Contents/Resources/jmonkeyplatform/jmonkeyplatform/libs/lwjgl-platform-2.9.5-natives-osx.jar:/Applications/jmonkeyplatform.app/Contents/Resources/jmonkeyplatform/jmonkeyplatform/libs/jinput-2.0.9.jar:/Applications/jmonkeyplatform.app/Contents/Resources/jmonkeyplatform/jmonkeyplatform/libs/jinput-2.0.9-natives-all.jar:/Applications/jmonkeyplatform.app/Contents/Resources/jmonkeyplatform/jmonkeyplatform/libs/lwjgl-2.9.5.jar:/Applications/jmonkeyplatform.app/Contents/Resources/jmonkeyplatform/jmonkeyplatform/libs/jme3-effects-3.6.1-stable.jar:/Applications/jmonkeyplatform.app/Contents/Resources/jmonkeyplatform/jmonkeyplatform/libs/jme3-terrain-3.6.1-stable.jar:/Applications/jmonkeyplatform.app/Contents/Resources/jmonkeyplatform/jmonkeypla
Launcher Type: SUN_STANDARD

[Global flags]
     intx CICompilerCount                          = 4                                         {product} {ergonomic}
     uint ConcGCThreads                            = 2                                         {product} {ergonomic}
     uint G1ConcRefinementThreads                  = 8                                         {product} {ergonomic}
   size_t G1HeapRegionSize                         = 2097152                                   {product} {ergonomic}
    uintx GCDrainStackTargetSize                   = 64                                        {product} {ergonomic}
   size_t InitialHeapSize                          = 268435456                                 {product} {ergonomic}
   size_t MarkStackSize                            = 4194304                                   {product} {ergonomic}
   size_t MaxHeapSize                              = 4294967296                                {product} {ergonomic}
   size_t MaxNewSize                               = 2575302656                                {product} {ergonomic}
   size_t MinHeapDeltaBytes                        = 2097152                                   {product} {ergonomic}
   size_t MinHeapSize                              = 8388608                                   {product} {ergonomic}
    uintx NonNMethodCodeHeapSize                   = 5839372                                {pd product} {ergonomic}
    uintx NonProfiledCodeHeapSize                  = 122909434                              {pd product} {ergonomic}
    uintx ProfiledCodeHeapSize                     = 122909434                              {pd product} {ergonomic}
    uintx ReservedCodeCacheSize                    = 251658240                              {pd product} {ergonomic}
     bool SegmentedCodeCache                       = true                                      {product} {ergonomic}
   size_t SoftMaxHeapSize                          = 4294967296                             {manageable} {ergonomic}
     bool UseCompressedClassPointers               = true                           {product lp64_product} {ergonomic}
     bool UseCompressedOops                        = true                           {product lp64_product} {ergonomic}
     bool UseG1GC                                  = true                                      {product} {ergonomic}
     bool UseNUMA                                  = false                                     {product} {ergonomic}
     bool UseNUMAInterleaving                      = false                                     {product} {ergonomic}

Logging:
Log output configuration:
 #0: stdout all=warning uptime,level,tags
 #1: stderr all=off uptime,level,tags

Environment Variables:
PATH=/usr/bin:/bin:/usr/sbin:/sbin
SHELL=/bin/zsh
DISPLAY=/private/tmp/com.apple.launchd.hd8gUjI7H3/org.xquartz:0
LC_CTYPE=UTF-8
TMPDIR=/var/folders/22/jswck5pj1wjb9_j0f0ky929w0000gn/T/

Active Locale:
LC_ALL=C/UTF-8/C/C/C/C
LC_COLLATE=C
LC_CTYPE=UTF-8
LC_MESSAGES=C
LC_MONETARY=C
LC_NUMERIC=C
LC_TIME=C

Signal Handlers:
   SIGSEGV: crash_handler in libjvm.dylib, mask=11100110100111111111111111111111, flags=SA_RESTART|SA_SIGINFO, unblocked
    SIGBUS: crash_handler in libjvm.dylib, mask=11100110100111111111111111111111, flags=SA_RESTART|SA_SIGINFO, unblocked
    SIGFPE: crash_handler in libjvm.dylib, mask=11100110100111111111111111111111, flags=SA_RESTART|SA_SIGINFO, unblocked
   SIGPIPE: javaSignalHandler in libjvm.dylib, mask=11100110100111111111111111111111, flags=SA_RESTART|SA_SIGINFO, blocked
   SIGXFSZ: javaSignalHandler in libjvm.dylib, mask=11100110100111111111111111111111, flags=SA_RESTART|SA_SIGINFO, blocked
    SIGILL: crash_handler in libjvm.dylib, mask=11100110100111111111111111111111, flags=SA_RESTART|SA_SIGINFO, unblocked
   SIGUSR2: SR_handler in libjvm.dylib, mask=00100000000000000000000000000000, flags=SA_RESTART|SA_SIGINFO, blocked
    SIGHUP: UserHandler in libjvm.dylib, mask=11100110100111111111111111111111, flags=SA_RESTART|SA_SIGINFO, blocked
    SIGINT: SIG_IGN, mask=11111111011111110111111111111111, flags=none, blocked
   SIGTERM: UserHandler in libjvm.dylib, mask=11100110100111111111111111111111, flags=SA_RESTART|SA_SIGINFO, blocked
   SIGQUIT: UserHandler in libjvm.dylib, mask=11100110100111111111111111111111, flags=SA_RESTART|SA_SIGINFO, blocked
   SIGTRAP: crash_handler in libjvm.dylib, mask=11100110100111111111111111111111, flags=SA_RESTART|SA_SIGINFO, unblocked


---------------  S Y S T E M  ---------------

OS:
uname: Darwin 23.2.0 Darwin Kernel Version 23.2.0: Wed Nov 15 21:53:34 PST 2023; root:xnu-10002.61.3~2/RELEASE_ARM64_T8103 x86_64
OS uptime: 1 days 12:43 hours
rlimit (soft/hard): STACK 8176k/65520k , CORE 0k/infinity , NPROC 2666/4000 , NOFILE 12544/infinity , AS infinity/infinity , CPU infinity/infinity , DATA infinity/infinity , FSIZE infinity/infinity , MEMLOCK infinity/infinity , RSS infinity/infinity
load average: 3.62 3.42 3.90

CPU: (EMULATED) total 8 (initial active 8) (1 cores per cpu, 1 threads per core) family 6 model 44 stepping 0 microcode 0x0, cx8, cmov, fxsr, mmx, sse, sse2, sse3, ssse3, sse4.1, sse4.2, popcnt, tsc, tscinvbit, aes, clmul, clflush
machdep.cpu.brand_string:Apple M1
hw.cpufrequency:2400000000
hw.cpufrequency_min:2400000000
hw.cpufrequency_max:2400000000
hw.cachelinesize:64
hw.l1icachesize:131072
hw.l1dcachesize:65536
hw.l2cachesize:4194304

Memory: 4k page, physical 16777216k(20768k free), swap 1048576k(1010752k free)

vm_info: OpenJDK 64-Bit Server VM (17.0.8.1+1) for bsd-amd64 JRE (17.0.8.1+1), built on Aug 23 2023 15:17:19 by "admin" with clang 4.2.1 Compatible Apple LLVM 10.0.1 (clang-1001.0.46.4)

END.
