#
# A fatal error has been detected by the Java Runtime Environment:
#
#  SIGSEGV (0xb) at pc=0x00007ff801fb508f, pid=95515, tid=98475
#
# JRE version: OpenJDK Runtime Environment Temurin-17.0.8.1+1 (17.0.8.1+1) (build 17.0.8.1+1)
# Java VM: OpenJDK 64-Bit Server VM Temurin-17.0.8.1+1 (17.0.8.1+1, mixed mode, sharing, tiered, compressed oops, compressed class ptrs, g1 gc, bsd-amd64)
# Problematic frame:
# C  [libobjc.A.dylib+0x908f]  objc_release+0x1f
#
# No core dump will be written. Core dumps have been disabled. To enable core dumping, try "ulimit -c unlimited" before starting Java again
#
# If you would like to submit a bug report, please visit:
#   https://github.com/adoptium/adoptium-support/issues
# The crash happened outside the Java Virtual Machine in native code.
# See problematic frame for where to report the bug.
#

---------------  S U M M A R Y ------------

Command Line: -Dfile.encoding=UTF-8 --module-path=/Users/jasonsmacbookpro/Desktop/JHU/JHU 2024-2025/Game Development/Game Project/GameProgrammingProject/Perpetuality/build/classes mygame.Main

Host: "MacBookPro17,1" x86_64 (EMULATED) 2400 MHz, 8 cores, 16G, Darwin 23.2.0, macOS 10.16 (23C71)
Time: Wed Oct  2 21:43:45 2024 EDT elapsed time: 4.507188 seconds (0d 0h 0m 4s)

---------------  T H R E A D  ---------------

Current thread (0x00007fdf3f831c00):  JavaThread "jME3 Main" [_thread_in_native, id=98475, stack(0x000000031084a000,0x000000031094a000)]

Stack: [0x000000031084a000,0x000000031094a000],  sp=0x00000003109494d8,  free space=1021k
Native frames: (J=compiled Java code, j=interpreted, Vv=VM code, C=native code)
C  [libobjc.A.dylib+0x908f]  objc_release+0x1f
C  [libobjc.A.dylib+0x9cf0]  objc_autoreleasePoolPop+0xeb
C  [CoreFoundation+0x3d291]  _CFAutoreleasePoolPop+0x16
C  [Foundation+0x1cfe1]  -[NSAutoreleasePool release]+0x85
C  [liblwjgl.dylib+0x16cce]  Java_org_lwjgl_opengl_MacOSXContextImplementation_setView+0x10e
j  org.lwjgl.opengl.MacOSXContextImplementation.setView(Ljava/nio/ByteBuffer;Ljava/nio/ByteBuffer;)V+0
j  org.lwjgl.opengl.MacOSXContextImplementation.makeCurrent(Lorg/lwjgl/opengl/PeerInfo;Ljava/nio/ByteBuffer;)V+7
j  org.lwjgl.opengl.ContextGL.makeCurrent()V+46
j  org.lwjgl.opengl.DrawableGL.makeCurrent()V+14
j  org.lwjgl.opengl.Display.makeCurrent()V+3
j  org.lwjgl.opengl.Display.makeCurrentAndSetSwapInterval()V+0
j  org.lwjgl.opengl.Display.create(Lorg/lwjgl/opengl/PixelFormat;Lorg/lwjgl/opengl/Drawable;Lorg/lwjgl/opengl/ContextAttribs;)V+108
j  org.lwjgl.opengl.Display.create(Lorg/lwjgl/opengl/PixelFormat;Lorg/lwjgl/opengl/ContextAttribs;)V+9
j  com.jme3.system.lwjgl.LwjglDisplay.createContext(Lcom/jme3/system/AppSettings;)V+427
j  com.jme3.system.lwjgl.LwjglAbstractDisplay.initInThread()Z+25
j  com.jme3.system.lwjgl.LwjglAbstractDisplay.run()V+36
j  java.lang.Thread.run()V+11 java.base@17.0.8.1
v  ~StubRoutines::call_stub
V  [libjvm.dylib+0x520e26]  JavaCalls::call_helper(JavaValue*, methodHandle const&, JavaCallArguments*, JavaThread*)+0x2b6
V  [libjvm.dylib+0x51fe87]  JavaCalls::call_virtual(JavaValue*, Klass*, Symbol*, Symbol*, JavaCallArguments*, JavaThread*)+0x147
V  [libjvm.dylib+0x51ff53]  JavaCalls::call_virtual(JavaValue*, Handle, Klass*, Symbol*, Symbol*, JavaThread*)+0x63
V  [libjvm.dylib+0x5ca794]  thread_entry(JavaThread*, JavaThread*)+0xb4
V  [libjvm.dylib+0xaacaef]  JavaThread::thread_main_inner()+0x14f
V  [libjvm.dylib+0xaaae5f]  Thread::call_run()+0xcf
V  [libjvm.dylib+0x8b3e8b]  thread_native_entry(Thread*)+0x14b
C  [libsystem_pthread.dylib+0x6202]  _pthread_start+0x63
C  [libsystem_pthread.dylib+0x1bab]  thread_start+0xf

Java frames: (J=compiled Java code, j=interpreted, Vv=VM code)
j  org.lwjgl.opengl.MacOSXContextImplementation.setView(Ljava/nio/ByteBuffer;Ljava/nio/ByteBuffer;)V+0
j  org.lwjgl.opengl.MacOSXContextImplementation.makeCurrent(Lorg/lwjgl/opengl/PeerInfo;Ljava/nio/ByteBuffer;)V+7
j  org.lwjgl.opengl.ContextGL.makeCurrent()V+46
j  org.lwjgl.opengl.DrawableGL.makeCurrent()V+14
j  org.lwjgl.opengl.Display.makeCurrent()V+3
j  org.lwjgl.opengl.Display.makeCurrentAndSetSwapInterval()V+0
j  org.lwjgl.opengl.Display.create(Lorg/lwjgl/opengl/PixelFormat;Lorg/lwjgl/opengl/Drawable;Lorg/lwjgl/opengl/ContextAttribs;)V+108
j  org.lwjgl.opengl.Display.create(Lorg/lwjgl/opengl/PixelFormat;Lorg/lwjgl/opengl/ContextAttribs;)V+9
j  com.jme3.system.lwjgl.LwjglDisplay.createContext(Lcom/jme3/system/AppSettings;)V+427
j  com.jme3.system.lwjgl.LwjglAbstractDisplay.initInThread()Z+25
j  com.jme3.system.lwjgl.LwjglAbstractDisplay.run()V+36
j  java.lang.Thread.run()V+11 java.base@17.0.8.1
v  ~StubRoutines::call_stub

siginfo: si_signo: 11 (SIGSEGV), si_code: 1 (SEGV_MAPERR), si_addr: 0x00002d715ec63320

Register to memory mapping:

RAX=0x00002d715ec63300 is an unknown value
RBX=0x00007fdf3e414000 points into unknown readable memory: 0x4f545541a1a1a1a1 | a1 a1 a1 a1 41 55 54 4f
RCX=0x00007ffffffffff8 is an unknown value
RDX=0x00002d715ec63300 is an unknown value
RSP=0x00000003109494d8 is pointing into the stack for thread: 0x00007fdf3f831c00
RBP=0x0000000310949510 is pointing into the stack for thread: 0x00007fdf3f831c00
RSI=0x0100000000000000 is an unknown value
RDI=0x0000600000e53300 points into unknown readable memory: 0x00002d715ec63300 | 00 33 c6 5e 71 2d 00 00
R8 =0x0e3de000024693e7 is an unknown value
R9 =0x00000000ffffff00 is an unknown value
R10=0x00007ff845861a20: OBJC_CLASS_$___NSCFType+0 in /System/Library/Frameworks/CoreFoundation.framework/Versions/A/CoreFoundation at 0x00007ff8023df000
R11=0x00007ff80242d2e1: -[__NSCFType release]+0 in /System/Library/Frameworks/CoreFoundation.framework/Versions/A/CoreFoundation at 0x00007ff8023df000
R12=0xa3a3a3a3a3a3a3a3 is an unknown value
R13=0x0000600000e53300 points into unknown readable memory: 0x00002d715ec63300 | 00 33 c6 5e 71 2d 00 00
R14=0x00007fdf3e4140f8 points into unknown readable memory: 0x0000000000000000 | 00 00 00 00 00 00 00 00
R15=0x0000000000000001 is an unknown value


Registers:
RAX=0x00002d715ec63300, RBX=0x00007fdf3e414000, RCX=0x00007ffffffffff8, RDX=0x00002d715ec63300
RSP=0x00000003109494d8, RBP=0x0000000310949510, RSI=0x0100000000000000, RDI=0x0000600000e53300
R8 =0x0e3de000024693e7, R9 =0x00000000ffffff00, R10=0x00007ff845861a20, R11=0x00007ff80242d2e1
R12=0xa3a3a3a3a3a3a3a3, R13=0x0000600000e53300, R14=0x00007fdf3e4140f8, R15=0x0000000000000001
RIP=0x00007ff801fb508f, EFLAGS=0x0000000000000246, ERR=0x0000000000000004
  TRAPNO=0x000000000000000e

Top of Stack: (sp=0x00000003109494d8)
0x00000003109494d8:   00007ff801fb89d7 f9be5a847f32007c
0x00000003109494e8:   00007fdf3e4140f8 0000600000e26fa0
0x00000003109494f8:   0000000174b6e0e8 00007fdf3e414000
0x0000000310949508:   00007fdf3f831eb0 0000000310949530
0x0000000310949518:   00007ff801fb5cf0 00007fdf3e4140f8
0x0000000310949528:   00007ff82241a7f9 0000000310949550
0x0000000310949538:   00007ff80241c291 f9be5a847f32007c
0x0000000310949548:   0000600000e26fa0 0000000310949590
0x0000000310949558:   00007ff803315fe1 00007ff844d47c40
0x0000000310949568:   0000000000000000 f9be5a847f32007c
0x0000000310949578:   0000600002451260 0000600000e52e50
0x0000000310949588:   00007fdf3f831eb0 00000003109495c0
0x0000000310949598:   00000001f2fdccce 0000000174b6e0f0
0x00000003109495a8:   0000000000000000 0000000310949658
0x00000003109495b8:   00007fdf3f831c00 0000000310949630
0x00000003109495c8:   0000000120604365 0000000310949630
0x00000003109495d8:   00000001206040fb 00000001206040b6
0x00000003109495e8:   00000003109495e8 0000000174b6e0e8
0x00000003109495f8:   0000000310949658 0000000174b6e680
0x0000000310949608:   0000000000000000 0000000701e30df8
0x0000000310949618:   0000000174b6e0f0 0000000000000000
0x0000000310949628:   0000000310949650 00000003109496a8
0x0000000310949638:   000000012060042b 0000000701e30df8
0x0000000310949648:   0000000120601f18 0000000701e3a930
0x0000000310949658:   00000007021c32d0 0000000310949660
0x0000000310949668:   0000000174b6dfcf 00000003109496d8
0x0000000310949678:   0000000174b6e680 0000000000000000
0x0000000310949688:   0000000701e30df8 0000000174b6e040
0x0000000310949698:   0000000310949650 00000003109496c8
0x00000003109496a8:   0000000310949738 000000012060088f
0x00000003109496b8:   0000000000000000 00000007021c32d0
0x00000003109496c8:   0000000701e3a930 00000007021c3210 

Instructions: (pc=0x00007ff801fb508f)
0x00007ff801fb4f8f:   00 4c 89 f7 e8 02 58 02 00 48 c7 05 25 c3 b2 41
0x00007ff801fb4f9f:   00 00 00 00 48 85 db 74 21 48 8b 3b 4c 8b 73 08
0x00007ff801fb4faf:   48 85 ff 74 05 e8 48 fd ff ff 48 89 df e8 d9 57
0x00007ff801fb4fbf:   02 00 4c 89 f3 4d 85 f6 75 df 5b 41 5c 41 5e 41
0x00007ff801fb4fcf:   5f 5d c3 4c 89 f7 e8 86 47 02 00 48 89 c3 65 8b
0x00007ff801fb4fdf:   04 25 18 00 00 00 f0 44 0f b1 25 26 f6 b2 41 74
0x00007ff801fb4fef:   0c 48 8d 3d 1d f6 b2 41 e8 40 58 02 00 48 89 df
0x00007ff801fb4fff:   e8 5e 56 02 00 90 e9 02 00 00 00 90 90 40 f6 c7
0x00007ff801fb500f:   01 75 4e 48 8b 07 a8 01 74 34 48 b9 00 00 00 00
0x00007ff801fb501f:   00 00 00 01 48 89 c2 48 c1 ea 37 74 34 48 89 c2
0x00007ff801fb502f:   48 01 ca 72 12 f0 48 0f b1 17 74 25 a8 01 75 e4
0x00007ff801fb503f:   31 f6 e9 fa 35 02 00 31 f6 e9 3b 73 00 00 48 b9
0x00007ff801fb504f:   f8 ff ff ff ff 7f 00 00 48 21 c8 f6 40 1e 01 74
0x00007ff801fb505f:   df 48 89 f8 c3 90 90 90 90 90 90 90 90 90 90 90
0x00007ff801fb506f:   90 48 85 ff 74 6f 89 f8 83 e0 01 75 68 48 b9 f8
0x00007ff801fb507f:   ff ff ff ff 7f 00 00 48 8b 07 48 89 c2 48 21 ca
0x00007ff801fb508f:   48 8b 72 20 40 f6 c6 04 74 4c a8 01 74 67 48 ba
0x00007ff801fb509f:   00 00 00 00 00 00 80 00 48 be 00 00 00 00 00 00
0x00007ff801fb50af:   00 01 48 39 d0 72 2e 49 89 c0 49 29 f0 72 17 f0
0x00007ff801fb50bf:   4c 0f b1 07 74 1a a8 01 75 e8 31 f6 ba 01 00 00
0x00007ff801fb50cf:   00 e9 47 31 02 00 be 01 00 00 00 e9 79 98 00 00
0x00007ff801fb50df:   49 39 d0 72 28 c3 66 83 7a 1e 00 79 0b 83 e6 02
0x00007ff801fb50ef:   74 06 f6 42 28 02 75 3b 48 8b 35 aa 0a f9 3f ff
0x00007ff801fb50ff:   25 04 f2 f8 3f f6 42 1e 01 74 bf eb d8 48 23 0f
0x00007ff801fb510f:   0f b7 41 1e 0f ba e0 0c 48 8d 05 8a 09 f9 3f 48
0x00007ff801fb511f:   8d 0d 23 09 f9 3f 48 0f 43 c8 48 8b 31 ff 25 d6
0x00007ff801fb512f:   f1 f8 3f 48 8b 05 97 bf b2 41 ff e0 90 e9 04 00
0x00007ff801fb513f:   00 00 90 90 90 90 55 48 89 e5 53 50 48 89 fb f6
0x00007ff801fb514f:   c3 01 75 21 48 b8 07 00 00 00 00 00 a0 00 48 23
0x00007ff801fb515f:   03 48 83 f8 01 75 15 48 89 df 48 83 c4 08 5b 5d
0x00007ff801fb516f:   e9 26 56 02 00 48 83 c4 08 5b 5d c3 48 89 df e8
0x00007ff801fb517f:   09 00 00 00 eb e1 90 90 90 90 90 90 90 55 48 89 


Stack slot to memory mapping:
stack at sp + 0 slots: 0x00007ff801fb89d7: _ZN19AutoreleasePoolPage12releaseUntilEPP11objc_object+0xa9 in /usr/lib/libobjc.A.dylib at 0x00007ff801fac000
stack at sp + 1 slots: 0xf9be5a847f32007c is an unknown value
stack at sp + 2 slots: 0x00007fdf3e4140f8 points into unknown readable memory: 0x0000000000000000 | 00 00 00 00 00 00 00 00
stack at sp + 3 slots: 0x0000600000e26fa0 points into unknown readable memory: 0x011dfff845867ad1 | d1 7a 86 45 f8 ff 1d 01
stack at sp + 4 slots: 0x0000000174b6e0e8 is pointing into metadata
stack at sp + 5 slots: 0x00007fdf3e414000 points into unknown readable memory: 0x4f545541a1a1a1a1 | a1 a1 a1 a1 41 55 54 4f
stack at sp + 6 slots: 0x00007fdf3f831eb0 points into unknown readable memory: 0x000000010f8bb898 | 98 b8 8b 0f 01 00 00 00
stack at sp + 7 slots: 0x0000000310949530 is pointing into the stack for thread: 0x00007fdf3f831c00


---------------  P R O C E S S  ---------------

Threads class SMR info:
_java_thread_list=0x00006000000e69a0, length=20, elements={
0x00007fdf3e02f600, 0x00007fdf3e031e00, 0x00007fdf3e031200, 0x00007fdf3e034c00,
0x00007fdf3e035200, 0x00007fdf3e035800, 0x00007fdf3e035e00, 0x00007fdf480c2400,
0x00007fdf3e02a000, 0x00007fdf480c3200, 0x00007fdf3e038000, 0x00007fdf3f035a00,
0x00007fdf3e178000, 0x00007fdf48151800, 0x00007fdf481aa000, 0x00007fdf3e205400,
0x00007fdf48159000, 0x00007fdf3e2c4e00, 0x00007fdf3f831c00, 0x00007fdf3f809c00
}

Java Threads: ( => current thread )
  0x00007fdf3e02f600 JavaThread "Reference Handler" daemon [_thread_blocked, id=22799, stack(0x000000030ea24000,0x000000030eb24000)]
  0x00007fdf3e031e00 JavaThread "Finalizer" daemon [_thread_blocked, id=23043, stack(0x000000030eb27000,0x000000030ec27000)]
  0x00007fdf3e031200 JavaThread "Signal Dispatcher" daemon [_thread_blocked, id=25091, stack(0x000000030ed3b000,0x000000030ee3b000)]
  0x00007fdf3e034c00 JavaThread "Service Thread" daemon [_thread_blocked, id=25603, stack(0x000000030ee3e000,0x000000030ef3e000)]
  0x00007fdf3e035200 JavaThread "Monitor Deflation Thread" daemon [_thread_blocked, id=26115, stack(0x000000030ef41000,0x000000030f041000)]
  0x00007fdf3e035800 JavaThread "C2 CompilerThread0" daemon [_thread_blocked, id=29443, stack(0x000000030f044000,0x000000030f144000)]
  0x00007fdf3e035e00 JavaThread "C1 CompilerThread0" daemon [_thread_blocked, id=28931, stack(0x000000030f147000,0x000000030f247000)]
  0x00007fdf480c2400 JavaThread "Sweeper thread" daemon [_thread_blocked, id=26627, stack(0x000000030f24a000,0x000000030f34a000)]
  0x00007fdf3e02a000 JavaThread "Common-Cleaner" daemon [_thread_blocked, id=27187, stack(0x000000030f34d000,0x000000030f44d000)]
  0x00007fdf480c3200 JavaThread "Notification Thread" daemon [_thread_blocked, id=43287, stack(0x000000030f450000,0x000000030f550000)]
  0x00007fdf3e038000 JavaThread "AppKit Thread" daemon [_thread_in_native, id=259, stack(0x000000030da8c000,0x000000030e28c000)]
  0x00007fdf3f035a00 JavaThread "AWT-Shutdown" [_thread_blocked, id=63515, stack(0x000000030f656000,0x000000030f756000)]
  0x00007fdf3e178000 JavaThread "AWT-EventQueue-0" [_thread_blocked, id=76827, stack(0x000000030fa82000,0x000000030fb82000)]
  0x00007fdf48151800 JavaThread "Java2D Queue Flusher" daemon [_thread_blocked, id=76095, stack(0x000000030fb85000,0x000000030fc85000)]
  0x00007fdf481aa000 JavaThread "Java2D Disposer" daemon [_thread_blocked, id=88931, stack(0x000000030fc88000,0x000000030fd88000)]
  0x00007fdf3e205400 JavaThread "Timer-0" daemon [_thread_blocked, id=94539, stack(0x000000030fd8b000,0x000000030fe8b000)]
  0x00007fdf48159000 JavaThread "Image Fetcher 0" daemon [_thread_blocked, id=89951, stack(0x000000030fe8e000,0x000000030ff8e000)]
  0x00007fdf3e2c4e00 JavaThread "TimerQueue" daemon [_thread_blocked, id=96659, stack(0x000000030ff91000,0x0000000310091000)]
=>0x00007fdf3f831c00 JavaThread "jME3 Main" [_thread_in_native, id=98475, stack(0x000000031084a000,0x000000031094a000)]
  0x00007fdf3f809c00 JavaThread "DestroyJavaVM" [_thread_blocked, id=16131, stack(0x000000030e30f000,0x000000030e40f000)]

Other Threads:
  0x00007fdf3df086e0 VMThread "VM Thread" [stack: 0x000000030e921000,0x000000030ea21000] [id=22275]
  0x00007fdf3e90a870 WatcherThread [stack: 0x000000030f553000,0x000000030f653000] [id=33027]
  0x00007fdf3e806850 GCTaskThread "GC Thread#0" [stack: 0x000000030e412000,0x000000030e512000] [id=21251]
  0x00007fdf3e8ad3d0 GCTaskThread "GC Thread#1" [stack: 0x000000031033b000,0x000000031043b000] [id=102943]
  0x00007fdf3e863060 GCTaskThread "GC Thread#2" [stack: 0x000000031043e000,0x000000031053e000] [id=115719]
  0x00007fdf3e96a2b0 GCTaskThread "GC Thread#3" [stack: 0x0000000310541000,0x0000000310641000] [id=104195]
  0x00007fdf3e96a730 GCTaskThread "GC Thread#4" [stack: 0x0000000310644000,0x0000000310744000] [id=104451]
  0x00007fdf3ea45a40 GCTaskThread "GC Thread#5" [stack: 0x0000000310747000,0x0000000310847000] [id=114691]
  0x00007fdf3e806f00 ConcurrentGCThread "G1 Main Marker" [stack: 0x000000030e515000,0x000000030e615000] [id=20739]
  0x00007fdf3ea044f0 ConcurrentGCThread "G1 Conc#0" [stack: 0x000000030e618000,0x000000030e718000] [id=19971]
  0x00007fdf3e9062e0 ConcurrentGCThread "G1 Refine#0" [stack: 0x000000030e71b000,0x000000030e81b000] [id=19459]
  0x00007fdf3e906b80 ConcurrentGCThread "G1 Service" [stack: 0x000000030e81e000,0x000000030e91e000] [id=17411]

Threads with active compile tasks:

VM state: not at safepoint (normal execution)

VM Mutex/Monitor currently owned by a thread: None

Heap address: 0x0000000700000000, size: 4096 MB, Compressed Oops mode: Zero based, Oop shift amount: 3

CDS archive(s) mapped at: [0x0000000133000000-0x0000000133bdf000-0x0000000133bdf000), size 12447744, SharedBaseAddress: 0x0000000133000000, ArchiveRelocationMode: 1.
Compressed class space mapped at: 0x0000000134000000-0x0000000174000000, reserved size: 1073741824
Narrow klass base: 0x0000000133000000, Narrow klass shift: 0, Narrow klass range: 0x100000000

GC Precious Log:
 CPUs: 8 total, 8 available
 Memory: 16384M
 Large Page Support: Disabled
 NUMA Support: Disabled
 Compressed Oops: Enabled (Zero based)
 Heap Region Size: 2M
 Heap Min Capacity: 8M
 Heap Initial Capacity: 256M
 Heap Max Capacity: 4G
 Pre-touch: Disabled
 Parallel Workers: 8
 Concurrent Workers: 2
 Concurrent Refinement Workers: 8
 Periodic GC: Disabled

Heap:
 garbage-first heap   total 40960K, used 12012K [0x0000000700000000, 0x0000000800000000)
  region size 2048K, 3 young (6144K), 0 survivors (0K)
 Metaspace       used 12416K, committed 12672K, reserved 1114112K
  class space    used 1481K, committed 1600K, reserved 1048576K

Heap Regions: E=young(eden), S=young(survivor), O=old, HS=humongous(starts), HC=humongous(continues), CS=collection set, F=free, OA=open archive, CA=closed archive, TAMS=top-at-mark-start (previous, next)
|   0|0x0000000700000000, 0x0000000700200000, 0x0000000700200000|100%|HS|  |TAMS 0x0000000700200000, 0x0000000700000000| Untracked 
|   1|0x0000000700200000, 0x0000000700378678, 0x0000000700400000| 73%| O|  |TAMS 0x0000000700200000, 0x0000000700200000| Untracked 
|   2|0x0000000700400000, 0x0000000700600000, 0x0000000700600000|100%| O|  |TAMS 0x0000000700400000, 0x0000000700400000| Untracked 
|   3|0x0000000700600000, 0x000000070064cd28, 0x0000000700800000| 15%| O|  |TAMS 0x0000000700600000, 0x0000000700600000| Untracked 
|   4|0x0000000700800000, 0x0000000700800000, 0x0000000700a00000|  0%| F|  |TAMS 0x0000000700800000, 0x0000000700800000| Untracked 
|   5|0x0000000700a00000, 0x0000000700a00000, 0x0000000700c00000|  0%| F|  |TAMS 0x0000000700a00000, 0x0000000700a00000| Untracked 
|   6|0x0000000700c00000, 0x0000000700c00000, 0x0000000700e00000|  0%| F|  |TAMS 0x0000000700c00000, 0x0000000700c00000| Untracked 
|   7|0x0000000700e00000, 0x0000000700e00000, 0x0000000701000000|  0%| F|  |TAMS 0x0000000700e00000, 0x0000000700e00000| Untracked 
|   8|0x0000000701000000, 0x0000000701000000, 0x0000000701200000|  0%| F|  |TAMS 0x0000000701000000, 0x0000000701000000| Untracked 
|   9|0x0000000701200000, 0x0000000701200000, 0x0000000701400000|  0%| F|  |TAMS 0x0000000701200000, 0x0000000701200000| Untracked 
|  10|0x0000000701400000, 0x0000000701400000, 0x0000000701600000|  0%| F|  |TAMS 0x0000000701400000, 0x0000000701400000| Untracked 
|  11|0x0000000701600000, 0x0000000701600000, 0x0000000701800000|  0%| F|  |TAMS 0x0000000701600000, 0x0000000701600000| Untracked 
|  12|0x0000000701800000, 0x0000000701800000, 0x0000000701a00000|  0%| F|  |TAMS 0x0000000701800000, 0x0000000701800000| Untracked 
|  13|0x0000000701a00000, 0x0000000701a00000, 0x0000000701c00000|  0%| F|  |TAMS 0x0000000701a00000, 0x0000000701a00000| Untracked 
|  14|0x0000000701c00000, 0x0000000701c00000, 0x0000000701e00000|  0%| F|  |TAMS 0x0000000701c00000, 0x0000000701c00000| Untracked 
|  15|0x0000000701e00000, 0x0000000701e45f80, 0x0000000702000000| 13%| E|  |TAMS 0x0000000701e00000, 0x0000000701e00000| Complete 
|  16|0x0000000702000000, 0x0000000702200000, 0x0000000702200000|100%| E|CS|TAMS 0x0000000702000000, 0x0000000702000000| Complete 
|  17|0x0000000702200000, 0x0000000702400000, 0x0000000702400000|100%| E|CS|TAMS 0x0000000702200000, 0x0000000702200000| Complete 
|2046|0x00000007ffc00000, 0x00000007ffd76000, 0x00000007ffe00000| 73%|OA|  |TAMS 0x00000007ffd76000, 0x00000007ffc00000| Untracked 
|2047|0x00000007ffe00000, 0x00000007ffe80000, 0x0000000800000000| 25%|CA|  |TAMS 0x00000007ffe00000, 0x00000007ffe00000| Untracked 

Card table byte_map: [0x000000010e241000,0x000000010ea41000] _byte_map_base: 0x000000010aa41000

Marking Bits (Prev, Next): (CMBitMap*) 0x00007fdf3f80c410, (CMBitMap*) 0x00007fdf3f80c450
 Prev Bits: [0x00000001288c0000, 0x000000012c8c0000)
 Next Bits: [0x000000012c8c0000, 0x00000001308c0000)

Polling page: 0x0000000104fb6000

Metaspace:

Usage:
  Non-class:     10.68 MB used.
      Class:      1.45 MB used.
       Both:     12.13 MB used.

Virtual space:
  Non-class space:       64.00 MB reserved,      10.81 MB ( 17%) committed,  1 nodes.
      Class space:        1.00 GB reserved,       1.56 MB ( <1%) committed,  1 nodes.
             Both:        1.06 GB reserved,      12.38 MB (  1%) committed. 

Chunk freelists:
   Non-Class:  4.55 MB
       Class:  14.48 MB
        Both:  19.03 MB

MaxMetaspaceSize: unlimited
CompressedClassSpaceSize: 1.00 GB
Initial GC threshold: 21.00 MB
Current GC threshold: 21.00 MB
CDS: on
MetaspaceReclaimPolicy: balanced
 - commit_granule_bytes: 65536.
 - commit_granule_words: 8192.
 - virtual_space_node_default_size: 8388608.
 - enlarge_chunks_in_place: 1.
 - new_chunks_are_fully_committed: 0.
 - uncommit_free_chunks: 1.
 - use_allocation_guard: 0.
 - handle_deallocations: 1.


Internal statistics:

num_allocs_failed_limit: 0.
num_arena_births: 158.
num_arena_deaths: 2.
num_vsnodes_births: 2.
num_vsnodes_deaths: 0.
num_space_committed: 198.
num_space_uncommitted: 0.
num_chunks_returned_to_freelist: 3.
num_chunks_taken_from_freelist: 274.
num_chunk_merges: 0.
num_chunk_splits: 170.
num_chunks_enlarged: 109.
num_inconsistent_stats: 0.

CodeHeap 'non-profiled nmethods': size=120028Kb used=469Kb max_used=469Kb free=119558Kb
 bounds [0x0000000120b89000, 0x0000000120df9000, 0x00000001280c0000]
CodeHeap 'profiled nmethods': size=120028Kb used=2593Kb max_used=2593Kb free=117434Kb
 bounds [0x00000001190c0000, 0x0000000119350000, 0x00000001205f7000]
CodeHeap 'non-nmethods': size=5704Kb used=1340Kb max_used=1349Kb free=4363Kb
 bounds [0x00000001205f7000, 0x0000000120867000, 0x0000000120b89000]
 total_blobs=2256 nmethods=1562 adapters=608
 compilation: enabled
              stopped_count=0, restarted_count=0
 full_count=0

Compilation events (20 events):
Event: 4.493 Thread 0x00007fdf3e035e00 1553       3       java.lang.reflect.ReflectAccess::getRoot (5 bytes)
Event: 4.494 Thread 0x00007fdf3e035e00 nmethod 1553 0x0000000119344d90 code [0x0000000119344f40, 0x0000000119345100]
Event: 4.494 Thread 0x00007fdf3e035e00 1555       1       java.lang.reflect.Field::getRoot (5 bytes)
Event: 4.494 Thread 0x00007fdf3e035e00 nmethod 1555 0x0000000120bfe190 code [0x0000000120bfe320, 0x0000000120bfe3f0]
Event: 4.494 Thread 0x00007fdf3e035e00 1556       3       java.lang.reflect.Field::setFieldAccessor (34 bytes)
Event: 4.494 Thread 0x00007fdf3e035e00 nmethod 1556 0x0000000119345210 code [0x00000001193453e0, 0x0000000119345820]
Event: 4.495 Thread 0x00007fdf3e035e00 1557       3       java.lang.Short::valueOf (37 bytes)
Event: 4.495 Thread 0x00007fdf3e035e00 nmethod 1557 0x0000000119345910 code [0x0000000119345ae0, 0x0000000119345df0]
Event: 4.495 Thread 0x00007fdf3e035e00 1558       3       java.lang.Short::hashCode (8 bytes)
Event: 4.495 Thread 0x00007fdf3e035e00 nmethod 1558 0x0000000119345f10 code [0x00000001193460c0, 0x0000000119346210]
Event: 4.495 Thread 0x00007fdf3e035e00 1559       3       java.nio.Buffer::remaining (20 bytes)
Event: 4.495 Thread 0x00007fdf3e035e00 nmethod 1559 0x0000000119346310 code [0x00000001193464c0, 0x0000000119346650]
Event: 4.496 Thread 0x00007fdf3e035e00 1560   !   3       java.util.zip.ZipFile$ZipFileInputStream::read (135 bytes)
Event: 4.497 Thread 0x00007fdf3e035e00 nmethod 1560 0x0000000119346710 code [0x0000000119346920, 0x0000000119346fb0]
Event: 4.497 Thread 0x00007fdf3e035e00 1561       3       java.util.zip.ZipFile::ensureOpenOrZipException (19 bytes)
Event: 4.497 Thread 0x00007fdf3e035e00 nmethod 1561 0x0000000119347310 code [0x00000001193474c0, 0x0000000119347680]
Event: 4.497 Thread 0x00007fdf3e035e00 1562   !   3       java.util.zip.ZipFile$Source::readAt (39 bytes)
Event: 4.497 Thread 0x00007fdf3e035e00 nmethod 1562 0x0000000119347790 code [0x0000000119347980, 0x0000000119347e20]
Event: 4.497 Thread 0x00007fdf3e035e00 1563       3       java.util.Collections$SetFromMap::add (22 bytes)
Event: 4.497 Thread 0x00007fdf3e035e00 nmethod 1563 0x0000000119348190 code [0x0000000119348340, 0x0000000119348580]

GC Heap History (4 events):
Event: 4.166 GC heap before
{Heap before GC invocations=0 (full 0):
 garbage-first heap   total 266240K, used 14296K [0x0000000700000000, 0x0000000800000000)
  region size 2048K, 7 young (14336K), 0 survivors (0K)
 Metaspace       used 11354K, committed 11584K, reserved 1114112K
  class space    used 1371K, committed 1472K, reserved 1048576K
}
Event: 4.196 GC heap after
{Heap after GC invocations=1 (full 1):
 garbage-first heap   total 55296K, used 7916K [0x0000000700000000, 0x0000000800000000)
  region size 2048K, 0 young (0K), 0 survivors (0K)
 Metaspace       used 11352K, committed 11584K, reserved 1114112K
  class space    used 1370K, committed 1472K, reserved 1048576K
}
Event: 4.207 GC heap before
{Heap before GC invocations=1 (full 1):
 garbage-first heap   total 55296K, used 7916K [0x0000000700000000, 0x0000000800000000)
  region size 2048K, 1 young (2048K), 0 survivors (0K)
 Metaspace       used 11352K, committed 11584K, reserved 1114112K
  class space    used 1370K, committed 1472K, reserved 1048576K
}
Event: 4.215 GC heap after
{Heap after GC invocations=2 (full 2):
 garbage-first heap   total 40960K, used 7916K [0x0000000700000000, 0x0000000800000000)
  region size 2048K, 0 young (0K), 0 survivors (0K)
 Metaspace       used 11352K, committed 11584K, reserved 1114112K
  class space    used 1370K, committed 1472K, reserved 1048576K
}

Dll operation events (11 events):
Event: 0.045 Loaded shared library /Applications/jmonkeyplatform.app/Contents/Resources/jmonkeyplatform/jdk/lib/libjava.dylib
Event: 0.145 Loaded shared library /Applications/jmonkeyplatform.app/Contents/Resources/jmonkeyplatform/jdk/lib/libnio.dylib
Event: 0.239 Loaded shared library /Applications/jmonkeyplatform.app/Contents/Resources/jmonkeyplatform/jdk/lib/libzip.dylib
Event: 0.293 Loaded shared library /Applications/jmonkeyplatform.app/Contents/Resources/jmonkeyplatform/jdk/lib/libjimage.dylib
Event: 0.464 Loaded shared library /Applications/jmonkeyplatform.app/Contents/Resources/jmonkeyplatform/jdk/lib/libawt.dylib
Event: 0.533 Loaded shared library /Applications/jmonkeyplatform.app/Contents/Resources/jmonkeyplatform/jdk/lib/libawt_lwawt.dylib
Event: 0.586 Loaded shared library /Applications/jmonkeyplatform.app/Contents/Resources/jmonkeyplatform/jdk/lib/libfontmanager.dylib
Event: 1.846 Loaded shared library /Applications/jmonkeyplatform.app/Contents/Resources/jmonkeyplatform/jdk/lib/libosxui.dylib
Event: 2.034 Loaded shared library /Applications/jmonkeyplatform.app/Contents/Resources/jmonkeyplatform/jdk/lib/libprefs.dylib
Event: 4.383 Loaded shared library /Users/jasonsmacbookpro/Desktop/JHU/JHU 2024-2025/Game Development/Game Project/GameProgrammingProject/Perpetuality/libopenal.dylib
Event: 4.401 Loaded shared library /Users/jasonsmacbookpro/Desktop/JHU/JHU 2024-2025/Game Development/Game Project/GameProgrammingProject/Perpetuality/liblwjgl.dylib

Deoptimization events (20 events):
Event: 3.251 Thread 0x00007fdf3e178000 Uncommon trap: trap_request=0xffffffde fr.pc=0x0000000120ba07b8 relative=0x0000000000000198
Event: 3.251 Thread 0x00007fdf3e178000 Uncommon trap: reason=class_check action=maybe_recompile pc=0x0000000120ba07b8 method=java.lang.String.equals(Ljava/lang/Object;)Z @ 8 c2
Event: 3.251 Thread 0x00007fdf3e178000 DEOPT PACKING pc=0x0000000120ba07b8 sp=0x000000030fb80320
Event: 3.251 Thread 0x00007fdf3e178000 DEOPT UNPACKING pc=0x000000012064d693 sp=0x000000030fb802d8 mode 2
Event: 3.252 Thread 0x00007fdf3e178000 Uncommon trap: trap_request=0xffffffde fr.pc=0x0000000120ba07b8 relative=0x0000000000000198
Event: 3.252 Thread 0x00007fdf3e178000 Uncommon trap: reason=class_check action=maybe_recompile pc=0x0000000120ba07b8 method=java.lang.String.equals(Ljava/lang/Object;)Z @ 8 c2
Event: 3.252 Thread 0x00007fdf3e178000 DEOPT PACKING pc=0x0000000120ba07b8 sp=0x000000030fb802b0
Event: 3.252 Thread 0x00007fdf3e178000 DEOPT UNPACKING pc=0x000000012064d693 sp=0x000000030fb80268 mode 2
Event: 4.081 Thread 0x00007fdf3e178000 Uncommon trap: trap_request=0xffffffc6 fr.pc=0x0000000120bc6aa0 relative=0x0000000000000440
Event: 4.081 Thread 0x00007fdf3e178000 Uncommon trap: reason=bimorphic_or_optimized_type_check action=maybe_recompile pc=0x0000000120bc6aa0 method=java.util.HashMap.getNode(Ljava/lang/Object;)Ljava/util/HashMap$Node; @ 128 c2
Event: 4.081 Thread 0x00007fdf3e178000 DEOPT PACKING pc=0x0000000120bc6aa0 sp=0x000000030fb7fe10
Event: 4.081 Thread 0x00007fdf3e178000 DEOPT UNPACKING pc=0x000000012064d693 sp=0x000000030fb7fda8 mode 2
Event: 4.321 Thread 0x00007fdf3f831c00 Uncommon trap: trap_request=0xffffff45 fr.pc=0x0000000120bf3e10 relative=0x0000000000000570
Event: 4.321 Thread 0x00007fdf3f831c00 Uncommon trap: reason=unstable_if action=reinterpret pc=0x0000000120bf3e10 method=java.lang.AbstractStringBuilder.append(Ljava/lang/String;)Ljava/lang/AbstractStringBuilder; @ 1 c2
Event: 4.321 Thread 0x00007fdf3f831c00 DEOPT PACKING pc=0x0000000120bf3e10 sp=0x00000003109488f0
Event: 4.321 Thread 0x00007fdf3f831c00 DEOPT UNPACKING pc=0x000000012064d693 sp=0x0000000310948880 mode 2
Event: 4.321 Thread 0x00007fdf3f831c00 Uncommon trap: trap_request=0xffffff45 fr.pc=0x0000000120bf2f70 relative=0x0000000000000550
Event: 4.321 Thread 0x00007fdf3f831c00 Uncommon trap: reason=unstable_if action=reinterpret pc=0x0000000120bf2f70 method=java.lang.AbstractStringBuilder.append(Ljava/lang/String;)Ljava/lang/AbstractStringBuilder; @ 1 c2
Event: 4.321 Thread 0x00007fdf3f831c00 DEOPT PACKING pc=0x0000000120bf2f70 sp=0x0000000310948890
Event: 4.321 Thread 0x00007fdf3f831c00 DEOPT UNPACKING pc=0x000000012064d693 sp=0x0000000310948878 mode 2

Classes unloaded (1 events):
Event: 4.176 Thread 0x00007fdf3df086e0 Unloading class 0x0000000134142800 'java/lang/invoke/LambdaForm$DMH+0x0000000134142800'

Classes redefined (0 events):
No events

Internal exceptions (20 events):
Event: 1.855 Thread 0x00007fdf3e178000 Exception <a 'java/lang/NoSuchMethodError'{0x000000070f85a338}: 'void java.lang.invoke.DirectMethodHandle$Holder.invokeStaticInit(java.lang.Object)'> (0x000000070f85a338) 
thrown [src/hotspot/share/interpreter/linkResolver.cpp, line 759]
Event: 1.923 Thread 0x00007fdf3e178000 Exception <a 'java/lang/NoSuchMethodError'{0x000000070f95f3e0}: 'java.lang.Object java.lang.invoke.DirectMethodHandle$Holder.newInvokeSpecial(java.lang.Object, java.lang.Object, java.lang.Object, java.lang.Object, java.lang.Object)'> (0x000000070f95f3e0) 
thrown [src/hotspot/share/interpreter/linkResolver.cpp, line 759]
Event: 1.929 Thread 0x00007fdf3e178000 Exception <a 'java/lang/NoSuchMethodError'{0x000000070f96ada8}: 'java.lang.Object java.lang.invoke.DirectMethodHandle$Holder.invokeStatic(java.lang.Object, int, java.lang.Object, java.lang.Object, java.lang.Object, java.lang.Object)'> (0x000000070f96ada8) 
thrown [src/hotspot/share/interpreter/linkResolver.cpp, line 759]
Event: 1.941 Thread 0x00007fdf3e178000 Exception <a 'java/lang/NoSuchMethodError'{0x000000070f990498}: 'java.lang.Object java.lang.invoke.DirectMethodHandle$Holder.invokeStatic(java.lang.Object, int, java.lang.Object)'> (0x000000070f990498) 
thrown [src/hotspot/share/interpreter/linkResolver.cpp, line 759]
Event: 1.957 Thread 0x00007fdf3e178000 Exception <a 'java/lang/ClassNotFoundException'{0x000000070f9c1470}: com/apple/laf/resources/spi/aquaProvider> (0x000000070f9c1470) 
thrown [src/hotspot/share/classfile/systemDictionary.cpp, line 256]
Event: 1.996 Thread 0x00007fdf3e178000 Exception <a 'java/lang/ClassNotFoundException'{0x000000070f630b70}: com/sun/swing/internal/plaf/basic/resources/spi/basicProvider> (0x000000070f630b70) 
thrown [src/hotspot/share/classfile/systemDictionary.cpp, line 256]
Event: 2.066 Thread 0x00007fdf48159000 Exception <a 'java/lang/NoSuchMethodError'{0x000000070f714430}: 'java.lang.Object java.lang.invoke.DirectMethodHandle$Holder.newInvokeSpecial(java.lang.Object, java.lang.Object, java.lang.Object, int, int, int, int, int)'> (0x000000070f714430) 
thrown [src/hotspot/share/interpreter/linkResolver.cpp, line 759]
Event: 2.261 Thread 0x00007fdf3e178000 Exception <a 'java/lang/NoSuchMethodError'{0x000000070f48ed50}: 'java.lang.Object java.lang.invoke.DirectMethodHandle$Holder.newInvokeSpecial(java.lang.Object, java.lang.Object, java.lang.Object, int, java.lang.Object)'> (0x000000070f48ed50) 
thrown [src/hotspot/share/interpreter/linkResolver.cpp, line 759]
Event: 2.261 Thread 0x00007fdf3e178000 Exception <a 'java/lang/NoSuchMethodError'{0x000000070f496910}: 'java.lang.Object java.lang.invoke.Invokers$Holder.linkToTargetMethod(java.lang.Object, java.lang.Object, int, java.lang.Object, java.lang.Object)'> (0x000000070f496910) 
thrown [src/hotspot/share/interpreter/linkResolver.cpp, line 759]
Event: 2.311 Thread 0x00007fdf3e178000 Exception <a 'java/lang/NoSuchMethodError'{0x000000070f4a8058}: 'java.lang.Object java.lang.invoke.Invokers$Holder.linkToTargetMethod(int, int, int, int, java.lang.Object)'> (0x000000070f4a8058) 
thrown [src/hotspot/share/interpreter/linkResolver.cpp, line 759]
Event: 2.312 Thread 0x00007fdf3e178000 Exception <a 'java/lang/NoSuchMethodError'{0x000000070f4abde8}: 'void java.lang.invoke.DirectMethodHandle$Holder.invokeStatic(java.lang.Object, java.lang.Object, long)'> (0x000000070f4abde8) 
thrown [src/hotspot/share/interpreter/linkResolver.cpp, line 759]
Event: 2.315 Thread 0x00007fdf3e038000 Exception <a 'java/lang/NoSuchMethodError'{0x000000070f8e5028}: 'void java.lang.invoke.DirectMethodHandle$Holder.invokeStatic(java.lang.Object, java.lang.Object, long)'> (0x000000070f8e5028) 
thrown [src/hotspot/share/interpreter/linkResolver.cpp, line 759]
Event: 2.333 Thread 0x00007fdf3e038000 Exception <a 'java/lang/NoSuchMethodError'{0x000000070f9041c0}: 'void java.lang.invoke.DirectMethodHandle$Holder.invokeSpecial(java.lang.Object, java.lang.Object, long)'> (0x000000070f9041c0) 
thrown [src/hotspot/share/interpreter/linkResolver.cpp, line 759]
Event: 3.050 Thread 0x00007fdf3e038000 Exception <a 'java/lang/NoSuchMethodError'{0x000000070f911680}: 'void java.lang.invoke.DirectMethodHandle$Holder.invokeStatic(java.lang.Object, long)'> (0x000000070f911680) 
thrown [src/hotspot/share/interpreter/linkResolver.cpp, line 759]
Event: 3.066 Thread 0x00007fdf3e178000 Exception <a 'java/lang/NoSuchMethodError'{0x000000070f58aea8}: 'void java.lang.invoke.DirectMethodHandle$Holder.invokeStatic(java.lang.Object, long, long)'> (0x000000070f58aea8) 
thrown [src/hotspot/share/interpreter/linkResolver.cpp, line 759]
Event: 3.067 Thread 0x00007fdf3e178000 Exception <a 'java/lang/NoSuchMethodError'{0x000000070f590778}: 'java.lang.Object java.lang.invoke.DirectMethodHandle$Holder.newInvokeSpecial(java.lang.Object, long)'> (0x000000070f590778) 
thrown [src/hotspot/share/interpreter/linkResolver.cpp, line 759]
Event: 3.076 Thread 0x00007fdf3e178000 Exception <a 'java/lang/NoSuchMethodError'{0x000000070f59aa30}: 'java.lang.Object java.lang.invoke.DirectMethodHandle$Holder.newInvokeSpecial(java.lang.Object, java.lang.Object, int)'> (0x000000070f59aa30) 
thrown [src/hotspot/share/interpreter/linkResolver.cpp, line 759]
Event: 4.280 Thread 0x00007fdf3f809c00 Exception <a 'java/lang/ClassNotFoundException'{0x0000000702344770}: sun/util/logging/resources/spi/loggingProvider> (0x0000000702344770) 
thrown [src/hotspot/share/classfile/systemDictionary.cpp, line 256]
Event: 4.321 Thread 0x00007fdf3f831c00 Implicit null exception at 0x0000000120bf38d4 to 0x0000000120bf3df8
Event: 4.321 Thread 0x00007fdf3f831c00 Implicit null exception at 0x0000000120bf2a54 to 0x0000000120bf2f58

VM Operations (18 events):
Event: 0.198 Executing VM operation: HandshakeAllThreads
Event: 0.198 Executing VM operation: HandshakeAllThreads done
Event: 0.416 Executing VM operation: HandshakeAllThreads
Event: 0.416 Executing VM operation: HandshakeAllThreads done
Event: 1.468 Executing VM operation: Cleanup
Event: 1.503 Executing VM operation: Cleanup done
Event: 1.668 Executing VM operation: HandshakeAllThreads
Event: 1.668 Executing VM operation: HandshakeAllThreads done
Event: 1.817 Executing VM operation: HandshakeAllThreads
Event: 1.817 Executing VM operation: HandshakeAllThreads done
Event: 2.822 Executing VM operation: Cleanup
Event: 2.823 Executing VM operation: Cleanup done
Event: 3.826 Executing VM operation: Cleanup
Event: 3.827 Executing VM operation: Cleanup done
Event: 4.164 Executing VM operation: G1CollectFull
Event: 4.202 Executing VM operation: G1CollectFull done
Event: 4.207 Executing VM operation: G1CollectFull
Event: 4.216 Executing VM operation: G1CollectFull done

Events (20 events):
Event: 4.456 loading class sun/nio/cs/StandardCharsets$Cache
Event: 4.456 loading class sun/nio/cs/StandardCharsets$Cache done
Event: 4.456 loading class java/nio/charset/StandardCharsets
Event: 4.456 loading class java/nio/charset/StandardCharsets done
Event: 4.456 loading class sun/nio/cs/UTF_16BE
Event: 4.457 loading class sun/nio/cs/UTF_16BE done
Event: 4.457 loading class sun/nio/cs/UTF_16LE
Event: 4.457 loading class sun/nio/cs/UTF_16LE done
Event: 4.457 loading class sun/nio/cs/UTF_16
Event: 4.457 loading class sun/nio/cs/UTF_16 done
Event: 4.457 loading class sun/misc/Unsafe
Event: 4.458 loading class sun/misc/Unsafe done
Event: 4.460 loading class jdk/internal/access/foreign/MemorySegmentProxy
Event: 4.460 loading class jdk/internal/access/foreign/MemorySegmentProxy done
Event: 4.461 loading class java/nio/StringCharBuffer
Event: 4.462 loading class java/nio/StringCharBuffer done
Event: 4.488 loading class java/awt/IllegalComponentStateException
Event: 4.488 loading class java/awt/IllegalComponentStateException done
Event: 4.497 loading class java/lang/NumberFormatException
Event: 4.497 loading class java/lang/NumberFormatException done


Dynamic libraries:
0x000000010d916000 	/Applications/jmonkeyplatform.app/Contents/Resources/jmonkeyplatform/jdk/lib/libjli.dylib
0x00007ff80f7c3000 	/usr/lib/libz.1.dylib
0x00007ff80f8b4000 	/usr/lib/libSystem.B.dylib
0x00007ff80f8ae000 	/usr/lib/system/libcache.dylib
0x00007ff80f869000 	/usr/lib/system/libcommonCrypto.dylib
0x00007ff80f892000 	/usr/lib/system/libcompiler_rt.dylib
0x00007ff80f888000 	/usr/lib/system/libcopyfile.dylib
0x00007ff8020ed000 	/usr/lib/system/libcorecrypto.dylib
0x00007ff8021d4000 	/usr/lib/system/libdispatch.dylib
0x00007ff802385000 	/usr/lib/system/libdyld.dylib
0x00007ff80f8a4000 	/usr/lib/system/libkeymgr.dylib
0x00007ff80f845000 	/usr/lib/system/libmacho.dylib
0x00007ff80ecd5000 	/usr/lib/system/libquarantine.dylib
0x00007ff80f8a2000 	/usr/lib/system/libremovefile.dylib
0x00007ff8078f5000 	/usr/lib/system/libsystem_asl.dylib
0x00007ff80208b000 	/usr/lib/system/libsystem_blocks.dylib
0x00007ff80221e000 	/usr/lib/system/libsystem_c.dylib
0x00007ff80f89a000 	/usr/lib/system/libsystem_collections.dylib
0x00007ff80dc33000 	/usr/lib/system/libsystem_configuration.dylib
0x00007ff80cc9f000 	/usr/lib/system/libsystem_containermanager.dylib
0x00007ff80f49a000 	/usr/lib/system/libsystem_coreservices.dylib
0x00007ff8054dd000 	/usr/lib/system/libsystem_darwin.dylib
0x00007ffc131da000 	/usr/lib/system/libsystem_darwindirectory.dylib
0x00007ff80f8a5000 	/usr/lib/system/libsystem_dnssd.dylib
0x00007ff80221b000 	/usr/lib/system/libsystem_featureflags.dylib
0x00007ff8023b4000 	/usr/lib/system/libsystem_info.dylib
0x00007ff80f7d7000 	/usr/lib/system/libsystem_m.dylib
0x00007ff80219b000 	/usr/lib/system/libsystem_malloc.dylib
0x00007ff80786b000 	/usr/lib/system/libsystem_networkextension.dylib
0x00007ff805927000 	/usr/lib/system/libsystem_notify.dylib
0x00007ff80dc37000 	/usr/lib/system/libsystem_sandbox.dylib
0x00007ff80f89f000 	/usr/lib/system/libsystem_secinit.dylib
0x00007ff80233e000 	/usr/lib/system/libsystem_kernel.dylib
0x00007ff8023aa000 	/usr/lib/system/libsystem_platform.dylib
0x00007ff802379000 	/usr/lib/system/libsystem_pthread.dylib
0x00007ff80955c000 	/usr/lib/system/libsystem_symptoms.dylib
0x00007ff8020d3000 	/usr/lib/system/libsystem_trace.dylib
0x00007ff80f875000 	/usr/lib/system/libunwind.dylib
0x00007ff80208f000 	/usr/lib/system/libxpc.dylib
0x00007ff802325000 	/usr/lib/libc++abi.dylib
0x00007ff801fac000 	/usr/lib/libobjc.A.dylib
0x00007ff80f880000 	/usr/lib/liboah.dylib
0x00007ff8022a6000 	/usr/lib/libc++.1.dylib
0x00007ff81d5d8000 	/System/Library/Frameworks/Cocoa.framework/Versions/A/Cocoa
0x00007ff80598b000 	/System/Library/Frameworks/AppKit.framework/Versions/C/AppKit
0x00007ff808ccb000 	/System/Library/Frameworks/CoreData.framework/Versions/A/CoreData
0x00007ff8032f9000 	/System/Library/Frameworks/Foundation.framework/Versions/C/Foundation
0x00007ff806d98000 	/System/Library/PrivateFrameworks/UIFoundation.framework/Versions/A/UIFoundation
0x00007ffb09932000 	/System/Library/PrivateFrameworks/CollectionViewCore.framework/Versions/A/CollectionViewCore
0x00007ff816eef000 	/System/Library/PrivateFrameworks/RemoteViewServices.framework/Versions/A/RemoteViewServices
0x00007ff80d477000 	/System/Library/PrivateFrameworks/XCTTargetBootstrap.framework/Versions/A/XCTTargetBootstrap
0x00007ff812333000 	/System/Library/PrivateFrameworks/InternationalSupport.framework/Versions/A/InternationalSupport
0x00007ff8123bd000 	/System/Library/PrivateFrameworks/UserActivity.framework/Versions/A/UserActivity
0x00007ffc0a84a000 	/System/Library/PrivateFrameworks/WindowManagement.framework/Versions/A/WindowManagement
0x00007ff802fb2000 	/System/Library/Frameworks/SystemConfiguration.framework/Versions/A/SystemConfiguration
0x00007ff8116f2000 	/usr/lib/libspindump.dylib
0x00007ff806f75000 	/System/Library/Frameworks/UniformTypeIdentifiers.framework/Versions/A/UniformTypeIdentifiers
0x00007ff80b4b5000 	/usr/lib/libapp_launch_measurement.dylib
0x00007ff80a199000 	/System/Library/PrivateFrameworks/CoreAnalytics.framework/Versions/A/CoreAnalytics
0x00007ff80b4b8000 	/System/Library/PrivateFrameworks/CoreAutoLayout.framework/Versions/A/CoreAutoLayout
0x00007ff80cce7000 	/System/Library/Frameworks/Metal.framework/Versions/A/Metal
0x00007ff80dc43000 	/usr/lib/liblangid.dylib
0x00007ff80d47c000 	/System/Library/PrivateFrameworks/CoreSVG.framework/Versions/A/CoreSVG
0x00007ff80792a000 	/System/Library/PrivateFrameworks/SkyLight.framework/Versions/A/SkyLight
0x00007ff807d82000 	/System/Library/Frameworks/CoreGraphics.framework/Versions/A/CoreGraphics
0x00007ff817644000 	/System/Library/Frameworks/Accelerate.framework/Versions/A/Accelerate
0x00007ff811556000 	/System/Library/PrivateFrameworks/IconServices.framework/Versions/A/IconServices
0x00007ff80ccc8000 	/System/Library/Frameworks/IOSurface.framework/Versions/A/IOSurface
0x00007ff80a1c5000 	/usr/lib/libDiagnosticMessagesClient.dylib
0x00007ff81afdc000 	/System/Library/Frameworks/ApplicationServices.framework/Versions/A/ApplicationServices
0x00007ff80d463000 	/System/Library/PrivateFrameworks/DFRFoundation.framework/Versions/A/DFRFoundation
0x00007ff805247000 	/usr/lib/libicucore.A.dylib
0x00007ff81330a000 	/System/Library/Frameworks/AudioToolbox.framework/Versions/A/AudioToolbox
0x00007ff812340000 	/System/Library/PrivateFrameworks/DataDetectorsCore.framework/Versions/A/DataDetectorsCore
0x00007ff90bd88000 	/System/Library/PrivateFrameworks/TextInput.framework/Versions/A/TextInput
0x00007ff807884000 	/usr/lib/libMobileGestalt.dylib
0x00007ff80d1c7000 	/System/Library/Frameworks/Carbon.framework/Versions/A/Frameworks/HIToolbox.framework/Versions/A/HIToolbox
0x00007ff80adf0000 	/System/Library/Frameworks/QuartzCore.framework/Versions/A/QuartzCore
0x00007ff804eaa000 	/System/Library/Frameworks/Security.framework/Versions/A/Security
0x00007ff816f27000 	/System/Library/Frameworks/Carbon.framework/Versions/A/Frameworks/SpeechRecognition.framework/Versions/A/SpeechRecognition
0x00007ff80b1e4000 	/System/Library/PrivateFrameworks/CoreUI.framework/Versions/A/CoreUI
0x00007ff804798000 	/System/Library/Frameworks/CoreAudio.framework/Versions/A/CoreAudio
0x00007ff80a2a5000 	/System/Library/Frameworks/DiskArbitration.framework/Versions/A/DiskArbitration
0x00007ff811b23000 	/System/Library/PrivateFrameworks/MultitouchSupport.framework/Versions/A/MultitouchSupport
0x00007ff807883000 	/usr/lib/libenergytrace.dylib
0x00007ff821947000 	/System/Library/PrivateFrameworks/RenderBox.framework/Versions/A/RenderBox
0x00007ff805864000 	/System/Library/Frameworks/IOKit.framework/Versions/A/IOKit
0x00007ff81733f000 	/System/Library/Frameworks/CoreServices.framework/Versions/A/CoreServices
0x00007ff80b44c000 	/System/Library/PrivateFrameworks/PerformanceAnalysis.framework/Versions/A/PerformanceAnalysis
0x00007ffa1a1ce000 	/System/Library/Frameworks/OpenGL.framework/Versions/A/OpenGL
0x00007ff80b501000 	/usr/lib/libxml2.2.dylib
0x00007ff80ebfb000 	/System/Library/PrivateFrameworks/MobileKeyBag.framework/Versions/A/MobileKeyBag
0x00007ff8172b6000 	/System/Library/Frameworks/Accessibility.framework/Versions/A/Accessibility
0x00007ff808614000 	/System/Library/Frameworks/ColorSync.framework/Versions/A/ColorSync
0x00007ff8023df000 	/System/Library/Frameworks/CoreFoundation.framework/Versions/A/CoreFoundation
0x00007ff80d7e7000 	/System/Library/Frameworks/CoreImage.framework/Versions/A/CoreImage
0x00007ff804593000 	/System/Library/Frameworks/CoreText.framework/Versions/A/CoreText
0x00007ffa203b5000 	/System/Library/Frameworks/CoreTransferable.framework/Versions/A/CoreTransferable
0x00007ffa207ff000 	/System/Library/Frameworks/DeveloperToolsSupport.framework/Versions/A/DeveloperToolsSupport
0x00007ff80d4b5000 	/System/Library/Frameworks/ImageIO.framework/Versions/A/ImageIO
0x00007ffb047d0000 	/System/Library/Frameworks/Symbols.framework/Versions/A/Symbols
0x00007ff80f8ba000 	/System/Library/PrivateFrameworks/SoftLinking.framework/Versions/A/SoftLinking
0x00007ff812d81000 	/usr/lib/swift/libswiftCore.dylib
0x00007ff9089ba000 	/usr/lib/swift/libswiftCoreFoundation.dylib
0x00007ff9067e6000 	/usr/lib/swift/libswiftCoreGraphics.dylib
0x00007ff9089f7000 	/usr/lib/swift/libswiftCoreImage.dylib
0x00007ff9067ed000 	/usr/lib/swift/libswiftDarwin.dylib
0x00007ff818cbc000 	/usr/lib/swift/libswiftDispatch.dylib
0x00007ff9089f8000 	/usr/lib/swift/libswiftIOKit.dylib
0x00007ff914a37000 	/usr/lib/swift/libswiftMetal.dylib
0x00007ff9214f7000 	/usr/lib/swift/libswiftOSLog.dylib
0x00007ff81b443000 	/usr/lib/swift/libswiftObjectiveC.dylib
0x00007ff9185e9000 	/usr/lib/swift/libswiftQuartzCore.dylib
0x00007ff91c6a4000 	/usr/lib/swift/libswiftUniformTypeIdentifiers.dylib
0x00007ff9089ca000 	/usr/lib/swift/libswiftXPC.dylib
0x00007ffc12eba000 	/usr/lib/swift/libswift_Concurrency.dylib
0x00007ff81b447000 	/usr/lib/swift/libswiftos.dylib
0x00007ff90bcea000 	/usr/lib/swift/libswiftsimd.dylib
0x00007ff80fa52000 	/usr/lib/libcompression.dylib
0x00007ff812273000 	/System/Library/PrivateFrameworks/TextureIO.framework/Versions/A/TextureIO
0x00007ff811164000 	/usr/lib/libate.dylib
0x00007ff810ef1000 	/usr/lib/liblzma.5.dylib
0x00007ff80f8b6000 	/usr/lib/libfakelink.dylib
0x00007ff8074bc000 	/System/Library/Frameworks/CFNetwork.framework/Versions/A/CFNetwork
0x00007ff80f909000 	/usr/lib/libarchive.2.dylib
0x00007ff815189000 	/System/Library/Frameworks/Combine.framework/Versions/A/Combine
0x00007ffb09947000 	/System/Library/PrivateFrameworks/CollectionsInternal.framework/Versions/A/CollectionsInternal
0x00007ffb1e5ba000 	/System/Library/PrivateFrameworks/ReflectionInternal.framework/Versions/A/ReflectionInternal
0x00007ffb1eb59000 	/System/Library/PrivateFrameworks/RuntimeInternal.framework/Versions/A/RuntimeInternal
0x00007ffc12ff5000 	/usr/lib/swift/libswift_StringProcessing.dylib
0x00007ff8057e2000 	/System/Library/PrivateFrameworks/CoreServicesInternal.framework/Versions/A/CoreServicesInternal
0x00007ff80ecfc000 	/usr/lib/libbsm.0.dylib
0x00007ff80f84d000 	/usr/lib/system/libkxld.dylib
0x00007ff80b480000 	/System/Library/Frameworks/CoreServices.framework/Versions/A/Frameworks/FSEvents.framework/Versions/A/FSEvents
0x00007ff8054e8000 	/System/Library/Frameworks/CoreServices.framework/Versions/A/Frameworks/CarbonCore.framework/Versions/A/CarbonCore
0x00007ff80a20d000 	/System/Library/Frameworks/CoreServices.framework/Versions/A/Frameworks/Metadata.framework/Versions/A/Metadata
0x00007ff80f4a0000 	/System/Library/Frameworks/CoreServices.framework/Versions/A/Frameworks/OSServices.framework/Versions/A/OSServices
0x00007ff80f992000 	/System/Library/Frameworks/CoreServices.framework/Versions/A/Frameworks/SearchKit.framework/Versions/A/SearchKit
0x00007ff8094e2000 	/System/Library/Frameworks/CoreServices.framework/Versions/A/Frameworks/AE.framework/Versions/A/AE
0x00007ff802879000 	/System/Library/Frameworks/CoreServices.framework/Versions/A/Frameworks/LaunchServices.framework/Versions/A/LaunchServices
0x00007ff810ea2000 	/System/Library/Frameworks/CoreServices.framework/Versions/A/Frameworks/DictionaryServices.framework/Versions/A/DictionaryServices
0x00007ff80b48d000 	/System/Library/Frameworks/CoreServices.framework/Versions/A/Frameworks/SharedFileList.framework/Versions/A/SharedFileList
0x00007ff80fa1c000 	/usr/lib/libapple_nghttp2.dylib
0x00007ff809165000 	/usr/lib/libsqlite3.dylib
0x00007ff809564000 	/System/Library/Frameworks/Network.framework/Versions/A/Network
0x00007ffc1184e000 	/usr/lib/libCoreEntitlements.dylib
0x00007ffb1a070000 	/System/Library/PrivateFrameworks/MessageSecurity.framework/Versions/A/MessageSecurity
0x00007ff80914c000 	/System/Library/PrivateFrameworks/ProtocolBuffer.framework/Versions/A/ProtocolBuffer
0x00007ff80f3bd000 	/System/Library/PrivateFrameworks/AppleFSCompression.framework/Versions/A/AppleFSCompression
0x00007ff80ece4000 	/usr/lib/libcoretls.dylib
0x00007ff810f0a000 	/usr/lib/libcoretls_cfhelpers.dylib
0x00007ff80fa4c000 	/usr/lib/libpam.2.dylib
0x00007ff810f82000 	/usr/lib/libxar.1.dylib
0x00007ff81152f000 	/usr/lib/libheimdal-asn1.dylib
0x00007ff8074bb000 	/usr/lib/libnetwork.dylib
0x00007ff80f8bb000 	/usr/lib/libpcap.A.dylib
0x00007ff809552000 	/usr/lib/libdns_services.dylib
0x00007ff80dc3e000 	/System/Library/PrivateFrameworks/AppleSystemInfo.framework/Versions/A/AppleSystemInfo
0x00007ff80e9fd000 	/System/Library/PrivateFrameworks/IOMobileFramebuffer.framework/Versions/A/IOMobileFramebuffer
0x00007ffc12f41000 	/usr/lib/swift/libswift_RegexParser.dylib
0x00007ff80f48b000 	/usr/lib/libbz2.1.0.dylib
0x00007ff80ecd8000 	/usr/lib/libCheckFix.dylib
0x00007ff80790c000 	/System/Library/PrivateFrameworks/TCC.framework/Versions/A/TCC
0x00007ff80dc45000 	/System/Library/PrivateFrameworks/CoreNLP.framework/Versions/A/CoreNLP
0x00007ff80a1c7000 	/System/Library/PrivateFrameworks/MetadataUtilities.framework/Versions/A/MetadataUtilities
0x00007ff80ed0c000 	/usr/lib/libmecab.dylib
0x00007ff803039000 	/usr/lib/libCRFSuite.dylib
0x00007ff80ed65000 	/usr/lib/libgermantok.dylib
0x00007ff80f9f8000 	/usr/lib/libThaiTokenizer.dylib
0x00007ff80a2ad000 	/System/Library/Frameworks/Accelerate.framework/Versions/A/Frameworks/vImage.framework/Versions/A/vImage
0x00007ff817312000 	/System/Library/Frameworks/Accelerate.framework/Versions/A/Frameworks/vecLib.framework/Versions/A/vecLib
0x00007ff810fc4000 	/System/Library/Frameworks/Accelerate.framework/Versions/A/Frameworks/vecLib.framework/Versions/A/libvMisc.dylib
0x00007ff80e7ce000 	/System/Library/Frameworks/Accelerate.framework/Versions/A/Frameworks/vecLib.framework/Versions/A/libvDSP.dylib
0x00007ff802c7f000 	/System/Library/Frameworks/Accelerate.framework/Versions/A/Frameworks/vecLib.framework/Versions/A/libBLAS.dylib
0x00007ff80fb32000 	/System/Library/Frameworks/Accelerate.framework/Versions/A/Frameworks/vecLib.framework/Versions/A/libLAPACK.dylib
0x00007ff80ed68000 	/System/Library/Frameworks/Accelerate.framework/Versions/A/Frameworks/vecLib.framework/Versions/A/libLinearAlgebra.dylib
0x00007ff80fa37000 	/System/Library/Frameworks/Accelerate.framework/Versions/A/Frameworks/vecLib.framework/Versions/A/libSparseBLAS.dylib
0x00007ff80fb2c000 	/System/Library/Frameworks/Accelerate.framework/Versions/A/Frameworks/vecLib.framework/Versions/A/libQuadrature.dylib
0x00007ff80dd54000 	/System/Library/Frameworks/Accelerate.framework/Versions/A/Frameworks/vecLib.framework/Versions/A/libBNNS.dylib
0x00007ff802f3a000 	/System/Library/Frameworks/Accelerate.framework/Versions/A/Frameworks/vecLib.framework/Versions/A/libSparse.dylib
0x00007ffb189f8000 	/System/Library/PrivateFrameworks/MIL.framework/Versions/A/MIL
0x00007ff80f8f1000 	/usr/lib/libiconv.2.dylib
0x00007ff80f841000 	/usr/lib/libcharset.1.dylib
0x00007ff80b464000 	/System/Library/Frameworks/OpenDirectory.framework/Versions/A/Frameworks/CFOpenDirectory.framework/Versions/A/CFOpenDirectory
0x00007ff80b458000 	/System/Library/Frameworks/OpenDirectory.framework/Versions/A/OpenDirectory
0x00007ff810f0c000 	/System/Library/PrivateFrameworks/APFS.framework/Versions/A/APFS
0x00007ff80ec1e000 	/System/Library/Frameworks/SecurityFoundation.framework/Versions/A/SecurityFoundation
0x00007ff810f90000 	/usr/lib/libutil.dylib
0x00007ffb16e48000 	/System/Library/PrivateFrameworks/InstalledContentLibrary.framework/Versions/A/InstalledContentLibrary
0x00007ff805824000 	/System/Library/PrivateFrameworks/CoreServicesStore.framework/Versions/A/CoreServicesStore
0x00007ffb07825000 	/System/Library/PrivateFrameworks/AppleMobileFileIntegrity.framework/Versions/A/AppleMobileFileIntegrity
0x00007ff90899a000 	/usr/lib/libmis.dylib
0x00007ff918aba000 	/System/Library/PrivateFrameworks/MobileSystemServices.framework/Versions/A/MobileSystemServices
0x00007ffa15e88000 	/System/Library/PrivateFrameworks/ConfigProfileHelper.framework/Versions/A/ConfigProfileHelper
0x00007ff80f9fa000 	/System/Library/PrivateFrameworks/AppleSauce.framework/Versions/A/AppleSauce
0x00007ff803f31000 	/System/Library/PrivateFrameworks/LanguageModeling.framework/Versions/A/LanguageModeling
0x00007ff810f94000 	/usr/lib/libxslt.1.dylib
0x00007ff80f8f8000 	/usr/lib/libcmph.dylib
0x00007ff80e9cc000 	/System/Library/PrivateFrameworks/CoreEmoji.framework/Versions/A/CoreEmoji
0x00007ff80dd4f000 	/System/Library/PrivateFrameworks/LinguisticData.framework/Versions/A/LinguisticData
0x00007ff802e57000 	/System/Library/PrivateFrameworks/Lexicon.framework/Versions/A/Lexicon
0x00007ff80eca7000 	/System/Library/PrivateFrameworks/BackgroundTaskManagement.framework/Versions/A/BackgroundTaskManagement
0x00007ffc119ca000 	/usr/lib/libTLE.dylib
0x00007ff8119eb000 	/System/Library/PrivateFrameworks/AppleJPEG.framework/Versions/A/AppleJPEG
0x00007ff811514000 	/usr/lib/libexpat.1.dylib
0x00007ff8120cc000 	/System/Library/Frameworks/ImageIO.framework/Versions/A/Resources/libPng.dylib
0x00007ff8120f9000 	/System/Library/Frameworks/ImageIO.framework/Versions/A/Resources/libTIFF.dylib
0x00007ff8121eb000 	/System/Library/Frameworks/ImageIO.framework/Versions/A/Resources/libGIF.dylib
0x00007ff811a37000 	/System/Library/Frameworks/ImageIO.framework/Versions/A/Resources/libJP2.dylib
0x00007ff81218b000 	/System/Library/Frameworks/ImageIO.framework/Versions/A/Resources/libJPEG.dylib
0x00007ff812182000 	/System/Library/Frameworks/ImageIO.framework/Versions/A/Resources/libRadiance.dylib
0x00007ff80d067000 	/System/Library/PrivateFrameworks/FontServices.framework/libFontParser.dylib
0x00007ff809483000 	/System/Library/PrivateFrameworks/RunningBoardServices.framework/Versions/A/RunningBoardServices
0x00007ff81dd66000 	/System/Library/PrivateFrameworks/IOSurfaceAccelerator.framework/Versions/A/IOSurfaceAccelerator
0x00007ff811b1f000 	/System/Library/PrivateFrameworks/WatchdogClient.framework/Versions/A/WatchdogClient
0x00007ff8040fa000 	/System/Library/Frameworks/CoreDisplay.framework/Versions/A/CoreDisplay
0x00007ff80cf38000 	/System/Library/Frameworks/CoreMedia.framework/Versions/A/CoreMedia
0x00007ff80ccde000 	/System/Library/PrivateFrameworks/IOAccelerator.framework/Versions/A/IOAccelerator
0x00007ff80b5e1000 	/System/Library/Frameworks/CoreVideo.framework/Versions/A/CoreVideo
0x00007ff80fa4a000 	/System/Library/Frameworks/MetalPerformanceShaders.framework/Versions/A/MetalPerformanceShaders
0x00007ff811b60000 	/System/Library/Frameworks/VideoToolbox.framework/Versions/A/VideoToolbox
0x00007ff80b66d000 	/System/Library/PrivateFrameworks/UserManagement.framework/Versions/A/UserManagement
0x00007ff8093b5000 	/System/Library/PrivateFrameworks/BaseBoard.framework/Versions/A/BaseBoard
0x00007ff80dc3d000 	/System/Library/PrivateFrameworks/AggregateDictionary.framework/Versions/A/AggregateDictionary
0x00007ffb077a5000 	/System/Library/PrivateFrameworks/AppleKeyStore.framework/Versions/A/AppleKeyStore
0x00007ff81217b000 	/System/Library/PrivateFrameworks/GPUWrangler.framework/Versions/A/GPUWrangler
0x00007ff81215f000 	/System/Library/PrivateFrameworks/IOPresentment.framework/Versions/A/IOPresentment
0x00007ff812185000 	/System/Library/PrivateFrameworks/DSExternalDisplay.framework/Versions/A/DSExternalDisplay
0x00007ffb12e95000 	/System/Library/PrivateFrameworks/GPUCompiler.framework/Versions/32023/Libraries/libllvm-flatbuffers.dylib
0x00007ffa1a1c2000 	/System/Library/Frameworks/OpenGL.framework/Versions/A/Libraries/libCoreFSCache.dylib
0x00007ffb1003d000 	/System/Library/PrivateFrameworks/GPUCompiler.framework/Versions/32023/Libraries/libGPUCompilerUtils.dylib
0x00007ff8121f1000 	/System/Library/PrivateFrameworks/CMCaptureCore.framework/Versions/A/CMCaptureCore
0x00007ffa208e1000 	/System/Library/Frameworks/ExtensionFoundation.framework/Versions/A/ExtensionFoundation
0x00007ff8194e5000 	/System/Library/PrivateFrameworks/CoreTime.framework/Versions/A/CoreTime
0x00007ff8116dc000 	/System/Library/PrivateFrameworks/AppServerSupport.framework/Versions/A/AppServerSupport
0x00007ff813c5b000 	/System/Library/PrivateFrameworks/perfdata.framework/Versions/A/perfdata
0x00007ff804226000 	/System/Library/PrivateFrameworks/AudioToolboxCore.framework/Versions/A/AudioToolboxCore
0x00007ff80cf12000 	/System/Library/PrivateFrameworks/caulk.framework/Versions/A/caulk
0x00007ff8134f9000 	/usr/lib/libAudioStatistics.dylib
0x00007ff907d55000 	/System/Library/PrivateFrameworks/SystemPolicy.framework/Versions/A/SystemPolicy
0x00007ff8137c5000 	/usr/lib/libSMC.dylib
0x00007ff81d43c000 	/System/Library/Frameworks/CoreMIDI.framework/Versions/A/CoreMIDI
0x00007ff812093000 	/usr/lib/libAudioToolboxUtility.dylib
0x00007ff90363a000 	/System/Library/PrivateFrameworks/OSAServicesClient.framework/Versions/A/OSAServicesClient
0x00007ff813c68000 	/usr/lib/libperfcheck.dylib
0x00007ff8113f5000 	/System/Library/PrivateFrameworks/PlugInKit.framework/Versions/A/PlugInKit
0x00007ff80ec11000 	/System/Library/PrivateFrameworks/AssertionServices.framework/Versions/A/AssertionServices
0x00007ffa04d29000 	/System/Library/PrivateFrameworks/Symbolication.framework/Versions/A/Symbolication
0x00007ffb1d725000 	/System/Library/PrivateFrameworks/PhotosensitivityProcessing.framework/Versions/A/PhotosensitivityProcessing
0x00007ffa1ae96000 	/System/Library/Frameworks/OpenCL.framework/Versions/A/OpenCL
0x00007ff811687000 	/System/Library/PrivateFrameworks/GraphVisualizer.framework/Versions/A/GraphVisualizer
0x00007ffa1a21f000 	/System/Library/Frameworks/OpenGL.framework/Versions/A/Libraries/libGLU.dylib
0x00007ffa1a1e1000 	/System/Library/Frameworks/OpenGL.framework/Versions/A/Libraries/libGFXShared.dylib
0x00007ffa1a3de000 	/System/Library/Frameworks/OpenGL.framework/Versions/A/Libraries/libGL.dylib
0x00007ffa1a1e9000 	/System/Library/Frameworks/OpenGL.framework/Versions/A/Libraries/libGLImage.dylib
0x00007ffa1a1de000 	/System/Library/Frameworks/OpenGL.framework/Versions/A/Libraries/libCVMSPluginSupport.dylib
0x00007ffc11984000 	/usr/lib/libRosetta.dylib
0x00007ffa1a1c9000 	/System/Library/Frameworks/OpenGL.framework/Versions/A/Libraries/libCoreVMClient.dylib
0x00007ffb0e3ab000 	/System/Library/PrivateFrameworks/FontServices.framework/Versions/A/FontServices
0x00007ff811696000 	/System/Library/PrivateFrameworks/OTSVG.framework/Versions/A/OTSVG
0x00007ff80b198000 	/System/Library/Frameworks/ApplicationServices.framework/Versions/A/Frameworks/ATS.framework/Versions/A/Resources/libFontRegistry.dylib
0x00007ff8116e6000 	/System/Library/PrivateFrameworks/FontServices.framework/libhvf.dylib
0x00007ffb0e3ac000 	/System/Library/PrivateFrameworks/FontServices.framework/libXTFontStaticRegistryData.dylib
0x00007ff80dbb2000 	/System/Library/Frameworks/MetalPerformanceShaders.framework/Versions/A/Frameworks/MPSCore.framework/Versions/A/MPSCore
0x00007ff80f323000 	/System/Library/Frameworks/MetalPerformanceShaders.framework/Versions/A/Frameworks/MPSImage.framework/Versions/A/MPSImage
0x00007ff80ed7e000 	/System/Library/Frameworks/MetalPerformanceShaders.framework/Versions/A/Frameworks/MPSNeuralNetwork.framework/Versions/A/MPSNeuralNetwork
0x00007ff80f1f7000 	/System/Library/Frameworks/MetalPerformanceShaders.framework/Versions/A/Frameworks/MPSMatrix.framework/Versions/A/MPSMatrix
0x00007ff80efaa000 	/System/Library/Frameworks/MetalPerformanceShaders.framework/Versions/A/Frameworks/MPSRayIntersector.framework/Versions/A/MPSRayIntersector
0x00007ff80f232000 	/System/Library/Frameworks/MetalPerformanceShaders.framework/Versions/A/Frameworks/MPSNDArray.framework/Versions/A/MPSNDArray
0x00007ffa21e24000 	/System/Library/Frameworks/MetalPerformanceShaders.framework/Versions/A/Frameworks/MPSFunctions.framework/Versions/A/MPSFunctions
0x00007ffa21e06000 	/System/Library/Frameworks/MetalPerformanceShaders.framework/Versions/A/Frameworks/MPSBenchmarkLoop.framework/Versions/A/MPSBenchmarkLoop
0x00007ff802b2f000 	/System/Library/PrivateFrameworks/MetalTools.framework/Versions/A/MetalTools
0x00007ff90d026000 	/System/Library/PrivateFrameworks/IOAccelMemoryInfo.framework/Versions/A/IOAccelMemoryInfo
0x00007ff9189cc000 	/System/Library/PrivateFrameworks/kperf.framework/Versions/A/kperf
0x00007ff9089ad000 	/System/Library/PrivateFrameworks/GPURawCounter.framework/Versions/A/GPURawCounter
0x00007ff8193d9000 	/System/Library/PrivateFrameworks/CoreSymbolication.framework/Versions/A/CoreSymbolication
0x00007ff90896b000 	/System/Library/PrivateFrameworks/MallocStackLogging.framework/Versions/A/MallocStackLogging
0x00007ff81129c000 	/System/Library/PrivateFrameworks/CrashReporterSupport.framework/Versions/A/CrashReporterSupport
0x00007ff81939a000 	/System/Library/PrivateFrameworks/DebugSymbols.framework/Versions/A/DebugSymbols
0x00007ff917ce5000 	/System/Library/PrivateFrameworks/OSAnalytics.framework/Versions/A/OSAnalytics
0x00007ffc08f2c000 	/System/Library/PrivateFrameworks/VideoToolboxParavirtualizationSupport.framework/Versions/A/VideoToolboxParavirtualizationSupport
0x00007ff8114c4000 	/System/Library/PrivateFrameworks/AppleVA.framework/Versions/A/AppleVA
0x00007ff81353d000 	/System/Library/Frameworks/ApplicationServices.framework/Versions/A/Frameworks/ATS.framework/Versions/A/ATS
0x00007ff8087c0000 	/System/Library/Frameworks/ApplicationServices.framework/Versions/A/Frameworks/HIServices.framework/Versions/A/HIServices
0x00007ff8121ff000 	/System/Library/Frameworks/ApplicationServices.framework/Versions/A/Frameworks/PrintCore.framework/Versions/A/PrintCore
0x00007ff81391b000 	/System/Library/Frameworks/ApplicationServices.framework/Versions/A/Frameworks/QD.framework/Versions/A/QD
0x00007ff813913000 	/System/Library/Frameworks/ApplicationServices.framework/Versions/A/Frameworks/ColorSyncLegacy.framework/Versions/A/ColorSyncLegacy
0x00007ff813511000 	/System/Library/Frameworks/ApplicationServices.framework/Versions/A/Frameworks/SpeechSynthesis.framework/Versions/A/SpeechSynthesis
0x00007ff8121bb000 	/System/Library/Frameworks/ApplicationServices.framework/Versions/A/Frameworks/ATSUI.framework/Versions/A/ATSUI
0x00007ff8138a5000 	/usr/lib/libcups.2.dylib
0x00007ff813c77000 	/System/Library/Frameworks/Kerberos.framework/Versions/A/Kerberos
0x00007ff813c86000 	/System/Library/Frameworks/GSS.framework/Versions/A/GSS
0x00007ff8135b6000 	/usr/lib/libresolv.9.dylib
0x00007ff8116f8000 	/System/Library/PrivateFrameworks/Heimdal.framework/Versions/A/Heimdal
0x00007ff81b3b0000 	/System/Library/Frameworks/Kerberos.framework/Versions/A/Libraries/libHeimdalProxy.dylib
0x00007ff813cd3000 	/System/Library/PrivateFrameworks/CommonAuth.framework/Versions/A/CommonAuth
0x00007ffa1f7d4000 	/System/Library/Frameworks/AVFAudio.framework/Versions/A/AVFAudio
0x00007ff903683000 	/System/Library/PrivateFrameworks/AXCoreUtilities.framework/Versions/A/AXCoreUtilities
0x00007ff813481000 	/System/Library/PrivateFrameworks/AudioSession.framework/Versions/A/AudioSession
0x00007ff814f51000 	/System/Library/Frameworks/IOBluetooth.framework/Versions/A/IOBluetooth
0x00007ff8115d3000 	/System/Library/PrivateFrameworks/MediaExperience.framework/Versions/A/MediaExperience
0x00007ff8132d5000 	/System/Library/PrivateFrameworks/AudioSession.framework/libSessionUtility.dylib
0x00007ff813927000 	/System/Library/PrivateFrameworks/AudioResourceArbitration.framework/Versions/A/AudioResourceArbitration
0x00007ff818050000 	/System/Library/PrivateFrameworks/PowerLog.framework/Versions/A/PowerLog
0x00007ff817f71000 	/System/Library/Frameworks/CoreBluetooth.framework/Versions/A/CoreBluetooth
0x00007ff81b3b1000 	/System/Library/Frameworks/AudioUnit.framework/Versions/A/AudioUnit
0x00007ff80ea85000 	/System/Library/PrivateFrameworks/CoreUtils.framework/Versions/A/CoreUtils
0x00007ffb0ca4c000 	/System/Library/PrivateFrameworks/CoreUtilsExtras.framework/Versions/A/CoreUtilsExtras
0x00007ffb16cd5000 	/System/Library/PrivateFrameworks/IO80211.framework/Versions/A/IO80211
0x00007ff90369a000 	/usr/lib/libAccessibility.dylib
0x00007ff81768d000 	/System/Library/Frameworks/MediaAccessibility.framework/Versions/A/MediaAccessibility
0x00007ff818ef9000 	/System/Library/PrivateFrameworks/FrontBoardServices.framework/Versions/A/FrontBoardServices
0x00007ff81a99c000 	/System/Library/PrivateFrameworks/BackBoardServices.framework/Versions/A/BackBoardServices
0x00007ff818fb5000 	/System/Library/PrivateFrameworks/BoardServices.framework/Versions/A/BoardServices
0x00007ff811538000 	/System/Library/PrivateFrameworks/IconFoundation.framework/Versions/A/IconFoundation
0x00007ff816f17000 	/System/Library/PrivateFrameworks/SpeechRecognitionCore.framework/Versions/A/SpeechRecognitionCore
0x00007ffa084af000 	/System/Library/Frameworks/OSLog.framework/Versions/A/OSLog
0x00007ff9088f8000 	/System/Library/PrivateFrameworks/LoggingSupport.framework/Versions/A/LoggingSupport
0x000000010eb7f000 	/Applications/jmonkeyplatform.app/Contents/Resources/jmonkeyplatform/jdk/lib/server/libjvm.dylib
0x000000010d542000 	/Applications/jmonkeyplatform.app/Contents/Resources/jmonkeyplatform/jdk/lib/libjimage.dylib
0x000000010d588000 	/Applications/jmonkeyplatform.app/Contents/Resources/jmonkeyplatform/jdk/lib/libjava.dylib
0x000000010ea41000 	/Applications/jmonkeyplatform.app/Contents/Resources/jmonkeyplatform/jdk/lib/libnio.dylib
0x000000010ea73000 	/Applications/jmonkeyplatform.app/Contents/Resources/jmonkeyplatform/jdk/lib/libnet.dylib
0x000000010d893000 	/Applications/jmonkeyplatform.app/Contents/Resources/jmonkeyplatform/jdk/lib/libzip.dylib
0x0000000132a06000 	/Applications/jmonkeyplatform.app/Contents/Resources/jmonkeyplatform/jdk/lib/libawt.dylib
0x0000000132b95000 	/Applications/jmonkeyplatform.app/Contents/Resources/jmonkeyplatform/jdk/lib/libmlib_image.dylib
0x00007ffa213e8000 	/System/Library/Frameworks/JavaRuntimeSupport.framework/Versions/A/JavaRuntimeSupport
0x00007ff90770b000 	/System/Library/Frameworks/Carbon.framework/Versions/A/Carbon
0x00007ff81f4cf000 	/System/Library/Frameworks/Carbon.framework/Versions/A/Frameworks/CommonPanels.framework/Versions/A/CommonPanels
0x00007ff81accc000 	/System/Library/Frameworks/Carbon.framework/Versions/A/Frameworks/Help.framework/Versions/A/Help
0x00007ff81f4d3000 	/System/Library/Frameworks/Carbon.framework/Versions/A/Frameworks/ImageCapture.framework/Versions/A/ImageCapture
0x00007ff81f4ab000 	/System/Library/Frameworks/Carbon.framework/Versions/A/Frameworks/OpenScripting.framework/Versions/A/OpenScripting
0x00007ff81f4cb000 	/System/Library/Frameworks/Carbon.framework/Versions/A/Frameworks/Ink.framework/Versions/A/Ink
0x00007ff81f4c7000 	/System/Library/Frameworks/Carbon.framework/Versions/A/Frameworks/SecurityHI.framework/Versions/A/SecurityHI
0x0000000179f76000 	/Applications/jmonkeyplatform.app/Contents/Resources/jmonkeyplatform/jdk/lib/libawt_lwawt.dylib
0x000000013298f000 	/Applications/jmonkeyplatform.app/Contents/Resources/jmonkeyplatform/jdk/lib/libosxapp.dylib
0x00007ff90685c000 	/System/Library/Frameworks/ExceptionHandling.framework/Versions/A/ExceptionHandling
0x000000017a252000 	/Applications/jmonkeyplatform.app/Contents/Resources/jmonkeyplatform/jdk/lib/libfontmanager.dylib
0x0000000132d91000 	/Applications/jmonkeyplatform.app/Contents/Resources/jmonkeyplatform/jdk/lib/libfreetype.dylib
0x00007ff818637000 	/System/Library/Frameworks/FileProvider.framework/Versions/A/FileProvider
0x00007ff80931d000 	/System/Library/Frameworks/Accounts.framework/Versions/A/Accounts
0x00007ff8187e6000 	/System/Library/PrivateFrameworks/GenerationalStorage.framework/Versions/A/GenerationalStorage
0x00007ff818045000 	/System/Library/PrivateFrameworks/SymptomDiagnosticReporter.framework/Versions/A/SymptomDiagnosticReporter
0x00007ff806f8b000 	/System/Library/PrivateFrameworks/DesktopServicesPriv.framework/Versions/A/DesktopServicesPriv
0x00007ff805937000 	/usr/lib/libsandbox.1.dylib
0x00007ff813908000 	/System/Library/PrivateFrameworks/NetAuth.framework/Versions/A/NetAuth
0x00007ff814c0b000 	/System/Library/PrivateFrameworks/Sharing.framework/Versions/A/Sharing
0x00007ff80b632000 	/System/Library/PrivateFrameworks/login.framework/Versions/A/Frameworks/loginsupport.framework/Versions/A/loginsupport
0x00007ff81a7de000 	/System/Library/PrivateFrameworks/Apple80211.framework/Versions/A/Apple80211
0x00007ff80f4cd000 	/System/Library/PrivateFrameworks/AuthKit.framework/Versions/A/AuthKit
0x00007ff80ea0c000 	/System/Library/Frameworks/CoreWLAN.framework/Versions/A/CoreWLAN
0x00007ff9089b1000 	/usr/lib/swift/libswiftCoreAudio.dylib
0x00007ff90dd9c000 	/usr/lib/swift/libswiftCoreLocation.dylib
0x00007ff811293000 	/usr/lib/libIOReport.dylib
0x00007ff81a7e2000 	/System/Library/PrivateFrameworks/CoreWiFi.framework/Versions/A/CoreWiFi
0x00007ffa0f0c5000 	/System/Library/PrivateFrameworks/WiFiPeerToPeer.framework/Versions/A/WiFiPeerToPeer
0x00007ff80f673000 	/System/Library/Frameworks/UserNotifications.framework/Versions/A/UserNotifications
0x00007ff813e09000 	/System/Library/PrivateFrameworks/CorePhoneNumbers.framework/Versions/A/CorePhoneNumbers
0x00007ff8135e3000 	/System/Library/PrivateFrameworks/MultiverseSupport.framework/Versions/A/MultiverseSupport
0x00007ff81ac1b000 	/System/Library/PrivateFrameworks/RemoteServiceDiscovery.framework/Versions/A/RemoteServiceDiscovery
0x00007ff818160000 	/System/Library/PrivateFrameworks/DiskManagement.framework/Versions/A/DiskManagement
0x00007ff818078000 	/System/Library/PrivateFrameworks/AppleIDAuthSupport.framework/Versions/A/AppleIDAuthSupport
0x00007ffb05850000 	/System/Library/PrivateFrameworks/AAAFoundation.framework/Versions/A/AAAFoundation
0x00007ff813dde000 	/System/Library/PrivateFrameworks/KeychainCircle.framework/Versions/A/KeychainCircle
0x00007ff81ac2f000 	/System/Library/PrivateFrameworks/RemoteXPC.framework/Versions/A/RemoteXPC
0x00007ff81acd4000 	/usr/lib/libcsfde.dylib
0x00007ff81143c000 	/usr/lib/libCoreStorage.dylib
0x00007ff81812c000 	/System/Library/PrivateFrameworks/MediaKit.framework/Versions/A/MediaKit
0x00007ff818084000 	/System/Library/Frameworks/DiscRecording.framework/Versions/A/DiscRecording
0x00007ff815028000 	/System/Library/PrivateFrameworks/ProtectedCloudStorage.framework/Versions/A/ProtectedCloudStorage
0x00007ff81acd0000 	/System/Library/PrivateFrameworks/EFILogin.framework/Versions/A/EFILogin
0x00007ff81880e000 	/System/Library/PrivateFrameworks/OctagonTrust.framework/Versions/A/OctagonTrust
0x00007ff80cb8f000 	/System/Library/Frameworks/CoreLocation.framework/Versions/A/CoreLocation
0x00007ff815280000 	/System/Library/PrivateFrameworks/GeoServices.framework/Versions/A/GeoServices
0x00007ff8132a1000 	/System/Library/PrivateFrameworks/LocationSupport.framework/Versions/A/LocationSupport
0x00007ffb13acb000 	/System/Library/PrivateFrameworks/GeoServicesCore.framework/Versions/A/GeoServicesCore
0x00007ff90367a000 	/System/Library/PrivateFrameworks/PhoneNumbers.framework/Versions/A/PhoneNumbers
0x00007ff811434000 	/usr/lib/libMatch.1.dylib
0x00007ff911605000 	/System/Library/CoreServices/RawCamera.bundle/Contents/MacOS/RawCamera
0x00007ff813ce3000 	/System/Library/PrivateFrameworks/MobileAsset.framework/Versions/A/MobileAsset
0x00007ffb07519000 	/System/Library/PrivateFrameworks/AppleJPEGXL.framework/Versions/A/AppleJPEGXL
0x00007ff90e701000 	/System/Library/PrivateFrameworks/SoftwareUpdateCoreSupport.framework/Versions/A/SoftwareUpdateCoreSupport
0x00007ff915daa000 	/System/Library/PrivateFrameworks/SoftwareUpdateCoreConnect.framework/Versions/A/SoftwareUpdateCoreConnect
0x00007ff81b3d5000 	/System/Library/PrivateFrameworks/StreamingZip.framework/Versions/A/StreamingZip
0x00007ff90e390000 	/System/Library/PrivateFrameworks/MSUDataAccessor.framework/Versions/A/MSUDataAccessor
0x00007ff90a51d000 	/usr/lib/libbootpolicy.dylib
0x00007ff91c886000 	/usr/lib/libpartition2_dynamic.dylib
0x00007ffb08ad7000 	/System/Library/PrivateFrameworks/CMPhoto.framework/Versions/A/CMPhoto
0x00007ff81926c000 	/System/Library/PrivateFrameworks/AppleVPA.framework/Versions/A/AppleVPA
0x00007ff812429000 	/System/Library/Frameworks/MediaToolbox.framework/Versions/A/MediaToolbox
0x00007ff818607000 	/System/Library/PrivateFrameworks/CoreAVCHD.framework/Versions/A/CoreAVCHD
0x00007ff818603000 	/System/Library/PrivateFrameworks/Mangrove.framework/Versions/A/Mangrove
0x00007ff818b9e000 	/System/Library/Frameworks/CoreTelephony.framework/Versions/A/CoreTelephony
0x00007ff818248000 	/System/Library/PrivateFrameworks/CoreAUC.framework/Versions/A/CoreAUC
0x00007ff813e12000 	/usr/lib/libTelephonyUtilDynamic.dylib
0x00007ff90dd7f000 	/System/Library/Frameworks/Accelerate.framework/Versions/A/Frameworks/vImage.framework/Versions/A/Libraries/libCGInterfaces.dylib
0x000000017d3cd000 	/usr/lib/libobjc-trampolines.dylib
0x00007ffc1170f000 	/usr/lib/libAccessibilityBaseImplementations.dylib
0x00007ff8117ae000 	/System/Library/PrivateFrameworks/login.framework/Versions/A/login
0x00007ff8190c6000 	/System/Library/Frameworks/LocalAuthentication.framework/Versions/A/LocalAuthentication
0x00007ffb1890d000 	/System/Library/PrivateFrameworks/LocalAuthenticationCore.framework/Versions/A/LocalAuthenticationCore
0x00007ff819107000 	/System/Library/Frameworks/LocalAuthentication.framework/Support/SharedUtils.framework/Versions/A/SharedUtils
0x00007ff819065000 	/System/Library/Frameworks/CryptoTokenKit.framework/Versions/A/CryptoTokenKit
0x00007ff80b344000 	/System/Library/PrivateFrameworks/ViewBridge.framework/Versions/A/ViewBridge
0x00007ffb061cc000 	/System/Library/PrivateFrameworks/AccessibilityBundles.framework/Versions/A/AccessibilityBundles
0x00007ffa1a3e9000 	/System/Library/Frameworks/OpenGL.framework/Versions/A/Resources/GLEngine.bundle/GLEngine
0x00007ffa1a25c000 	/System/Library/Frameworks/OpenGL.framework/Versions/A/Libraries/libGLProgrammability.dylib
0x000000017e05b000 	/System/Library/Extensions/AppleMetalOpenGLRenderer.bundle/Contents/MacOS/AppleMetalOpenGLRenderer
0x00007ffa1a559000 	/System/Library/Frameworks/OpenGL.framework/Versions/A/Resources/GLRendererFloat.bundle/GLRendererFloat
0x00007ffa1b4e0000 	/System/Library/Extensions/AGXMetal13_3.bundle/Contents/MacOS/AGXMetal13_3
0x00007ff9025b4000 	/System/Library/PrivateFrameworks/IOGPU.framework/Versions/A/IOGPU
0x000000017e363000 	/Applications/jmonkeyplatform.app/Contents/Resources/jmonkeyplatform/jdk/lib/libosxui.dylib
0x000000017e3e9000 	/Applications/jmonkeyplatform.app/Contents/Resources/jmonkeyplatform/jdk/lib/libprefs.dylib
0x00007ffc056a5000 	/System/Library/PrivateFrameworks/TextInputUI.framework/Versions/A/TextInputUI
0x00007ffc056ad000 	/System/Library/PrivateFrameworks/TextInputUIMacHelper.framework/Versions/A/TextInputUIMacHelper
0x00000001f2f23000 	/Users/jasonsmacbookpro/Desktop/JHU/JHU 2024-2025/Game Development/Game Project/GameProgrammingProject/Perpetuality/libopenal.dylib
0x00000001f2fc6000 	/Users/jasonsmacbookpro/Desktop/JHU/JHU 2024-2025/Game Development/Game Project/GameProgrammingProject/Perpetuality/liblwjgl.dylib
0x00000001f2e8a000 	/Applications/jmonkeyplatform.app/Contents/Resources/jmonkeyplatform/jdk/lib/libjawt.dylib


VM Arguments:
jvm_args: -Dfile.encoding=UTF-8 --module-path=/Users/jasonsmacbookpro/Desktop/JHU/JHU 2024-2025/Game Development/Game Project/GameProgrammingProject/Perpetuality/build/classes 
java_command: mygame.Main
java_class_path (initial): /Applications/jmonkeyplatform.app/Contents/Resources/jmonkeyplatform/jmonkeyplatform/libs/jme3-jogg-3.6.1-stable.jar:/Applications/jmonkeyplatform.app/Contents/Resources/jmonkeyplatform/jmonkeyplatform/libs/j-ogg-vorbis-1.0.3.jar:/Applications/jmonkeyplatform.app/Contents/Resources/jmonkeyplatform/jmonkeyplatform/libs/jme3-networking-3.6.1-stable.jar:/Applications/jmonkeyplatform.app/Contents/Resources/jmonkeyplatform/jmonkeyplatform/libs/jme3-plugins-3.6.1-stable.jar:/Applications/jmonkeyplatform.app/Contents/Resources/jmonkeyplatform/jmonkeyplatform/libs/gson-2.9.1.jar:/Applications/jmonkeyplatform.app/Contents/Resources/jmonkeyplatform/jmonkeyplatform/libs/jme3-core-3.6.1-stable.jar:/Applications/jmonkeyplatform.app/Contents/Resources/jmonkeyplatform/jmonkeyplatform/libs/jme3-desktop-3.6.1-stable.jar:/Applications/jmonkeyplatform.app/Contents/Resources/jmonkeyplatform/jmonkeyplatform/libs/jme3-lwjgl-3.6.1-stable.jar:/Applications/jmonkeyplatform.app/Contents/Resources/jmonkeyplatform/jmonkeyplatform/libs/lwjgl-platform-2.9.5-natives-windows.jar:/Applications/jmonkeyplatform.app/Contents/Resources/jmonkeyplatform/jmonkeyplatform/libs/lwjgl-platform-2.9.5-natives-linux.jar:/Applications/jmonkeyplatform.app/Contents/Resources/jmonkeyplatform/jmonkeyplatform/libs/lwjgl-platform-2.9.5-natives-osx.jar:/Applications/jmonkeyplatform.app/Contents/Resources/jmonkeyplatform/jmonkeyplatform/libs/jinput-2.0.9.jar:/Applications/jmonkeyplatform.app/Contents/Resources/jmonkeyplatform/jmonkeyplatform/libs/jinput-2.0.9-natives-all.jar:/Applications/jmonkeyplatform.app/Contents/Resources/jmonkeyplatform/jmonkeyplatform/libs/lwjgl-2.9.5.jar:/Applications/jmonkeyplatform.app/Contents/Resources/jmonkeyplatform/jmonkeyplatform/libs/jme3-effects-3.6.1-stable.jar:/Applications/jmonkeyplatform.app/Contents/Resources/jmonkeyplatform/jmonkeyplatform/libs/jme3-terrain-3.6.1-stable.jar:/Applications/jmonkeyplatform.app/Contents/Resources/jmonkeyplatform/jmonkeypla
Launcher Type: SUN_STANDARD

[Global flags]
     intx CICompilerCount                          = 4                                         {product} {ergonomic}
     uint ConcGCThreads                            = 2                                         {product} {ergonomic}
     uint G1ConcRefinementThreads                  = 8                                         {product} {ergonomic}
   size_t G1HeapRegionSize                         = 2097152                                   {product} {ergonomic}
    uintx GCDrainStackTargetSize                   = 64                                        {product} {ergonomic}
   size_t InitialHeapSize                          = 268435456                                 {product} {ergonomic}
   size_t MarkStackSize                            = 4194304                                   {product} {ergonomic}
   size_t MaxHeapSize                              = 4294967296                                {product} {ergonomic}
   size_t MaxNewSize                               = 2575302656                                {product} {ergonomic}
   size_t MinHeapDeltaBytes                        = 2097152                                   {product} {ergonomic}
   size_t MinHeapSize                              = 8388608                                   {product} {ergonomic}
    uintx NonNMethodCodeHeapSize                   = 5839372                                {pd product} {ergonomic}
    uintx NonProfiledCodeHeapSize                  = 122909434                              {pd product} {ergonomic}
    uintx ProfiledCodeHeapSize                     = 122909434                              {pd product} {ergonomic}
    uintx ReservedCodeCacheSize                    = 251658240                              {pd product} {ergonomic}
     bool SegmentedCodeCache                       = true                                      {product} {ergonomic}
   size_t SoftMaxHeapSize                          = 4294967296                             {manageable} {ergonomic}
     bool UseCompressedClassPointers               = true                           {product lp64_product} {ergonomic}
     bool UseCompressedOops                        = true                           {product lp64_product} {ergonomic}
     bool UseG1GC                                  = true                                      {product} {ergonomic}
     bool UseNUMA                                  = false                                     {product} {ergonomic}
     bool UseNUMAInterleaving                      = false                                     {product} {ergonomic}

Logging:
Log output configuration:
 #0: stdout all=warning uptime,level,tags
 #1: stderr all=off uptime,level,tags

Environment Variables:
PATH=/usr/bin:/bin:/usr/sbin:/sbin
SHELL=/bin/zsh
DISPLAY=/private/tmp/com.apple.launchd.Klv5TnuPme/org.xquartz:0
LC_CTYPE=UTF-8
TMPDIR=/var/folders/22/jswck5pj1wjb9_j0f0ky929w0000gn/T/

Active Locale:
LC_ALL=C/UTF-8/C/C/C/C
LC_COLLATE=C
LC_CTYPE=UTF-8
LC_MESSAGES=C
LC_MONETARY=C
LC_NUMERIC=C
LC_TIME=C

Signal Handlers:
   SIGSEGV: crash_handler in libjvm.dylib, mask=11100110100111111111111111111111, flags=SA_RESTART|SA_SIGINFO, unblocked
    SIGBUS: crash_handler in libjvm.dylib, mask=11100110100111111111111111111111, flags=SA_RESTART|SA_SIGINFO, unblocked
    SIGFPE: crash_handler in libjvm.dylib, mask=11100110100111111111111111111111, flags=SA_RESTART|SA_SIGINFO, unblocked
   SIGPIPE: javaSignalHandler in libjvm.dylib, mask=11100110100111111111111111111111, flags=SA_RESTART|SA_SIGINFO, blocked
   SIGXFSZ: javaSignalHandler in libjvm.dylib, mask=11100110100111111111111111111111, flags=SA_RESTART|SA_SIGINFO, blocked
    SIGILL: crash_handler in libjvm.dylib, mask=11100110100111111111111111111111, flags=SA_RESTART|SA_SIGINFO, unblocked
   SIGUSR2: SR_handler in libjvm.dylib, mask=00100000000000000000000000000000, flags=SA_RESTART|SA_SIGINFO, blocked
    SIGHUP: UserHandler in libjvm.dylib, mask=11100110100111111111111111111111, flags=SA_RESTART|SA_SIGINFO, blocked
    SIGINT: SIG_IGN, mask=11111111011111110111111111111111, flags=none, blocked
   SIGTERM: UserHandler in libjvm.dylib, mask=11100110100111111111111111111111, flags=SA_RESTART|SA_SIGINFO, blocked
   SIGQUIT: UserHandler in libjvm.dylib, mask=11100110100111111111111111111111, flags=SA_RESTART|SA_SIGINFO, blocked
   SIGTRAP: crash_handler in libjvm.dylib, mask=11100110100111111111111111111111, flags=SA_RESTART|SA_SIGINFO, unblocked


---------------  S Y S T E M  ---------------

OS:
uname: Darwin 23.2.0 Darwin Kernel Version 23.2.0: Wed Nov 15 21:53:34 PST 2023; root:xnu-10002.61.3~2/RELEASE_ARM64_T8103 x86_64
OS uptime: 145 days 23:50 hours
rlimit (soft/hard): STACK 8176k/65520k , CORE 0k/infinity , NPROC 2666/4000 , NOFILE 12544/infinity , AS infinity/infinity , CPU infinity/infinity , DATA infinity/infinity , FSIZE infinity/infinity , MEMLOCK infinity/infinity , RSS infinity/infinity
load average: 3.44 2.13 2.16

CPU: (EMULATED) total 8 (initial active 8) (1 cores per cpu, 1 threads per core) family 6 model 44 stepping 0 microcode 0x0, cx8, cmov, fxsr, mmx, sse, sse2, sse3, ssse3, sse4.1, sse4.2, popcnt, tsc, tscinvbit, aes, clmul, clflush
machdep.cpu.brand_string:Apple M1
hw.cpufrequency:2400000000
hw.cpufrequency_min:2400000000
hw.cpufrequency_max:2400000000
hw.cachelinesize:64
hw.l1icachesize:131072
hw.l1dcachesize:65536
hw.l2cachesize:4194304

Memory: 4k page, physical 16777216k(67180k free), swap 9437184k(490432k free)

vm_info: OpenJDK 64-Bit Server VM (17.0.8.1+1) for bsd-amd64 JRE (17.0.8.1+1), built on Aug 23 2023 15:17:19 by "admin" with clang 4.2.1 Compatible Apple LLVM 10.0.1 (clang-1001.0.46.4)

END.
